E:\code2.0\\bin\Release\Bang_DatabaseEngine.dll
E:\code2.0\\bin\Release\Bang_DatabaseEngine.pdb
E:\CODE2.0\BIN\RELEASE\BANG_DATABASEENGINE.DLL
E:\code2.0\bin\Release\Bang_DatabaseEngine.exp
E:\code2.0\bin\Release\Bang_DatabaseEngine.lib
E:\CODE2.0\JNI\SRC\BANG\BANG_DATABASEENGINE\RELEASE\BANG_DATABASEENGINE.DLL.INTERMEDIATE.MANIFEST
E:\code2.0\jni\src\bang\Bang_DatabaseEngine\Release\Bang_DatabaseEngine.write.1.tlog
E:\CODE2.0\JNI\SRC\BANG\BANG_DATABASEENGINE\RELEASE\BANGSQLITEDATABASE.OBJ
E:\CODE2.0\JNI\SRC\BANG\BANG_DATABASEENGINE\RELEASE\BANGSQLITEDATABASEMANAGER.OBJ
E:\code2.0\jni\src\bang\Bang_DatabaseEngine\Release\cl.command.1.tlog
E:\code2.0\jni\src\bang\Bang_DatabaseEngine\Release\CL.read.1.tlog
E:\code2.0\jni\src\bang\Bang_DatabaseEngine\Release\CL.write.1.tlog
E:\CODE2.0\JNI\SRC\BANG\BANG_DATABASEENGINE\RELEASE\ESCAPEROUTEDATASET.OBJ
E:\CODE2.0\JNI\SRC\BANG\BANG_DATABASEENGINE\RELEASE\ESCAPEROUTEFEATURE.OBJ
E:\CODE2.0\JNI\SRC\BANG\BANG_DATABASEENGINE\RELEASE\LANEWAYSECTIONDATASET.OBJ
E:\CODE2.0\JNI\SRC\BANG\BANG_DATABASEENGINE\RELEASE\LANEWAYSECTIONFEATURE.OBJ
E:\code2.0\jni\src\bang\Bang_DatabaseEngine\Release\link.command.1.tlog
E:\code2.0\jni\src\bang\Bang_DatabaseEngine\Release\link.read.1.tlog
E:\code2.0\jni\src\bang\Bang_DatabaseEngine\Release\link.write.1.tlog
E:\code2.0\jni\src\bang\Bang_DatabaseEngine\Release\mt.command.1.tlog
E:\code2.0\jni\src\bang\Bang_DatabaseEngine\Release\mt.read.1.tlog
E:\code2.0\jni\src\bang\Bang_DatabaseEngine\Release\mt.write.1.tlog
E:\CODE2.0\JNI\SRC\BANG\BANG_DATABASEENGINE\RELEASE\PROJECTDATASET.OBJ
E:\CODE2.0\JNI\SRC\BANG\BANG_DATABASEENGINE\RELEASE\PROJECTFEATURE.OBJ
E:\CODE2.0\JNI\SRC\BANG\BANG_DATABASEENGINE\RELEASE\ROCKLAYERFEATURE.OBJ
E:\CODE2.0\JNI\SRC\BANG\BANG_DATABASEENGINE\RELEASE\SHOTHOLEDATASET.OBJ
E:\CODE2.0\JNI\SRC\BANG\BANG_DATABASEENGINE\RELEASE\SHOTHOLEFEATURE.OBJ
E:\CODE2.0\JNI\SRC\BANG\BANG_DATABASEENGINE\RELEASE\VC100.PDB
