E:\CODE2.0\BIN\DEBUG\VTBANGDATASOURCETREEWIDGET_D.DLL
E:\code2.0\bin\Debug\VTBangDataSourceTreeWidget_d.exp
E:\CODE2.0\BIN\DEBUG\VTBANGDATASOURCETREEWIDGET_D.ILK
E:\code2.0\bin\Debug\VTBangDataSourceTreeWidget_d.lib
E:\CODE2.0\BIN\DEBUG\VTBANGDATASOURCETREEWIDGET_D.PDB
E:\CODE2.0\JNI\SRC\VR_PLUGINS\VTBANGDATASOURCETREEWIDGET\DEBUG\MOC_VTBANGDATASOURCETREEWIDGET.OBJ
E:\CODE2.0\JNI\SRC\VR_PLUGINS\VTBANGDATASOURCETREEWIDGET\DEBUG\MOC_VTBANGDATASOURCETREEWIDGETPLUGIN.OBJ
E:\CODE2.0\JNI\SRC\VR_PLUGINS\VTBANGDATASOURCETREEWIDGET\DEBUG\VC100.PDB
E:\CODE2.0\JNI\SRC\VR_PLUGINS\VTBANGDATASOURCETREEWIDGET\DEBUG\VTBANGDATASOURCETREEWIDGET.OBJ
E:\CODE2.0\JNI\SRC\VR_PLUGINS\VTBANGDATASOURCETREEWIDGET\DEBUG\VTBANGDATASOURCETREEWIDGET_D.DLL.INTERMEDIATE.MANIFEST
E:\CODE2.0\JNI\SRC\VR_PLUGINS\VTBANGDATASOURCETREEWIDGET\DEBUG\VTBANGDATASOURCETREEWIDGETPLUGIN.OBJ
E:\CODE2.0\JNI\SRC\VR_PLUGINS\VTBANGDATASOURCETREEWIDGET\GENERATEDFILES\DEBUG\MOC_VTBANGDATASOURCETREEWIDGET.CPP
E:\CODE2.0\JNI\SRC\VR_PLUGINS\VTBANGDATASOURCETREEWIDGET\GENERATEDFILES\DEBUG\MOC_VTBANGDATASOURCETREEWIDGETPLUGIN.CPP
F:\矿大\爆破项目\code2.1\code2.0\\bin\Debug\VTBangDataSourceTreeWidget_d.dll
F:\矿大\爆破项目\code2.1\code2.0\\bin\Debug\VTBangDataSourceTreeWidget_d.ilk
F:\矿大\爆破项目\code2.1\code2.0\\bin\Debug\VTBangDataSourceTreeWidget_d.pdb
F:\矿大\爆破项目\CODE2.1\CODE2.0\BIN\DEBUG\VTBANGDATASOURCETREEWIDGET_D.DLL
F:\矿大\爆破项目\code2.1\code2.0\bin\Debug\VTBangDataSourceTreeWidget_d.exp
F:\矿大\爆破项目\CODE2.1\CODE2.0\BIN\DEBUG\VTBANGDATASOURCETREEWIDGET_D.ILK
F:\矿大\爆破项目\code2.1\code2.0\bin\Debug\VTBangDataSourceTreeWidget_d.lib
F:\矿大\爆破项目\CODE2.1\CODE2.0\BIN\DEBUG\VTBANGDATASOURCETREEWIDGET_D.PDB
F:\矿大\爆破项目\code2.1\code2.0\jni\src\VR_Plugins\VTBangDataSourceTreeWidget\Debug\cl.command.1.tlog
F:\矿大\爆破项目\code2.1\code2.0\jni\src\VR_Plugins\VTBangDataSourceTreeWidget\Debug\CL.read.1.tlog
F:\矿大\爆破项目\code2.1\code2.0\jni\src\VR_Plugins\VTBangDataSourceTreeWidget\Debug\CL.write.1.tlog
F:\矿大\爆破项目\code2.1\code2.0\jni\src\VR_Plugins\VTBangDataSourceTreeWidget\Debug\custombuild.command.1.tlog
F:\矿大\爆破项目\code2.1\code2.0\jni\src\VR_Plugins\VTBangDataSourceTreeWidget\Debug\custombuild.read.1.tlog
F:\矿大\爆破项目\code2.1\code2.0\jni\src\VR_Plugins\VTBangDataSourceTreeWidget\Debug\custombuild.write.1.tlog
F:\矿大\爆破项目\code2.1\code2.0\jni\src\VR_Plugins\VTBangDataSourceTreeWidget\Debug\link.command.1.tlog
F:\矿大\爆破项目\code2.1\code2.0\jni\src\VR_Plugins\VTBangDataSourceTreeWidget\Debug\link.read.1.tlog
F:\矿大\爆破项目\code2.1\code2.0\jni\src\VR_Plugins\VTBangDataSourceTreeWidget\Debug\link.write.1.tlog
F:\矿大\爆破项目\CODE2.1\CODE2.0\JNI\SRC\VR_PLUGINS\VTBANGDATASOURCETREEWIDGET\DEBUG\MOC_VTBANGDATASOURCETREEWIDGET.OBJ
F:\矿大\爆破项目\CODE2.1\CODE2.0\JNI\SRC\VR_PLUGINS\VTBANGDATASOURCETREEWIDGET\DEBUG\MOC_VTBANGDATASOURCETREEWIDGETPLUGIN.OBJ
F:\矿大\爆破项目\code2.1\code2.0\jni\src\VR_Plugins\VTBangDataSourceTreeWidget\Debug\mt.command.1.tlog
F:\矿大\爆破项目\code2.1\code2.0\jni\src\VR_Plugins\VTBangDataSourceTreeWidget\Debug\mt.read.1.tlog
F:\矿大\爆破项目\code2.1\code2.0\jni\src\VR_Plugins\VTBangDataSourceTreeWidget\Debug\mt.write.1.tlog
F:\矿大\爆破项目\CODE2.1\CODE2.0\JNI\SRC\VR_PLUGINS\VTBANGDATASOURCETREEWIDGET\DEBUG\VC100.PDB
F:\矿大\爆破项目\CODE2.1\CODE2.0\JNI\SRC\VR_PLUGINS\VTBANGDATASOURCETREEWIDGET\DEBUG\VTBANGDATASOURCETREEWIDGET.OBJ
F:\矿大\爆破项目\code2.1\code2.0\jni\src\VR_Plugins\VTBangDataSourceTreeWidget\Debug\VTBangDataSourceTreeWidget.vcxprojResolveAssemblyReference.cache
F:\矿大\爆破项目\code2.1\code2.0\jni\src\VR_Plugins\VTBangDataSourceTreeWidget\Debug\VTBangDataSourceTreeWidget.write.1.tlog
F:\矿大\爆破项目\CODE2.1\CODE2.0\JNI\SRC\VR_PLUGINS\VTBANGDATASOURCETREEWIDGET\DEBUG\VTBANGDATASOURCETREEWIDGET_D.DLL.INTERMEDIATE.MANIFEST
F:\矿大\爆破项目\CODE2.1\CODE2.0\JNI\SRC\VR_PLUGINS\VTBANGDATASOURCETREEWIDGET\DEBUG\VTBANGDATASOURCETREEWIDGETPLUGIN.OBJ
F:\矿大\爆破项目\CODE2.1\CODE2.0\JNI\SRC\VR_PLUGINS\VTBANGDATASOURCETREEWIDGET\GENERATEDFILES\DEBUG\MOC_VRDATASOURCETREEWIDGET.CPP
F:\矿大\爆破项目\CODE2.1\CODE2.0\JNI\SRC\VR_PLUGINS\VTBANGDATASOURCETREEWIDGET\GENERATEDFILES\DEBUG\MOC_VRDATASOURCETREEWIDGETPLUGIN.CPP
F:\矿大\爆破项目\CODE2.1\CODE2.0\JNI\SRC\VR_PLUGINS\VTBANGDATASOURCETREEWIDGET\GENERATEDFILES\DEBUG\MOC_VTBANGDATASOURCETREEWIDGET.CPP
F:\矿大\爆破项目\CODE2.1\CODE2.0\JNI\SRC\VR_PLUGINS\VTBANGDATASOURCETREEWIDGET\GENERATEDFILES\DEBUG\MOC_VTBANGDATASOURCETREEWIDGETPLUGIN.CPP
