生成启动时间为 15-9-15 10:35:42。
     1>项目“E:\code2.0\jni\src\VR_Kml\VR_Kml.vcxproj”在节点 3 上(build 个目标)。
     1>InitializeBuildStatus:
         正在创建“Release\VR_Kml.unsuccessfulbuild”，因为已指定“AlwaysCreate”。
       ClCompile:
         所有输出均为最新。
       Link:
         C:\Program Files (x86)\Microsoft Visual Studio 10.0\VC\bin\link.exe /ERRORREPORT:PROMPT /OUT:"E:\code2.0\\bin\Release\VR_Kml.dll" /INCREMENTAL:NO /NOLOGO /LIBPATH:E:\code2.0\\bin\Release\ /LIBPATH:E:\code2.0\\jni\lib\ogre\release /LIBPATH:E:\code2.0\\jni\lib\boost VR_Core.lib OgreMain.lib VR_MathEngine.lib VR_SpatialInterface.lib VR_SpatialEngine.lib VR_SceneControl.lib kernel32.lib user32.lib gdi32.lib winspool.lib comdlg32.lib advapi32.lib shell32.lib ole32.lib oleaut32.lib uuid.lib odbc32.lib odbccp32.lib /MANIFEST /ManifestFile:"Release\VR_Kml.dll.intermediate.manifest" /MANIFESTUAC:"level='asInvoker' uiAccess='false'" /PDB:"E:\code2.0\bin\Release\VR_Kml.pdb" /SUBSYSTEM:WINDOWS /OPT:REF /OPT:ICF /LTCG /TLBID:1 /DYNAMICBASE /NXCOMPAT /IMPLIB:"E:\code2.0\\bin\Release\VR_Kml.lib" /MACHINE:X86 /DLL Release\kmlobject.obj
         Release\tourobject.obj
            正在创建库 E:\code2.0\\bin\Release\VR_Kml.lib 和对象 E:\code2.0\\bin\Release\VR_Kml.exp
         正在生成代码
         已完成代码的生成
         VR_Kml.vcxproj -> E:\code2.0\\bin\Release\VR_Kml.dll
       Manifest:
         C:\Program Files (x86)\Microsoft SDKs\Windows\v7.0A\bin\mt.exe /nologo /verbose /out:"E:\code2.0\\bin\Release\VR_Kml.dll.manifest" /manifest Release\VR_Kml.dll.intermediate.manifest
       FinalizeBuildStatus:
         正在删除文件“Release\VR_Kml.unsuccessfulbuild”。
         正在对“Release\VR_Kml.lastbuildstate”执行 Touch 任务。
     1>已完成生成项目“E:\code2.0\jni\src\VR_Kml\VR_Kml.vcxproj”(build 个目标)的操作。

生成成功。

已用时间 00:00:17.30
