E:\code2.0\\bin\Release\VR_Kml.dll
E:\code2.0\\bin\Release\VR_Kml.dll.manifest
E:\CODE2.0\BIN\RELEASE\VR_KML.DLL
E:\CODE2.0\BIN\RELEASE\VR_KML.DLL.MANIFEST
E:\code2.0\bin\Release\VR_Kml.exp
E:\code2.0\bin\Release\VR_Kml.lib
E:\code2.0\jni\src\VR_Kml\Release\cl.command.1.tlog
E:\code2.0\jni\src\VR_Kml\Release\CL.read.1.tlog
E:\code2.0\jni\src\VR_Kml\Release\CL.write.1.tlog
E:\CODE2.0\JNI\SRC\VR_KML\RELEASE\KMLOBJECT.OBJ
E:\code2.0\jni\src\VR_Kml\Release\link.command.1.tlog
E:\code2.0\jni\src\VR_Kml\Release\link.read.1.tlog
E:\code2.0\jni\src\VR_Kml\Release\link.write.1.tlog
E:\code2.0\jni\src\VR_Kml\Release\mt.command.1.tlog
E:\code2.0\jni\src\VR_Kml\Release\mt.read.1.tlog
E:\code2.0\jni\src\VR_Kml\Release\mt.write.1.tlog
E:\CODE2.0\JNI\SRC\VR_KML\RELEASE\TOUROBJECT.OBJ
E:\CODE2.0\JNI\SRC\VR_KML\RELEASE\VC100.PDB
E:\CODE2.0\JNI\SRC\VR_KML\RELEASE\VR_KML.DLL.INTERMEDIATE.MANIFEST
E:\code2.0\jni\src\VR_Kml\Release\VR_Kml.write.1.tlog
