E:\code2.0\\bin\Release\VR_SystemUI.dll
E:\CODE2.0\BIN\RELEASE\VR_SYSTEMUI.DLL
E:\code2.0\bin\Release\VR_SystemUI.exp
E:\code2.0\bin\Release\VR_SystemUI.lib
E:\code2.0\jni\src\VR_SystemUI\Release\cl.command.1.tlog
E:\code2.0\jni\src\VR_SystemUI\Release\CL.read.1.tlog
E:\code2.0\jni\src\VR_SystemUI\Release\CL.write.1.tlog
E:\CODE2.0\JNI\SRC\VR_SYSTEMUI\RELEASE\FLOODANALYSISTOOL.OBJ
E:\code2.0\jni\src\VR_SystemUI\Release\link.command.1.tlog
E:\code2.0\jni\src\VR_SystemUI\Release\link.read.1.tlog
E:\code2.0\jni\src\VR_SystemUI\Release\link.write.1.tlog
E:\code2.0\jni\src\VR_SystemUI\Release\mt.command.1.tlog
E:\code2.0\jni\src\VR_SystemUI\Release\mt.read.1.tlog
E:\code2.0\jni\src\VR_SystemUI\Release\mt.write.1.tlog
E:\CODE2.0\JNI\SRC\VR_SYSTEMUI\RELEASE\RAYSELECTEDTOOL.OBJ
E:\CODE2.0\JNI\SRC\VR_SYSTEMUI\RELEASE\SHORTESTPATHTOOL.OBJ
E:\CODE2.0\JNI\SRC\VR_SYSTEMUI\RELEASE\VC100.PDB
E:\CODE2.0\JNI\SRC\VR_SYSTEMUI\RELEASE\VR_SYSTEMUI.DLL.INTERMEDIATE.MANIFEST
E:\code2.0\jni\src\VR_SystemUI\Release\VR_SystemUI.vcxprojResolveAssemblyReference.cache
E:\code2.0\jni\src\VR_SystemUI\Release\VR_SystemUI.write.1.tlog
