E:\CODE2.0\BIN\RELEASE\BANG_GENERALUI.EXE
E:\code2.0\bin\Release\Bang_GeneralUI.exp
E:\code2.0\bin\Release\Bang_GeneralUI.lib
E:\CODE2.0\JNI\SRC\BANG\BANG_GENERALUI\BANG_GENERALUI\GENERATEDFILES\QRC_BANG_GENERALUI.CPP
E:\CODE2.0\JNI\SRC\BANG\BANG_GENERALUI\BANG_GENERALUI\GENERATEDFILES\RELEASE\MOC_BLASTINGEFFECTDLG.CPP
E:\CODE2.0\JNI\SRC\BANG\BANG_GENERALUI\BANG_GENERALUI\GENERATEDFILES\RELEASE\MOC_BOREHOLEPARAMETERSDLG.CPP
E:\CODE2.0\JNI\SRC\BANG\BANG_GENERALUI\BANG_GENERALUI\GENERATEDFILES\RELEASE\MOC_CHANGEPASSWORDDLG.CPP
E:\CODE2.0\JNI\SRC\BANG\BANG_GENERALUI\BANG_GENERALUI\GENERATEDFILES\RELEASE\MOC_COALCONDITIONDLG.CPP
E:\CODE2.0\JNI\SRC\BANG\BANG_GENERALUI\BANG_GENERALUI\GENERATEDFILES\RELEASE\MOC_COALMECHANICALPARAMETERSDLG.CPP
E:\CODE2.0\JNI\SRC\BANG\BANG_GENERALUI\BANG_GENERALUI\GENERATEDFILES\RELEASE\MOC_DRILLINGMACHINETYPED_TROLLEYDLG.CPP
E:\CODE2.0\JNI\SRC\BANG\BANG_GENERALUI\BANG_GENERALUI\GENERATEDFILES\RELEASE\MOC_DRILLINGMACHINETYPED_YTDLG.CPP
E:\CODE2.0\JNI\SRC\BANG\BANG_GENERALUI\BANG_GENERALUI\GENERATEDFILES\RELEASE\MOC_EXPLOSIVEINVENTORYDOCUMENTSDLG.CPP
E:\CODE2.0\JNI\SRC\BANG\BANG_GENERALUI\BANG_GENERALUI\GENERATEDFILES\RELEASE\MOC_EXPLOSIVEMAGAZINETABLEDLG.CPP
E:\CODE2.0\JNI\SRC\BANG\BANG_GENERALUI\BANG_GENERALUI\GENERATEDFILES\RELEASE\MOC_LANEWAYSECTIONPAINTDLG.CPP
E:\CODE2.0\JNI\SRC\BANG\BANG_GENERALUI\BANG_GENERALUI\GENERATEDFILES\RELEASE\MOC_LOGINDLG.CPP
E:\CODE2.0\JNI\SRC\BANG\BANG_GENERALUI\BANG_GENERALUI\GENERATEDFILES\RELEASE\MOC_OPENPROJECTDLG.CPP
E:\CODE2.0\JNI\SRC\BANG\BANG_GENERALUI\BANG_GENERALUI\GENERATEDFILES\RELEASE\MOC_PROJECTDESIGNDLG.CPP
E:\CODE2.0\JNI\SRC\BANG\BANG_GENERALUI\BANG_GENERALUI\GENERATEDFILES\RELEASE\MOC_PROJECTSUMMARYDLG.CPP
E:\CODE2.0\JNI\SRC\BANG\BANG_GENERALUI\BANG_GENERALUI\GENERATEDFILES\RELEASE\MOC_SAFEEVACUATIONROUTEDLG.CPP
E:\CODE2.0\JNI\SRC\BANG\BANG_GENERALUI\BANG_GENERALUI\GENERATEDFILES\RELEASE\MOC_USERSINFORMATIONDLG.CPP
E:\CODE2.0\JNI\SRC\BANG\BANG_GENERALUI\BANG_GENERALUI\GENERATEDFILES\UI_BLASTINGEFFECTDLG.H
E:\CODE2.0\JNI\SRC\BANG\BANG_GENERALUI\BANG_GENERALUI\GENERATEDFILES\UI_BOREHOLEPARAMETERSDLG.H
E:\CODE2.0\JNI\SRC\BANG\BANG_GENERALUI\BANG_GENERALUI\GENERATEDFILES\UI_CHANGEPASSWORDDLG.H
E:\CODE2.0\JNI\SRC\BANG\BANG_GENERALUI\BANG_GENERALUI\GENERATEDFILES\UI_COALCONDITIONDLG.H
E:\CODE2.0\JNI\SRC\BANG\BANG_GENERALUI\BANG_GENERALUI\GENERATEDFILES\UI_COALMECHANICALPARAMETERSDLG.H
E:\CODE2.0\JNI\SRC\BANG\BANG_GENERALUI\BANG_GENERALUI\GENERATEDFILES\UI_DRILLINGMACHINETYPED_TROLLEYDLG.H
E:\CODE2.0\JNI\SRC\BANG\BANG_GENERALUI\BANG_GENERALUI\GENERATEDFILES\UI_DRILLINGMACHINETYPED_YTDLG.H
E:\CODE2.0\JNI\SRC\BANG\BANG_GENERALUI\BANG_GENERALUI\GENERATEDFILES\UI_EXPLOSIVEINVENTORYDOCUMENTSDLG.H
E:\CODE2.0\JNI\SRC\BANG\BANG_GENERALUI\BANG_GENERALUI\GENERATEDFILES\UI_EXPLOSIVEMAGAZINETABLEDLG.H
E:\CODE2.0\JNI\SRC\BANG\BANG_GENERALUI\BANG_GENERALUI\GENERATEDFILES\UI_LANEWAYSECTIONPAINTDLG.H
E:\CODE2.0\JNI\SRC\BANG\BANG_GENERALUI\BANG_GENERALUI\GENERATEDFILES\UI_LOGINDLG.H
E:\CODE2.0\JNI\SRC\BANG\BANG_GENERALUI\BANG_GENERALUI\GENERATEDFILES\UI_OPENPROJECTDLG.H
E:\CODE2.0\JNI\SRC\BANG\BANG_GENERALUI\BANG_GENERALUI\GENERATEDFILES\UI_PROJECTDESIGNDLG.H
E:\CODE2.0\JNI\SRC\BANG\BANG_GENERALUI\BANG_GENERALUI\GENERATEDFILES\UI_PROJECTSUMMARYDLG.H
E:\CODE2.0\JNI\SRC\BANG\BANG_GENERALUI\BANG_GENERALUI\GENERATEDFILES\UI_SAFEEVACUATIONROUTEDLG.H
E:\CODE2.0\JNI\SRC\BANG\BANG_GENERALUI\BANG_GENERALUI\GENERATEDFILES\UI_USERSINFORMATIONDLG.H
E:\CODE2.0\JNI\SRC\BANG\BANG_GENERALUI\BANG_GENERALUI\RELEASE\BANG_GENERALUI.DLL.INTERMEDIATE.MANIFEST
E:\code2.0\jni\src\bang\Bang_GeneralUI\Bang_GeneralUI\Release\Bang_GeneralUI.vcxprojResolveAssemblyReference.cache
E:\code2.0\jni\src\bang\Bang_GeneralUI\Bang_GeneralUI\Release\Bang_GeneralUI.write.1.tlog
E:\CODE2.0\JNI\SRC\BANG\BANG_GENERALUI\BANG_GENERALUI\RELEASE\BLASTINGEFFECTDLG.OBJ
E:\CODE2.0\JNI\SRC\BANG\BANG_GENERALUI\BANG_GENERALUI\RELEASE\BOREHOLEPARAMETERSDLG.OBJ
E:\CODE2.0\JNI\SRC\BANG\BANG_GENERALUI\BANG_GENERALUI\RELEASE\CHANGEPASSWORDDLG.OBJ
E:\code2.0\jni\src\bang\Bang_GeneralUI\Bang_GeneralUI\Release\cl.command.1.tlog
E:\code2.0\jni\src\bang\Bang_GeneralUI\Bang_GeneralUI\Release\CL.read.1.tlog
E:\code2.0\jni\src\bang\Bang_GeneralUI\Bang_GeneralUI\Release\CL.write.1.tlog
E:\CODE2.0\JNI\SRC\BANG\BANG_GENERALUI\BANG_GENERALUI\RELEASE\COALCONDITIONDLG.OBJ
E:\CODE2.0\JNI\SRC\BANG\BANG_GENERALUI\BANG_GENERALUI\RELEASE\COALMECHANICALPARAMETERSDLG.OBJ
E:\code2.0\jni\src\bang\Bang_GeneralUI\Bang_GeneralUI\Release\custombuild.command.1.tlog
E:\code2.0\jni\src\bang\Bang_GeneralUI\Bang_GeneralUI\Release\custombuild.read.1.tlog
E:\code2.0\jni\src\bang\Bang_GeneralUI\Bang_GeneralUI\Release\custombuild.write.1.tlog
E:\CODE2.0\JNI\SRC\BANG\BANG_GENERALUI\BANG_GENERALUI\RELEASE\DRILLINGMACHINETYPED_TROLLEYDLG.OBJ
E:\CODE2.0\JNI\SRC\BANG\BANG_GENERALUI\BANG_GENERALUI\RELEASE\DRILLINGMACHINETYPED_YTDLG.OBJ
E:\CODE2.0\JNI\SRC\BANG\BANG_GENERALUI\BANG_GENERALUI\RELEASE\EXPLOSIVEINVENTORYDOCUMENTSDLG.OBJ
E:\CODE2.0\JNI\SRC\BANG\BANG_GENERALUI\BANG_GENERALUI\RELEASE\EXPLOSIVEMAGAZINETABLEDLG.OBJ
E:\CODE2.0\JNI\SRC\BANG\BANG_GENERALUI\BANG_GENERALUI\RELEASE\LANEWAYSECTIONPAINTDLG.OBJ
E:\code2.0\jni\src\bang\Bang_GeneralUI\Bang_GeneralUI\Release\link.command.1.tlog
E:\code2.0\jni\src\bang\Bang_GeneralUI\Bang_GeneralUI\Release\link.read.1.tlog
E:\code2.0\jni\src\bang\Bang_GeneralUI\Bang_GeneralUI\Release\link.write.1.tlog
E:\CODE2.0\JNI\SRC\BANG\BANG_GENERALUI\BANG_GENERALUI\RELEASE\LOGINDLG.OBJ
E:\CODE2.0\JNI\SRC\BANG\BANG_GENERALUI\BANG_GENERALUI\RELEASE\MOC_BLASTINGEFFECTDLG.OBJ
E:\CODE2.0\JNI\SRC\BANG\BANG_GENERALUI\BANG_GENERALUI\RELEASE\MOC_BOREHOLEPARAMETERSDLG.OBJ
E:\CODE2.0\JNI\SRC\BANG\BANG_GENERALUI\BANG_GENERALUI\RELEASE\MOC_CHANGEPASSWORDDLG.OBJ
E:\CODE2.0\JNI\SRC\BANG\BANG_GENERALUI\BANG_GENERALUI\RELEASE\MOC_COALCONDITIONDLG.OBJ
E:\CODE2.0\JNI\SRC\BANG\BANG_GENERALUI\BANG_GENERALUI\RELEASE\MOC_COALMECHANICALPARAMETERSDLG.OBJ
E:\CODE2.0\JNI\SRC\BANG\BANG_GENERALUI\BANG_GENERALUI\RELEASE\MOC_DRILLINGMACHINETYPED_TROLLEYDLG.OBJ
E:\CODE2.0\JNI\SRC\BANG\BANG_GENERALUI\BANG_GENERALUI\RELEASE\MOC_DRILLINGMACHINETYPED_YTDLG.OBJ
E:\CODE2.0\JNI\SRC\BANG\BANG_GENERALUI\BANG_GENERALUI\RELEASE\MOC_EXPLOSIVEINVENTORYDOCUMENTSDLG.OBJ
E:\CODE2.0\JNI\SRC\BANG\BANG_GENERALUI\BANG_GENERALUI\RELEASE\MOC_EXPLOSIVEMAGAZINETABLEDLG.OBJ
E:\CODE2.0\JNI\SRC\BANG\BANG_GENERALUI\BANG_GENERALUI\RELEASE\MOC_LANEWAYSECTIONPAINTDLG.OBJ
E:\CODE2.0\JNI\SRC\BANG\BANG_GENERALUI\BANG_GENERALUI\RELEASE\MOC_LOGINDLG.OBJ
E:\CODE2.0\JNI\SRC\BANG\BANG_GENERALUI\BANG_GENERALUI\RELEASE\MOC_OPENPROJECTDLG.OBJ
E:\CODE2.0\JNI\SRC\BANG\BANG_GENERALUI\BANG_GENERALUI\RELEASE\MOC_PROJECTDESIGNDLG.OBJ
E:\CODE2.0\JNI\SRC\BANG\BANG_GENERALUI\BANG_GENERALUI\RELEASE\MOC_PROJECTSUMMARYDLG.OBJ
E:\CODE2.0\JNI\SRC\BANG\BANG_GENERALUI\BANG_GENERALUI\RELEASE\MOC_SAFEEVACUATIONROUTEDLG.OBJ
E:\CODE2.0\JNI\SRC\BANG\BANG_GENERALUI\BANG_GENERALUI\RELEASE\MOC_USERSINFORMATIONDLG.OBJ
E:\code2.0\jni\src\bang\Bang_GeneralUI\Bang_GeneralUI\Release\mt.command.1.tlog
E:\code2.0\jni\src\bang\Bang_GeneralUI\Bang_GeneralUI\Release\mt.read.1.tlog
E:\code2.0\jni\src\bang\Bang_GeneralUI\Bang_GeneralUI\Release\mt.write.1.tlog
E:\CODE2.0\JNI\SRC\BANG\BANG_GENERALUI\BANG_GENERALUI\RELEASE\OPENPROJECTDLG.OBJ
E:\CODE2.0\JNI\SRC\BANG\BANG_GENERALUI\BANG_GENERALUI\RELEASE\PROJECTDESIGNDLG.OBJ
E:\CODE2.0\JNI\SRC\BANG\BANG_GENERALUI\BANG_GENERALUI\RELEASE\PROJECTSUMMARYDLG.OBJ
E:\CODE2.0\JNI\SRC\BANG\BANG_GENERALUI\BANG_GENERALUI\RELEASE\QRC_BANG_GENERALUI.OBJ
E:\CODE2.0\JNI\SRC\BANG\BANG_GENERALUI\BANG_GENERALUI\RELEASE\SAFEEVACUATIONROUTEDLG.OBJ
E:\CODE2.0\JNI\SRC\BANG\BANG_GENERALUI\BANG_GENERALUI\RELEASE\USERSINFORMATIONDLG.OBJ
