E:\code2.0\\bin\Debug\Bang_Render_d.dll
E:\code2.0\\bin\Debug\Bang_Render_d.ilk
E:\code2.0\\bin\Debug\Bang_Render_d.pdb
E:\CODE2.0\BIN\DEBUG\BANG_RENDER_D.DLL
E:\code2.0\bin\Debug\Bang_Render_d.exp
E:\CODE2.0\BIN\DEBUG\BANG_RENDER_D.ILK
E:\code2.0\bin\Debug\Bang_Render_d.lib
E:\CODE2.0\BIN\DEBUG\BANG_RENDER_D.PDB
E:\code2.0\jni\src\bang\Bang_Render\Debug\Bang_Render.vcxprojResolveAssemblyReference.cache
E:\code2.0\jni\src\bang\Bang_Render\Debug\Bang_Render.write.1.tlog
E:\CODE2.0\JNI\SRC\BANG\BANG_RENDER\DEBUG\BANG_RENDER_D.DLL.INTERMEDIATE.MANIFEST
E:\code2.0\jni\src\bang\Bang_Render\Debug\cl.command.1.tlog
E:\code2.0\jni\src\bang\Bang_Render\Debug\CL.read.1.tlog
E:\code2.0\jni\src\bang\Bang_Render\Debug\CL.write.1.tlog
E:\CODE2.0\JNI\SRC\BANG\BANG_RENDER\DEBUG\EMBRASURE_GEOMETRY.OBJ
E:\CODE2.0\JNI\SRC\BANG\BANG_RENDER\DEBUG\EMBRASURE_LAYER.OBJ
E:\CODE2.0\JNI\SRC\BANG\BANG_RENDER\DEBUG\EMBRASURE_MESHCREATOR.OBJ
E:\CODE2.0\JNI\SRC\BANG\BANG_RENDER\DEBUG\EMBRASURE_OBJECT.OBJ
E:\CODE2.0\JNI\SRC\BANG\BANG_RENDER\DEBUG\EMBRASURE_PROPERTY.OBJ
E:\CODE2.0\JNI\SRC\BANG\BANG_RENDER\DEBUG\EMBRASURE_RENDEROBJECT.OBJ
E:\code2.0\jni\src\bang\Bang_Render\Debug\link.command.1.tlog
E:\code2.0\jni\src\bang\Bang_Render\Debug\link.read.1.tlog
E:\code2.0\jni\src\bang\Bang_Render\Debug\link.write.1.tlog
E:\code2.0\jni\src\bang\Bang_Render\Debug\mt.command.1.tlog
E:\code2.0\jni\src\bang\Bang_Render\Debug\mt.read.1.tlog
E:\code2.0\jni\src\bang\Bang_Render\Debug\mt.write.1.tlog
E:\code2.0\jni\src\bang\Bang_Render\Debug\vc100.idb
E:\CODE2.0\JNI\SRC\BANG\BANG_RENDER\DEBUG\VC100.PDB
