E:\code2.0\\bin\Debug\VR_SystemUI_d.dll
E:\code2.0\\bin\Debug\VR_SystemUI_d.dll.manifest
E:\code2.0\\bin\Debug\VR_SystemUI_d.ilk
E:\code2.0\\bin\Debug\VR_SystemUI_d.pdb
E:\CODE2.0\BIN\DEBUG\VR_SYSTEMUI_D.DLL
E:\CODE2.0\BIN\DEBUG\VR_SYSTEMUI_D.DLL.MANIFEST
E:\code2.0\bin\Debug\VR_SystemUI_d.exp
E:\CODE2.0\BIN\DEBUG\VR_SYSTEMUI_D.ILK
E:\code2.0\bin\Debug\VR_SystemUI_d.lib
E:\CODE2.0\BIN\DEBUG\VR_SYSTEMUI_D.PDB
E:\code2.0\jni\src\VR_SystemUI\Debug\cl.command.1.tlog
E:\code2.0\jni\src\VR_SystemUI\Debug\CL.read.1.tlog
E:\code2.0\jni\src\VR_SystemUI\Debug\CL.write.1.tlog
E:\CODE2.0\JNI\SRC\VR_SYSTEMUI\DEBUG\FLOODANALYSISTOOL.OBJ
E:\code2.0\jni\src\VR_SystemUI\Debug\link.11344.read.1.tlog
E:\code2.0\jni\src\VR_SystemUI\Debug\link.11344.write.1.tlog
E:\code2.0\jni\src\VR_SystemUI\Debug\link.12940.read.1.tlog
E:\code2.0\jni\src\VR_SystemUI\Debug\link.12940.write.1.tlog
E:\code2.0\jni\src\VR_SystemUI\Debug\link.12948.read.1.tlog
E:\code2.0\jni\src\VR_SystemUI\Debug\link.12948.write.1.tlog
E:\code2.0\jni\src\VR_SystemUI\Debug\link.12992.read.1.tlog
E:\code2.0\jni\src\VR_SystemUI\Debug\link.12992.write.1.tlog
E:\code2.0\jni\src\VR_SystemUI\Debug\link.13496.read.1.tlog
E:\code2.0\jni\src\VR_SystemUI\Debug\link.13496.write.1.tlog
E:\code2.0\jni\src\VR_SystemUI\Debug\link.13908.read.1.tlog
E:\code2.0\jni\src\VR_SystemUI\Debug\link.13908.write.1.tlog
E:\code2.0\jni\src\VR_SystemUI\Debug\link.14840.read.1.tlog
E:\code2.0\jni\src\VR_SystemUI\Debug\link.14840.write.1.tlog
E:\code2.0\jni\src\VR_SystemUI\Debug\link.1652.read.1.tlog
E:\code2.0\jni\src\VR_SystemUI\Debug\link.1652.write.1.tlog
E:\code2.0\jni\src\VR_SystemUI\Debug\link.17032.read.1.tlog
E:\code2.0\jni\src\VR_SystemUI\Debug\link.17032.write.1.tlog
E:\code2.0\jni\src\VR_SystemUI\Debug\link.18200.read.1.tlog
E:\code2.0\jni\src\VR_SystemUI\Debug\link.18200.write.1.tlog
E:\code2.0\jni\src\VR_SystemUI\Debug\link.20240.read.1.tlog
E:\code2.0\jni\src\VR_SystemUI\Debug\link.20240.write.1.tlog
E:\code2.0\jni\src\VR_SystemUI\Debug\link.20248.read.1.tlog
E:\code2.0\jni\src\VR_SystemUI\Debug\link.20248.write.1.tlog
E:\code2.0\jni\src\VR_SystemUI\Debug\link.20344.read.1.tlog
E:\code2.0\jni\src\VR_SystemUI\Debug\link.20344.write.1.tlog
E:\code2.0\jni\src\VR_SystemUI\Debug\link.20396.read.1.tlog
E:\code2.0\jni\src\VR_SystemUI\Debug\link.20396.write.1.tlog
E:\code2.0\jni\src\VR_SystemUI\Debug\link.20888.read.1.tlog
E:\code2.0\jni\src\VR_SystemUI\Debug\link.20888.write.1.tlog
E:\code2.0\jni\src\VR_SystemUI\Debug\link.20912.read.1.tlog
E:\code2.0\jni\src\VR_SystemUI\Debug\link.20912.write.1.tlog
E:\code2.0\jni\src\VR_SystemUI\Debug\link.20936.read.1.tlog
E:\code2.0\jni\src\VR_SystemUI\Debug\link.20936.write.1.tlog
E:\code2.0\jni\src\VR_SystemUI\Debug\link.21264.read.1.tlog
E:\code2.0\jni\src\VR_SystemUI\Debug\link.21264.write.1.tlog
E:\code2.0\jni\src\VR_SystemUI\Debug\link.21512.read.1.tlog
E:\code2.0\jni\src\VR_SystemUI\Debug\link.21512.write.1.tlog
E:\code2.0\jni\src\VR_SystemUI\Debug\link.21576.read.1.tlog
E:\code2.0\jni\src\VR_SystemUI\Debug\link.21576.write.1.tlog
E:\code2.0\jni\src\VR_SystemUI\Debug\link.21884.read.1.tlog
E:\code2.0\jni\src\VR_SystemUI\Debug\link.21884.write.1.tlog
E:\code2.0\jni\src\VR_SystemUI\Debug\link.22680.read.1.tlog
E:\code2.0\jni\src\VR_SystemUI\Debug\link.22680.write.1.tlog
E:\code2.0\jni\src\VR_SystemUI\Debug\link.23772.read.1.tlog
E:\code2.0\jni\src\VR_SystemUI\Debug\link.23772.write.1.tlog
E:\code2.0\jni\src\VR_SystemUI\Debug\link.24272.read.1.tlog
E:\code2.0\jni\src\VR_SystemUI\Debug\link.24272.write.1.tlog
E:\code2.0\jni\src\VR_SystemUI\Debug\link.24416.read.1.tlog
E:\code2.0\jni\src\VR_SystemUI\Debug\link.24416.write.1.tlog
E:\code2.0\jni\src\VR_SystemUI\Debug\link.24684.read.1.tlog
E:\code2.0\jni\src\VR_SystemUI\Debug\link.24684.write.1.tlog
E:\code2.0\jni\src\VR_SystemUI\Debug\link.24812.read.1.tlog
E:\code2.0\jni\src\VR_SystemUI\Debug\link.24812.write.1.tlog
E:\code2.0\jni\src\VR_SystemUI\Debug\link.25016.read.1.tlog
E:\code2.0\jni\src\VR_SystemUI\Debug\link.25016.write.1.tlog
E:\code2.0\jni\src\VR_SystemUI\Debug\link.26180.read.1.tlog
E:\code2.0\jni\src\VR_SystemUI\Debug\link.26180.write.1.tlog
E:\code2.0\jni\src\VR_SystemUI\Debug\link.28016.read.1.tlog
E:\code2.0\jni\src\VR_SystemUI\Debug\link.28016.write.1.tlog
E:\code2.0\jni\src\VR_SystemUI\Debug\link.2808.read.1.tlog
E:\code2.0\jni\src\VR_SystemUI\Debug\link.2808.write.1.tlog
E:\code2.0\jni\src\VR_SystemUI\Debug\link.30964.read.1.tlog
E:\code2.0\jni\src\VR_SystemUI\Debug\link.30964.write.1.tlog
E:\code2.0\jni\src\VR_SystemUI\Debug\link.31980.read.1.tlog
E:\code2.0\jni\src\VR_SystemUI\Debug\link.31980.write.1.tlog
E:\code2.0\jni\src\VR_SystemUI\Debug\link.4728.read.1.tlog
E:\code2.0\jni\src\VR_SystemUI\Debug\link.4728.write.1.tlog
E:\code2.0\jni\src\VR_SystemUI\Debug\link.6020.read.1.tlog
E:\code2.0\jni\src\VR_SystemUI\Debug\link.6020.write.1.tlog
E:\code2.0\jni\src\VR_SystemUI\Debug\link.8160.read.1.tlog
E:\code2.0\jni\src\VR_SystemUI\Debug\link.8160.write.1.tlog
E:\code2.0\jni\src\VR_SystemUI\Debug\link.9280.read.1.tlog
E:\code2.0\jni\src\VR_SystemUI\Debug\link.9280.write.1.tlog
E:\code2.0\jni\src\VR_SystemUI\Debug\link.9404.read.1.tlog
E:\code2.0\jni\src\VR_SystemUI\Debug\link.9404.write.1.tlog
E:\code2.0\jni\src\VR_SystemUI\Debug\link.command.1.tlog
E:\code2.0\jni\src\VR_SystemUI\Debug\link.read.1.tlog
E:\code2.0\jni\src\VR_SystemUI\Debug\link.write.1.tlog
E:\code2.0\jni\src\VR_SystemUI\Debug\mt.command.1.tlog
E:\code2.0\jni\src\VR_SystemUI\Debug\mt.read.1.tlog
E:\code2.0\jni\src\VR_SystemUI\Debug\mt.write.1.tlog
E:\CODE2.0\JNI\SRC\VR_SYSTEMUI\DEBUG\RAYSELECTEDTOOL.OBJ
E:\CODE2.0\JNI\SRC\VR_SYSTEMUI\DEBUG\SHORTESTPATHTOOL.OBJ
E:\code2.0\jni\src\VR_SystemUI\Debug\vc100.idb
E:\CODE2.0\JNI\SRC\VR_SYSTEMUI\DEBUG\VC100.PDB
E:\code2.0\jni\src\VR_SystemUI\Debug\VR_SystemUI.vcxprojResolveAssemblyReference.cache
E:\code2.0\jni\src\VR_SystemUI\Debug\VR_SystemUI.write.1.tlog
E:\CODE2.0\JNI\SRC\VR_SYSTEMUI\DEBUG\VR_SYSTEMUI_D.DLL.INTERMEDIATE.MANIFEST
