E:\code2.0\\bin\Release\VR_CoordinateSystem.dll
E:\CODE2.0\BIN\RELEASE\VR_COORDINATESYSTEM.DLL
E:\code2.0\bin\Release\VR_CoordinateSystem.exp
E:\code2.0\bin\Release\VR_CoordinateSystem.lib
E:\code2.0\jni\src\VR_CoordinateSystem\Release\cl.command.1.tlog
E:\code2.0\jni\src\VR_CoordinateSystem\Release\CL.read.1.tlog
E:\code2.0\jni\src\VR_CoordinateSystem\Release\CL.write.1.tlog
E:\CODE2.0\JNI\SRC\VR_COORDINATESYSTEM\RELEASE\COORDINATECALCULATOR.OBJ
E:\CODE2.0\JNI\SRC\VR_COORDINATESYSTEM\RELEASE\COORTRANS.OBJ
E:\code2.0\jni\src\VR_CoordinateSystem\Release\link.command.1.tlog
E:\code2.0\jni\src\VR_CoordinateSystem\Release\link.read.1.tlog
E:\code2.0\jni\src\VR_CoordinateSystem\Release\link.write.1.tlog
E:\code2.0\jni\src\VR_CoordinateSystem\Release\mt.command.1.tlog
E:\code2.0\jni\src\VR_CoordinateSystem\Release\mt.read.1.tlog
E:\code2.0\jni\src\VR_CoordinateSystem\Release\mt.write.1.tlog
E:\CODE2.0\JNI\SRC\VR_COORDINATESYSTEM\RELEASE\SPATIALREFERENCE.OBJ
E:\CODE2.0\JNI\SRC\VR_COORDINATESYSTEM\RELEASE\SPATIALREFERENCEFACTORY.OBJ
E:\CODE2.0\JNI\SRC\VR_COORDINATESYSTEM\RELEASE\VC100.PDB
E:\CODE2.0\JNI\SRC\VR_COORDINATESYSTEM\RELEASE\VR_COORDINATESYSTEM.DLL.INTERMEDIATE.MANIFEST
E:\code2.0\jni\src\VR_CoordinateSystem\Release\VR_CoordinateSystem.write.1.tlog
