E:\code2.0\\bin\Debug\VR_Style_d.dll
E:\code2.0\\bin\Debug\VR_Style_d.dll.manifest
E:\code2.0\\bin\Debug\VR_Style_d.ilk
E:\code2.0\\bin\Debug\VR_Style_d.pdb
E:\CODE2.0\BIN\DEBUG\VR_STYLE_D.DLL
E:\CODE2.0\BIN\DEBUG\VR_STYLE_D.DLL.MANIFEST
E:\code2.0\bin\Debug\VR_Style_d.exp
E:\CODE2.0\BIN\DEBUG\VR_STYLE_D.ILK
E:\code2.0\bin\Debug\VR_Style_d.lib
E:\CODE2.0\BIN\DEBUG\VR_STYLE_D.PDB
E:\code2.0\jni\src\VR_Style\Debug\cl.command.1.tlog
E:\code2.0\jni\src\VR_Style\Debug\CL.read.1.tlog
E:\code2.0\jni\src\VR_Style\Debug\CL.write.1.tlog
E:\CODE2.0\JNI\SRC\VR_STYLE\DEBUG\COALSEAMSTYLE.OBJ
E:\CODE2.0\JNI\SRC\VR_STYLE\DEBUG\DRILLHOLESTYLE.OBJ
E:\CODE2.0\JNI\SRC\VR_STYLE\DEBUG\FAULTSTYLE.OBJ
E:\CODE2.0\JNI\SRC\VR_STYLE\DEBUG\LANEWAYSTYLE.OBJ
E:\CODE2.0\JNI\SRC\VR_STYLE\DEBUG\LINESTYLE.OBJ
E:\code2.0\jni\src\VR_Style\Debug\link.13352.read.1.tlog
E:\code2.0\jni\src\VR_Style\Debug\link.13352.write.1.tlog
E:\code2.0\jni\src\VR_Style\Debug\link.19848.read.1.tlog
E:\code2.0\jni\src\VR_Style\Debug\link.19848.write.1.tlog
E:\code2.0\jni\src\VR_Style\Debug\link.19896.read.1.tlog
E:\code2.0\jni\src\VR_Style\Debug\link.19896.write.1.tlog
E:\code2.0\jni\src\VR_Style\Debug\link.24660.read.1.tlog
E:\code2.0\jni\src\VR_Style\Debug\link.24660.write.1.tlog
E:\code2.0\jni\src\VR_Style\Debug\link.25096.read.1.tlog
E:\code2.0\jni\src\VR_Style\Debug\link.25096.write.1.tlog
E:\code2.0\jni\src\VR_Style\Debug\link.command.1.tlog
E:\code2.0\jni\src\VR_Style\Debug\link.read.1.tlog
E:\code2.0\jni\src\VR_Style\Debug\link.write.1.tlog
E:\CODE2.0\JNI\SRC\VR_STYLE\DEBUG\MINESTYLE.OBJ
E:\CODE2.0\JNI\SRC\VR_STYLE\DEBUG\MININGAREASTYLE.OBJ
E:\CODE2.0\JNI\SRC\VR_STYLE\DEBUG\MODELSTYLE.OBJ
E:\code2.0\jni\src\VR_Style\Debug\mt.command.1.tlog
E:\code2.0\jni\src\VR_Style\Debug\mt.read.1.tlog
E:\code2.0\jni\src\VR_Style\Debug\mt.write.1.tlog
E:\CODE2.0\JNI\SRC\VR_STYLE\DEBUG\POINTSTYLE.OBJ
E:\CODE2.0\JNI\SRC\VR_STYLE\DEBUG\SHOTHOLESTYLE.OBJ
E:\CODE2.0\JNI\SRC\VR_STYLE\DEBUG\SURFACESTYLE.OBJ
E:\CODE2.0\JNI\SRC\VR_STYLE\DEBUG\TERRANESTYLE.OBJ
E:\CODE2.0\JNI\SRC\VR_STYLE\DEBUG\TEXTSTYLE.OBJ
E:\code2.0\jni\src\VR_Style\Debug\vc100.idb
E:\CODE2.0\JNI\SRC\VR_STYLE\DEBUG\VC100.PDB
E:\code2.0\jni\src\VR_Style\Debug\VR_Style.vcxprojResolveAssemblyReference.cache
E:\code2.0\jni\src\VR_Style\Debug\VR_Style.write.1.tlog
E:\CODE2.0\JNI\SRC\VR_STYLE\DEBUG\VR_STYLE_D.DLL.INTERMEDIATE.MANIFEST
E:\CODE2.0\JNI\SRC\VR_STYLE\DEBUG\WORKINGPLANESTYLE.OBJ
