E:\code2.0\\bin\Debug\VR_DatabaseEngine_d.dll
E:\code2.0\\bin\Debug\VR_DatabaseEngine_d.dll.manifest
E:\code2.0\\bin\Debug\VR_DatabaseEngine_d.ilk
E:\code2.0\\bin\Debug\VR_DatabaseEngine_d.pdb
E:\CODE2.0\BIN\DEBUG\VR_DATABASEENGINE_D.DLL
E:\CODE2.0\BIN\DEBUG\VR_DATABASEENGINE_D.DLL.MANIFEST
E:\code2.0\bin\Debug\VR_DatabaseEngine_d.exp
E:\CODE2.0\BIN\DEBUG\VR_DATABASEENGINE_D.ILK
E:\code2.0\bin\Debug\VR_DatabaseEngine_d.lib
E:\CODE2.0\BIN\DEBUG\VR_DATABASEENGINE_D.PDB
E:\code2.0\jni\src\VR_DatabaseEngine\Debug\cl.command.1.tlog
E:\code2.0\jni\src\VR_DatabaseEngine\Debug\CL.read.1.tlog
E:\code2.0\jni\src\VR_DatabaseEngine\Debug\CL.write.1.tlog
E:\CODE2.0\JNI\SRC\VR_DATABASEENGINE\DEBUG\COALLAYERDATASET.OBJ
E:\CODE2.0\JNI\SRC\VR_DATABASEENGINE\DEBUG\COALLAYERFEATURE.OBJ
E:\CODE2.0\JNI\SRC\VR_DATABASEENGINE\DEBUG\DATABASE.OBJ
E:\CODE2.0\JNI\SRC\VR_DATABASEENGINE\DEBUG\DATABASEINFO.OBJ
E:\CODE2.0\JNI\SRC\VR_DATABASEENGINE\DEBUG\DATABASEMANAGER.OBJ
E:\CODE2.0\JNI\SRC\VR_DATABASEENGINE\DEBUG\DATASET.OBJ
E:\CODE2.0\JNI\SRC\VR_DATABASEENGINE\DEBUG\DEMDATASET.OBJ
E:\CODE2.0\JNI\SRC\VR_DATABASEENGINE\DEBUG\DEMFEATURE.OBJ
E:\CODE2.0\JNI\SRC\VR_DATABASEENGINE\DEBUG\DRILLINGDATASET.OBJ
E:\CODE2.0\JNI\SRC\VR_DATABASEENGINE\DEBUG\DRILLLINGFEATURE.OBJ
E:\CODE2.0\JNI\SRC\VR_DATABASEENGINE\DEBUG\FAULTLAYERDATASET.OBJ
E:\CODE2.0\JNI\SRC\VR_DATABASEENGINE\DEBUG\FAULTLAYERFEATURE.OBJ
E:\CODE2.0\JNI\SRC\VR_DATABASEENGINE\DEBUG\FEATURE.OBJ
E:\CODE2.0\JNI\SRC\VR_DATABASEENGINE\DEBUG\FIELD.OBJ
E:\CODE2.0\JNI\SRC\VR_DATABASEENGINE\DEBUG\FIELDS.OBJ
E:\CODE2.0\JNI\SRC\VR_DATABASEENGINE\DEBUG\IDATASET.OBJ
E:\CODE2.0\JNI\SRC\VR_DATABASEENGINE\DEBUG\IDATASOURCE.OBJ
E:\CODE2.0\JNI\SRC\VR_DATABASEENGINE\DEBUG\IDATASOURCEINFO.OBJ
E:\CODE2.0\JNI\SRC\VR_DATABASEENGINE\DEBUG\IDATASOURCEMANAGER.OBJ
E:\CODE2.0\JNI\SRC\VR_DATABASEENGINE\DEBUG\IFEATURE.OBJ
E:\CODE2.0\JNI\SRC\VR_DATABASEENGINE\DEBUG\IFIELD.OBJ
E:\CODE2.0\JNI\SRC\VR_DATABASEENGINE\DEBUG\IFIELDS.OBJ
E:\CODE2.0\JNI\SRC\VR_DATABASEENGINE\DEBUG\IMAGEDATASET.OBJ
E:\CODE2.0\JNI\SRC\VR_DATABASEENGINE\DEBUG\IMAGEFEATURE.OBJ
E:\CODE2.0\JNI\SRC\VR_DATABASEENGINE\DEBUG\IPROPERTYSET.OBJ
E:\CODE2.0\JNI\SRC\VR_DATABASEENGINE\DEBUG\LANEWAYDATASET.OBJ
E:\CODE2.0\JNI\SRC\VR_DATABASEENGINE\DEBUG\LANEWAYFEATURE.OBJ
E:\code2.0\jni\src\VR_DatabaseEngine\Debug\link.command.1.tlog
E:\code2.0\jni\src\VR_DatabaseEngine\Debug\link.read.1.tlog
E:\code2.0\jni\src\VR_DatabaseEngine\Debug\link.write.1.tlog
E:\CODE2.0\JNI\SRC\VR_DATABASEENGINE\DEBUG\LOGICDATASET.OBJ
E:\CODE2.0\JNI\SRC\VR_DATABASEENGINE\DEBUG\LOGICFEATURE.OBJ
E:\CODE2.0\JNI\SRC\VR_DATABASEENGINE\DEBUG\METADATADATASET.OBJ
E:\CODE2.0\JNI\SRC\VR_DATABASEENGINE\DEBUG\METADATAFEATURE.OBJ
E:\CODE2.0\JNI\SRC\VR_DATABASEENGINE\DEBUG\MODELDATASET.OBJ
E:\CODE2.0\JNI\SRC\VR_DATABASEENGINE\DEBUG\MODELFEATURE.OBJ
E:\code2.0\jni\src\VR_DatabaseEngine\Debug\mt.command.1.tlog
E:\code2.0\jni\src\VR_DatabaseEngine\Debug\mt.read.1.tlog
E:\code2.0\jni\src\VR_DatabaseEngine\Debug\mt.write.1.tlog
E:\CODE2.0\JNI\SRC\VR_DATABASEENGINE\DEBUG\PROPERTYSET.OBJ
E:\CODE2.0\JNI\SRC\VR_DATABASEENGINE\DEBUG\ROADDATASET.OBJ
E:\CODE2.0\JNI\SRC\VR_DATABASEENGINE\DEBUG\ROADFEATURE.OBJ
E:\CODE2.0\JNI\SRC\VR_DATABASEENGINE\DEBUG\TERRANEDATASET.OBJ
E:\CODE2.0\JNI\SRC\VR_DATABASEENGINE\DEBUG\TERRANEFEATURE.OBJ
E:\CODE2.0\JNI\SRC\VR_DATABASEENGINE\DEBUG\USERINFODATASET.OBJ
E:\CODE2.0\JNI\SRC\VR_DATABASEENGINE\DEBUG\USERINFOFEATURE.OBJ
E:\code2.0\jni\src\VR_DatabaseEngine\Debug\vc100.idb
E:\CODE2.0\JNI\SRC\VR_DATABASEENGINE\DEBUG\VC100.PDB
E:\code2.0\jni\src\VR_DatabaseEngine\Debug\VR_DatabaseEngine.vcxprojResolveAssemblyReference.cache
E:\code2.0\jni\src\VR_DatabaseEngine\Debug\VR_DatabaseEngine.write.1.tlog
E:\CODE2.0\JNI\SRC\VR_DATABASEENGINE\DEBUG\VR_DATABASEENGINE_D.DLL.INTERMEDIATE.MANIFEST
E:\CODE2.0\JNI\SRC\VR_DATABASEENGINE\DEBUG\WORKINGPLANEDATASET.OBJ
E:\CODE2.0\JNI\SRC\VR_DATABASEENGINE\DEBUG\WORKINGPLANEFEATURE.OBJ
