E:\code2.0\\bin\Release\VRSceneControlWidget_ForQt.dll
E:\CODE2.0\BIN\RELEASE\VRSCENECONTROLWIDGET_FORQT.DLL
E:\code2.0\bin\Release\VRSceneControlWidget_ForQt.exp
E:\code2.0\bin\Release\VRSceneControlWidget_ForQt.lib
E:\CODE2.0\JNI\SRC\VR_PLUGINSFORQT\VRCONTROL\GENERATEDFILES\RELEASE\MOC_VRCONTROL.CPP
E:\CODE2.0\JNI\SRC\VR_PLUGINSFORQT\VRCONTROL\GENERATEDFILES\RELEASE\MOC_VRCONTROLPLUGIN.CPP
E:\code2.0\jni\src\VR_PluginsForQT\VRControl\Release\cl.command.1.tlog
E:\code2.0\jni\src\VR_PluginsForQT\VRControl\Release\CL.read.1.tlog
E:\code2.0\jni\src\VR_PluginsForQT\VRControl\Release\CL.write.1.tlog
E:\code2.0\jni\src\VR_PluginsForQT\VRControl\Release\custombuild.command.1.tlog
E:\code2.0\jni\src\VR_PluginsForQT\VRControl\Release\custombuild.read.1.tlog
E:\code2.0\jni\src\VR_PluginsForQT\VRControl\Release\custombuild.write.1.tlog
E:\code2.0\jni\src\VR_PluginsForQT\VRControl\Release\link.command.1.tlog
E:\code2.0\jni\src\VR_PluginsForQT\VRControl\Release\link.read.1.tlog
E:\code2.0\jni\src\VR_PluginsForQT\VRControl\Release\link.write.1.tlog
E:\CODE2.0\JNI\SRC\VR_PLUGINSFORQT\VRCONTROL\RELEASE\MOC_VRCONTROL.OBJ
E:\CODE2.0\JNI\SRC\VR_PLUGINSFORQT\VRCONTROL\RELEASE\MOC_VRCONTROLPLUGIN.OBJ
E:\code2.0\jni\src\VR_PluginsForQT\VRControl\Release\mt.command.1.tlog
E:\code2.0\jni\src\VR_PluginsForQT\VRControl\Release\mt.read.1.tlog
E:\code2.0\jni\src\VR_PluginsForQT\VRControl\Release\mt.write.1.tlog
E:\CODE2.0\JNI\SRC\VR_PLUGINSFORQT\VRCONTROL\RELEASE\VRCONTROL.OBJ
E:\CODE2.0\JNI\SRC\VR_PLUGINSFORQT\VRCONTROL\RELEASE\VRCONTROLPLUGIN.OBJ
E:\code2.0\jni\src\VR_PluginsForQT\VRControl\Release\VRSceneControlWidget.write.1.tlog
E:\CODE2.0\JNI\SRC\VR_PLUGINSFORQT\VRCONTROL\RELEASE\VRSCENECONTROLWIDGET_FORQT.DLL.INTERMEDIATE.MANIFEST
