E:\code2.0\\bin\Debug\VR_SqliteDatabase_d.dll
E:\code2.0\\bin\Debug\VR_SqliteDatabase_d.dll.manifest
E:\code2.0\\bin\Debug\VR_SqliteDatabase_d.ilk
E:\code2.0\\bin\Debug\VR_SqliteDatabase_d.pdb
E:\CODE2.0\BIN\DEBUG\VR_SQLITEDATABASE_D.DLL
E:\CODE2.0\BIN\DEBUG\VR_SQLITEDATABASE_D.DLL.MANIFEST
E:\code2.0\bin\Debug\VR_SqliteDatabase_d.exp
E:\CODE2.0\BIN\DEBUG\VR_SQLITEDATABASE_D.ILK
E:\code2.0\bin\Debug\VR_SqliteDatabase_d.lib
E:\CODE2.0\BIN\DEBUG\VR_SQLITEDATABASE_D.PDB
E:\code2.0\jni\src\VR_SqliteDatabase\Debug\cl.command.1.tlog
E:\code2.0\jni\src\VR_SqliteDatabase\Debug\CL.read.1.tlog
E:\code2.0\jni\src\VR_SqliteDatabase\Debug\CL.write.1.tlog
E:\code2.0\jni\src\VR_SqliteDatabase\Debug\link.14988.read.1.tlog
E:\code2.0\jni\src\VR_SqliteDatabase\Debug\link.14988.write.1.tlog
E:\code2.0\jni\src\VR_SqliteDatabase\Debug\link.18564.read.1.tlog
E:\code2.0\jni\src\VR_SqliteDatabase\Debug\link.18564.write.1.tlog
E:\code2.0\jni\src\VR_SqliteDatabase\Debug\link.19324.read.1.tlog
E:\code2.0\jni\src\VR_SqliteDatabase\Debug\link.19324.write.1.tlog
E:\code2.0\jni\src\VR_SqliteDatabase\Debug\link.23616.read.1.tlog
E:\code2.0\jni\src\VR_SqliteDatabase\Debug\link.23616.write.1.tlog
E:\code2.0\jni\src\VR_SqliteDatabase\Debug\link.24604.read.1.tlog
E:\code2.0\jni\src\VR_SqliteDatabase\Debug\link.24604.write.1.tlog
E:\code2.0\jni\src\VR_SqliteDatabase\Debug\link.command.1.tlog
E:\code2.0\jni\src\VR_SqliteDatabase\Debug\link.read.1.tlog
E:\code2.0\jni\src\VR_SqliteDatabase\Debug\link.write.1.tlog
E:\code2.0\jni\src\VR_SqliteDatabase\Debug\mt.command.1.tlog
E:\code2.0\jni\src\VR_SqliteDatabase\Debug\mt.read.1.tlog
E:\code2.0\jni\src\VR_SqliteDatabase\Debug\mt.write.1.tlog
E:\CODE2.0\JNI\SRC\VR_SQLITEDATABASE\DEBUG\SQLITEDATABASE.OBJ
E:\CODE2.0\JNI\SRC\VR_SQLITEDATABASE\DEBUG\SQLITEDATABASEMANAGER.OBJ
E:\code2.0\jni\src\VR_SqliteDatabase\Debug\vc100.idb
E:\CODE2.0\JNI\SRC\VR_SQLITEDATABASE\DEBUG\VC100.PDB
E:\code2.0\jni\src\VR_SqliteDatabase\Debug\VR_SqliteDatabase.vcxprojResolveAssemblyReference.cache
E:\code2.0\jni\src\VR_SqliteDatabase\Debug\VR_SqliteDatabase.write.1.tlog
E:\CODE2.0\JNI\SRC\VR_SQLITEDATABASE\DEBUG\VR_SQLITEDATABASE_D.DLL.INTERMEDIATE.MANIFEST
