E:\code2.0\\bin\Debug\VR_SpatialLayer_d.dll
E:\code2.0\\bin\Debug\VR_SpatialLayer_d.dll.manifest
E:\code2.0\\bin\Debug\VR_SpatialLayer_d.ilk
E:\code2.0\\bin\Debug\VR_SpatialLayer_d.pdb
E:\CODE2.0\BIN\DEBUG\VR_SPATIALLAYER_D.DLL
E:\CODE2.0\BIN\DEBUG\VR_SPATIALLAYER_D.DLL.MANIFEST
E:\code2.0\bin\Debug\VR_SpatialLayer_d.exp
E:\CODE2.0\BIN\DEBUG\VR_SPATIALLAYER_D.ILK
E:\code2.0\bin\Debug\VR_SpatialLayer_d.lib
E:\CODE2.0\BIN\DEBUG\VR_SPATIALLAYER_D.PDB
E:\code2.0\jni\src\vr_spatiallayer\Debug\cl.command.1.tlog
E:\code2.0\jni\src\vr_spatiallayer\Debug\CL.read.1.tlog
E:\code2.0\jni\src\vr_spatiallayer\Debug\CL.write.1.tlog
E:\CODE2.0\JNI\SRC\VR_SPATIALLAYER\DEBUG\COALLAYER.OBJ
E:\CODE2.0\JNI\SRC\VR_SPATIALLAYER\DEBUG\DEMLAYER.OBJ
E:\CODE2.0\JNI\SRC\VR_SPATIALLAYER\DEBUG\DOTSCENELOADER.OBJ
E:\CODE2.0\JNI\SRC\VR_SPATIALLAYER\DEBUG\DRILLLAYER.OBJ
E:\CODE2.0\JNI\SRC\VR_SPATIALLAYER\DEBUG\ESCAPEROUTE.OBJ
E:\CODE2.0\JNI\SRC\VR_SPATIALLAYER\DEBUG\ESCAPEROUTELAYER.OBJ
E:\CODE2.0\JNI\SRC\VR_SPATIALLAYER\DEBUG\FAULTLAYER.OBJ
E:\CODE2.0\JNI\SRC\VR_SPATIALLAYER\DEBUG\IMAGELAYER.OBJ
E:\CODE2.0\JNI\SRC\VR_SPATIALLAYER\DEBUG\LANEWAYSECTIONGFORBANGLAYER.OBJ
E:\CODE2.0\JNI\SRC\VR_SPATIALLAYER\DEBUG\LANWAYLAYER.OBJ
E:\CODE2.0\JNI\SRC\VR_SPATIALLAYER\DEBUG\LAYERFACTORY.OBJ
E:\code2.0\jni\src\vr_spatiallayer\Debug\link.10304.read.1.tlog
E:\code2.0\jni\src\vr_spatiallayer\Debug\link.10304.write.1.tlog
E:\code2.0\jni\src\vr_spatiallayer\Debug\link.10352.read.1.tlog
E:\code2.0\jni\src\vr_spatiallayer\Debug\link.10352.write.1.tlog
E:\code2.0\jni\src\vr_spatiallayer\Debug\link.11632.read.1.tlog
E:\code2.0\jni\src\vr_spatiallayer\Debug\link.11632.write.1.tlog
E:\code2.0\jni\src\vr_spatiallayer\Debug\link.11932.read.1.tlog
E:\code2.0\jni\src\vr_spatiallayer\Debug\link.11932.write.1.tlog
E:\code2.0\jni\src\vr_spatiallayer\Debug\link.12076.read.1.tlog
E:\code2.0\jni\src\vr_spatiallayer\Debug\link.12076.write.1.tlog
E:\code2.0\jni\src\vr_spatiallayer\Debug\link.12328.read.1.tlog
E:\code2.0\jni\src\vr_spatiallayer\Debug\link.12328.write.1.tlog
E:\code2.0\jni\src\vr_spatiallayer\Debug\link.12664.read.1.tlog
E:\code2.0\jni\src\vr_spatiallayer\Debug\link.12664.write.1.tlog
E:\code2.0\jni\src\vr_spatiallayer\Debug\link.12904.read.1.tlog
E:\code2.0\jni\src\vr_spatiallayer\Debug\link.12904.write.1.tlog
E:\code2.0\jni\src\vr_spatiallayer\Debug\link.13052.read.1.tlog
E:\code2.0\jni\src\vr_spatiallayer\Debug\link.13052.write.1.tlog
E:\code2.0\jni\src\vr_spatiallayer\Debug\link.13300.read.1.tlog
E:\code2.0\jni\src\vr_spatiallayer\Debug\link.13300.write.1.tlog
E:\code2.0\jni\src\vr_spatiallayer\Debug\link.15952.read.1.tlog
E:\code2.0\jni\src\vr_spatiallayer\Debug\link.15952.write.1.tlog
E:\code2.0\jni\src\vr_spatiallayer\Debug\link.15992.read.1.tlog
E:\code2.0\jni\src\vr_spatiallayer\Debug\link.15992.write.1.tlog
E:\code2.0\jni\src\vr_spatiallayer\Debug\link.16088.read.1.tlog
E:\code2.0\jni\src\vr_spatiallayer\Debug\link.16088.write.1.tlog
E:\code2.0\jni\src\vr_spatiallayer\Debug\link.192.read.1.tlog
E:\code2.0\jni\src\vr_spatiallayer\Debug\link.192.write.1.tlog
E:\code2.0\jni\src\vr_spatiallayer\Debug\link.20356.read.1.tlog
E:\code2.0\jni\src\vr_spatiallayer\Debug\link.20356.write.1.tlog
E:\code2.0\jni\src\vr_spatiallayer\Debug\link.20360.read.1.tlog
E:\code2.0\jni\src\vr_spatiallayer\Debug\link.20360.write.1.tlog
E:\code2.0\jni\src\vr_spatiallayer\Debug\link.2124.read.1.tlog
E:\code2.0\jni\src\vr_spatiallayer\Debug\link.2124.write.1.tlog
E:\code2.0\jni\src\vr_spatiallayer\Debug\link.24832.read.1.tlog
E:\code2.0\jni\src\vr_spatiallayer\Debug\link.24832.write.1.tlog
E:\code2.0\jni\src\vr_spatiallayer\Debug\link.26188.read.1.tlog
E:\code2.0\jni\src\vr_spatiallayer\Debug\link.26188.write.1.tlog
E:\code2.0\jni\src\vr_spatiallayer\Debug\link.28816.read.1.tlog
E:\code2.0\jni\src\vr_spatiallayer\Debug\link.28816.write.1.tlog
E:\code2.0\jni\src\vr_spatiallayer\Debug\link.32132.read.1.tlog
E:\code2.0\jni\src\vr_spatiallayer\Debug\link.32132.write.1.tlog
E:\code2.0\jni\src\vr_spatiallayer\Debug\link.32256.read.1.tlog
E:\code2.0\jni\src\vr_spatiallayer\Debug\link.32256.write.1.tlog
E:\code2.0\jni\src\vr_spatiallayer\Debug\link.34372.read.1.tlog
E:\code2.0\jni\src\vr_spatiallayer\Debug\link.34372.write.1.tlog
E:\code2.0\jni\src\vr_spatiallayer\Debug\link.34628.read.1.tlog
E:\code2.0\jni\src\vr_spatiallayer\Debug\link.34628.write.1.tlog
E:\code2.0\jni\src\vr_spatiallayer\Debug\link.34936.read.1.tlog
E:\code2.0\jni\src\vr_spatiallayer\Debug\link.34936.write.1.tlog
E:\code2.0\jni\src\vr_spatiallayer\Debug\link.35716.read.1.tlog
E:\code2.0\jni\src\vr_spatiallayer\Debug\link.35716.write.1.tlog
E:\code2.0\jni\src\vr_spatiallayer\Debug\link.35896.read.1.tlog
E:\code2.0\jni\src\vr_spatiallayer\Debug\link.35896.write.1.tlog
E:\code2.0\jni\src\vr_spatiallayer\Debug\link.3596.read.1.tlog
E:\code2.0\jni\src\vr_spatiallayer\Debug\link.3596.write.1.tlog
E:\code2.0\jni\src\vr_spatiallayer\Debug\link.36112.read.1.tlog
E:\code2.0\jni\src\vr_spatiallayer\Debug\link.36112.write.1.tlog
E:\code2.0\jni\src\vr_spatiallayer\Debug\link.39276.read.1.tlog
E:\code2.0\jni\src\vr_spatiallayer\Debug\link.39276.write.1.tlog
E:\code2.0\jni\src\vr_spatiallayer\Debug\link.6432.read.1.tlog
E:\code2.0\jni\src\vr_spatiallayer\Debug\link.6432.write.1.tlog
E:\code2.0\jni\src\vr_spatiallayer\Debug\link.6992.read.1.tlog
E:\code2.0\jni\src\vr_spatiallayer\Debug\link.6992.write.1.tlog
E:\code2.0\jni\src\vr_spatiallayer\Debug\link.7160.read.1.tlog
E:\code2.0\jni\src\vr_spatiallayer\Debug\link.7160.write.1.tlog
E:\code2.0\jni\src\vr_spatiallayer\Debug\link.7468.read.1.tlog
E:\code2.0\jni\src\vr_spatiallayer\Debug\link.7468.write.1.tlog
E:\code2.0\jni\src\vr_spatiallayer\Debug\link.8068.read.1.tlog
E:\code2.0\jni\src\vr_spatiallayer\Debug\link.8068.write.1.tlog
E:\code2.0\jni\src\vr_spatiallayer\Debug\link.8516.read.1.tlog
E:\code2.0\jni\src\vr_spatiallayer\Debug\link.8516.write.1.tlog
E:\code2.0\jni\src\vr_spatiallayer\Debug\link.8556.read.1.tlog
E:\code2.0\jni\src\vr_spatiallayer\Debug\link.8556.write.1.tlog
E:\code2.0\jni\src\vr_spatiallayer\Debug\link.9192.read.1.tlog
E:\code2.0\jni\src\vr_spatiallayer\Debug\link.9192.write.1.tlog
E:\code2.0\jni\src\vr_spatiallayer\Debug\link.9440.read.1.tlog
E:\code2.0\jni\src\vr_spatiallayer\Debug\link.9440.write.1.tlog
E:\code2.0\jni\src\vr_spatiallayer\Debug\link.9488.read.1.tlog
E:\code2.0\jni\src\vr_spatiallayer\Debug\link.9488.write.1.tlog
E:\code2.0\jni\src\vr_spatiallayer\Debug\link.9560.read.1.tlog
E:\code2.0\jni\src\vr_spatiallayer\Debug\link.9560.write.1.tlog
E:\code2.0\jni\src\vr_spatiallayer\Debug\link.command.1.tlog
E:\code2.0\jni\src\vr_spatiallayer\Debug\link.read.1.tlog
E:\code2.0\jni\src\vr_spatiallayer\Debug\link.write.1.tlog
E:\CODE2.0\JNI\SRC\VR_SPATIALLAYER\DEBUG\MININGAREALAYER.OBJ
E:\CODE2.0\JNI\SRC\VR_SPATIALLAYER\DEBUG\MODELLAYER.OBJ
E:\code2.0\jni\src\vr_spatiallayer\Debug\mt.command.1.tlog
E:\code2.0\jni\src\vr_spatiallayer\Debug\mt.read.1.tlog
E:\code2.0\jni\src\vr_spatiallayer\Debug\mt.write.1.tlog
E:\CODE2.0\JNI\SRC\VR_SPATIALLAYER\DEBUG\SCENELAYER.OBJ
E:\CODE2.0\JNI\SRC\VR_SPATIALLAYER\DEBUG\SHOTHOLELAYER.OBJ
E:\CODE2.0\JNI\SRC\VR_SPATIALLAYER\DEBUG\TERRANELAYER.OBJ
E:\code2.0\jni\src\vr_spatiallayer\Debug\vc100.idb
E:\CODE2.0\JNI\SRC\VR_SPATIALLAYER\DEBUG\VC100.PDB
E:\code2.0\jni\src\vr_spatiallayer\Debug\VR_SpatialLayer.vcxprojResolveAssemblyReference.cache
E:\code2.0\jni\src\vr_spatiallayer\Debug\VR_SpatialLayer.write.1.tlog
E:\CODE2.0\JNI\SRC\VR_SPATIALLAYER\DEBUG\VR_SPATIALLAYER_D.DLL.INTERMEDIATE.MANIFEST
E:\CODE2.0\JNI\SRC\VR_SPATIALLAYER\DEBUG\WORKINGPLANELAYER.OBJ
