E:\code2.0\\bin\Release\VRSceneTreeWidget_ForQt.dll
E:\CODE2.0\BIN\RELEASE\VRSCENETREEWIDGET_FORQT.DLL
E:\code2.0\bin\Release\VRSceneTreeWidget_ForQt.exp
E:\code2.0\bin\Release\VRSceneTreeWidget_ForQt.lib
E:\CODE2.0\JNI\SRC\VR_PLUGINSFORQT\VRSCENETREEWIDGET\GENERATEDFILES\RELEASE\MOC_VRSCENETREEWIDGET.CPP
E:\CODE2.0\JNI\SRC\VR_PLUGINSFORQT\VRSCENETREEWIDGET\GENERATEDFILES\RELEASE\MOC_VRSCENETREEWIDGETPLUGIN.CPP
E:\code2.0\jni\src\VR_PluginsForQT\VRSceneTreeWidget\Release\cl.command.1.tlog
E:\code2.0\jni\src\VR_PluginsForQT\VRSceneTreeWidget\Release\CL.read.1.tlog
E:\code2.0\jni\src\VR_PluginsForQT\VRSceneTreeWidget\Release\CL.write.1.tlog
E:\code2.0\jni\src\VR_PluginsForQT\VRSceneTreeWidget\Release\custombuild.command.1.tlog
E:\code2.0\jni\src\VR_PluginsForQT\VRSceneTreeWidget\Release\custombuild.read.1.tlog
E:\code2.0\jni\src\VR_PluginsForQT\VRSceneTreeWidget\Release\custombuild.write.1.tlog
E:\code2.0\jni\src\VR_PluginsForQT\VRSceneTreeWidget\Release\link.command.1.tlog
E:\code2.0\jni\src\VR_PluginsForQT\VRSceneTreeWidget\Release\link.read.1.tlog
E:\code2.0\jni\src\VR_PluginsForQT\VRSceneTreeWidget\Release\link.write.1.tlog
E:\CODE2.0\JNI\SRC\VR_PLUGINSFORQT\VRSCENETREEWIDGET\RELEASE\MOC_VRSCENETREEWIDGET.OBJ
E:\CODE2.0\JNI\SRC\VR_PLUGINSFORQT\VRSCENETREEWIDGET\RELEASE\MOC_VRSCENETREEWIDGETPLUGIN.OBJ
E:\code2.0\jni\src\VR_PluginsForQT\VRSceneTreeWidget\Release\mt.command.1.tlog
E:\code2.0\jni\src\VR_PluginsForQT\VRSceneTreeWidget\Release\mt.read.1.tlog
E:\code2.0\jni\src\VR_PluginsForQT\VRSceneTreeWidget\Release\mt.write.1.tlog
E:\CODE2.0\JNI\SRC\VR_PLUGINSFORQT\VRSCENETREEWIDGET\RELEASE\VRSCENETREEWIDGET.OBJ
E:\code2.0\jni\src\VR_PluginsForQT\VRSceneTreeWidget\Release\VRSceneTreeWidget.write.1.tlog
E:\CODE2.0\JNI\SRC\VR_PLUGINSFORQT\VRSCENETREEWIDGET\RELEASE\VRSCENETREEWIDGET_FORQT.DLL.INTERMEDIATE.MANIFEST
E:\CODE2.0\JNI\SRC\VR_PLUGINSFORQT\VRSCENETREEWIDGET\RELEASE\VRSCENETREEWIDGETPLUGIN.OBJ
