E:\code2.0\\bin\Release\VRMapControlWidget_ForQt.dll
E:\CODE2.0\BIN\RELEASE\VRMAPCONTROLWIDGET_FORQT.DLL
E:\code2.0\bin\Release\VRMapControlWidget_ForQt.exp
E:\code2.0\bin\Release\VRMapControlWidget_ForQt.lib
E:\CODE2.0\JNI\SRC\VR_PLUGINSFORQT\VR_MAPCONTROLWIDGET\GENERATEDFILES\RELEASE\MOC_VR_MAPCONTROLWIDGET.CPP
E:\CODE2.0\JNI\SRC\VR_PLUGINSFORQT\VR_MAPCONTROLWIDGET\GENERATEDFILES\RELEASE\MOC_VR_MAPCONTROLWIDGETPLUGIN.CPP
E:\code2.0\jni\src\VR_PluginsForQT\VR_MapControlWidget\Release\cl.command.1.tlog
E:\code2.0\jni\src\VR_PluginsForQT\VR_MapControlWidget\Release\CL.read.1.tlog
E:\code2.0\jni\src\VR_PluginsForQT\VR_MapControlWidget\Release\CL.write.1.tlog
E:\code2.0\jni\src\VR_PluginsForQT\VR_MapControlWidget\Release\custombuild.command.1.tlog
E:\code2.0\jni\src\VR_PluginsForQT\VR_MapControlWidget\Release\custombuild.read.1.tlog
E:\code2.0\jni\src\VR_PluginsForQT\VR_MapControlWidget\Release\custombuild.write.1.tlog
E:\code2.0\jni\src\VR_PluginsForQT\VR_MapControlWidget\Release\link.command.1.tlog
E:\code2.0\jni\src\VR_PluginsForQT\VR_MapControlWidget\Release\link.read.1.tlog
E:\code2.0\jni\src\VR_PluginsForQT\VR_MapControlWidget\Release\link.write.1.tlog
E:\CODE2.0\JNI\SRC\VR_PLUGINSFORQT\VR_MAPCONTROLWIDGET\RELEASE\MOC_VR_MAPCONTROLWIDGET.OBJ
E:\CODE2.0\JNI\SRC\VR_PLUGINSFORQT\VR_MAPCONTROLWIDGET\RELEASE\MOC_VR_MAPCONTROLWIDGETPLUGIN.OBJ
E:\code2.0\jni\src\VR_PluginsForQT\VR_MapControlWidget\Release\mt.command.1.tlog
E:\code2.0\jni\src\VR_PluginsForQT\VR_MapControlWidget\Release\mt.read.1.tlog
E:\code2.0\jni\src\VR_PluginsForQT\VR_MapControlWidget\Release\mt.write.1.tlog
E:\CODE2.0\JNI\SRC\VR_PLUGINSFORQT\VR_MAPCONTROLWIDGET\RELEASE\VR_MAPCONTROLWIDGET.OBJ
E:\CODE2.0\JNI\SRC\VR_PLUGINSFORQT\VR_MAPCONTROLWIDGET\RELEASE\VR_MAPCONTROLWIDGETPLUGIN.OBJ
E:\code2.0\jni\src\VR_PluginsForQT\VR_MapControlWidget\Release\VRMapControlWidget.write.1.tlog
E:\CODE2.0\JNI\SRC\VR_PLUGINSFORQT\VR_MAPCONTROLWIDGET\RELEASE\VRMAPCONTROLWIDGET_FORQT.DLL.INTERMEDIATE.MANIFEST
