E:\code2.0\\bin\Debug\VR_SpatialRender_d.dll
E:\code2.0\\bin\Debug\VR_SpatialRender_d.dll.manifest
E:\code2.0\\bin\Debug\VR_SpatialRender_d.ilk
E:\code2.0\\bin\Debug\VR_SpatialRender_d.pdb
E:\CODE2.0\BIN\DEBUG\VR_SPATIALRENDER_D.DLL
E:\CODE2.0\BIN\DEBUG\VR_SPATIALRENDER_D.DLL.MANIFEST
E:\code2.0\bin\Debug\VR_SpatialRender_d.exp
E:\CODE2.0\BIN\DEBUG\VR_SPATIALRENDER_D.ILK
E:\code2.0\bin\Debug\VR_SpatialRender_d.lib
E:\CODE2.0\BIN\DEBUG\VR_SPATIALRENDER_D.PDB
E:\CODE2.0\JNI\SRC\VR_SPATIALRENDER\DEBUG\BROADLINE.OBJ
E:\code2.0\jni\src\VR_SpatialRender\Debug\cl.command.1.tlog
E:\code2.0\jni\src\VR_SpatialRender\Debug\CL.read.1.tlog
E:\code2.0\jni\src\VR_SpatialRender\Debug\CL.write.1.tlog
E:\CODE2.0\JNI\SRC\VR_SPATIALRENDER\DEBUG\COALSEAMRENDERABLEOBJECT.OBJ
E:\CODE2.0\JNI\SRC\VR_SPATIALRENDER\DEBUG\DRILLRENDERABLEOBJECT.OBJ
E:\CODE2.0\JNI\SRC\VR_SPATIALRENDER\DEBUG\FAULTRENDERABLEOBJECT.OBJ
E:\CODE2.0\JNI\SRC\VR_SPATIALRENDER\DEBUG\GEOMULTIRENDERABLEOBJECT.OBJ
E:\CODE2.0\JNI\SRC\VR_SPATIALRENDER\DEBUG\GEORENDERABLEOBJECT.OBJ
E:\CODE2.0\JNI\SRC\VR_SPATIALRENDER\DEBUG\LANEWAYRENDERABLEOBJECT.OBJ
E:\CODE2.0\JNI\SRC\VR_SPATIALRENDER\DEBUG\LANEWAYRENDERFORBANG.OBJ
E:\code2.0\jni\src\VR_SpatialRender\Debug\link.11524.read.1.tlog
E:\code2.0\jni\src\VR_SpatialRender\Debug\link.11524.write.1.tlog
E:\code2.0\jni\src\VR_SpatialRender\Debug\link.12348.read.1.tlog
E:\code2.0\jni\src\VR_SpatialRender\Debug\link.12348.write.1.tlog
E:\code2.0\jni\src\VR_SpatialRender\Debug\link.12544.read.1.tlog
E:\code2.0\jni\src\VR_SpatialRender\Debug\link.12544.write.1.tlog
E:\code2.0\jni\src\VR_SpatialRender\Debug\link.12924.read.1.tlog
E:\code2.0\jni\src\VR_SpatialRender\Debug\link.12924.write.1.tlog
E:\code2.0\jni\src\VR_SpatialRender\Debug\link.1420.read.1.tlog
E:\code2.0\jni\src\VR_SpatialRender\Debug\link.1420.write.1.tlog
E:\code2.0\jni\src\VR_SpatialRender\Debug\link.17160.read.1.tlog
E:\code2.0\jni\src\VR_SpatialRender\Debug\link.17160.write.1.tlog
E:\code2.0\jni\src\VR_SpatialRender\Debug\link.30744.read.1.tlog
E:\code2.0\jni\src\VR_SpatialRender\Debug\link.30744.write.1.tlog
E:\code2.0\jni\src\VR_SpatialRender\Debug\link.31576.read.1.tlog
E:\code2.0\jni\src\VR_SpatialRender\Debug\link.31576.write.1.tlog
E:\code2.0\jni\src\VR_SpatialRender\Debug\link.34240.read.1.tlog
E:\code2.0\jni\src\VR_SpatialRender\Debug\link.34240.write.1.tlog
E:\code2.0\jni\src\VR_SpatialRender\Debug\link.7820.read.1.tlog
E:\code2.0\jni\src\VR_SpatialRender\Debug\link.7820.write.1.tlog
E:\code2.0\jni\src\VR_SpatialRender\Debug\link.9180.read.1.tlog
E:\code2.0\jni\src\VR_SpatialRender\Debug\link.9180.write.1.tlog
E:\code2.0\jni\src\VR_SpatialRender\Debug\link.9204.read.1.tlog
E:\code2.0\jni\src\VR_SpatialRender\Debug\link.9204.write.1.tlog
E:\code2.0\jni\src\VR_SpatialRender\Debug\link.9340.read.1.tlog
E:\code2.0\jni\src\VR_SpatialRender\Debug\link.9340.write.1.tlog
E:\code2.0\jni\src\VR_SpatialRender\Debug\link.9540.read.1.tlog
E:\code2.0\jni\src\VR_SpatialRender\Debug\link.9540.write.1.tlog
E:\code2.0\jni\src\VR_SpatialRender\Debug\link.9696.read.1.tlog
E:\code2.0\jni\src\VR_SpatialRender\Debug\link.9696.write.1.tlog
E:\code2.0\jni\src\VR_SpatialRender\Debug\link.command.1.tlog
E:\code2.0\jni\src\VR_SpatialRender\Debug\link.read.1.tlog
E:\code2.0\jni\src\VR_SpatialRender\Debug\link.write.1.tlog
E:\CODE2.0\JNI\SRC\VR_SPATIALRENDER\DEBUG\MINERENDERABLEOBJECT.OBJ
E:\CODE2.0\JNI\SRC\VR_SPATIALRENDER\DEBUG\MOVEABLETEXT.OBJ
E:\code2.0\jni\src\VR_SpatialRender\Debug\mt.command.1.tlog
E:\code2.0\jni\src\VR_SpatialRender\Debug\mt.read.1.tlog
E:\code2.0\jni\src\VR_SpatialRender\Debug\mt.write.1.tlog
E:\CODE2.0\JNI\SRC\VR_SPATIALRENDER\DEBUG\MULTILINE.OBJ
E:\CODE2.0\JNI\SRC\VR_SPATIALRENDER\DEBUG\MULTIPOINT.OBJ
E:\CODE2.0\JNI\SRC\VR_SPATIALRENDER\DEBUG\PIPELINE.OBJ
E:\CODE2.0\JNI\SRC\VR_SPATIALRENDER\DEBUG\SURFACERENDERABLEOBJECT.OBJ
E:\CODE2.0\JNI\SRC\VR_SPATIALRENDER\DEBUG\TERRANERENDEROBJECT.OBJ
E:\code2.0\jni\src\VR_SpatialRender\Debug\vc100.idb
E:\CODE2.0\JNI\SRC\VR_SPATIALRENDER\DEBUG\VC100.PDB
E:\code2.0\jni\src\VR_SpatialRender\Debug\VR_SpatialRender.vcxprojResolveAssemblyReference.cache
E:\code2.0\jni\src\VR_SpatialRender\Debug\VR_SpatialRender.write.1.tlog
E:\CODE2.0\JNI\SRC\VR_SPATIALRENDER\DEBUG\VR_SPATIALRENDER_D.DLL.INTERMEDIATE.MANIFEST
E:\CODE2.0\JNI\SRC\VR_SPATIALRENDER\DEBUG\WORKPLANERENDERABLEOBJECT.OBJ
