E:\code2.0\\bin\Release\VR_DatabaseEngine.dll
E:\CODE2.0\BIN\RELEASE\VR_DATABASEENGINE.DLL
E:\code2.0\bin\Release\VR_DatabaseEngine.exp
E:\code2.0\bin\Release\VR_DatabaseEngine.lib
E:\code2.0\jni\src\VR_DatabaseEngine\Release\cl.command.1.tlog
E:\code2.0\jni\src\VR_DatabaseEngine\Release\CL.read.1.tlog
E:\code2.0\jni\src\VR_DatabaseEngine\Release\CL.write.1.tlog
E:\CODE2.0\JNI\SRC\VR_DATABASEENGINE\RELEASE\COALLAYERDATASET.OBJ
E:\CODE2.0\JNI\SRC\VR_DATABASEENGINE\RELEASE\COALLAYERFEATURE.OBJ
E:\CODE2.0\JNI\SRC\VR_DATABASEENGINE\RELEASE\DATABASE.OBJ
E:\CODE2.0\JNI\SRC\VR_DATABASEENGINE\RELEASE\DATABASEINFO.OBJ
E:\CODE2.0\JNI\SRC\VR_DATABASEENGINE\RELEASE\DATABASEMANAGER.OBJ
E:\CODE2.0\JNI\SRC\VR_DATABASEENGINE\RELEASE\DATASET.OBJ
E:\CODE2.0\JNI\SRC\VR_DATABASEENGINE\RELEASE\DEMDATASET.OBJ
E:\CODE2.0\JNI\SRC\VR_DATABASEENGINE\RELEASE\DEMFEATURE.OBJ
E:\CODE2.0\JNI\SRC\VR_DATABASEENGINE\RELEASE\DRILLINGDATASET.OBJ
E:\CODE2.0\JNI\SRC\VR_DATABASEENGINE\RELEASE\DRILLLINGFEATURE.OBJ
E:\CODE2.0\JNI\SRC\VR_DATABASEENGINE\RELEASE\FAULTLAYERDATASET.OBJ
E:\CODE2.0\JNI\SRC\VR_DATABASEENGINE\RELEASE\FAULTLAYERFEATURE.OBJ
E:\CODE2.0\JNI\SRC\VR_DATABASEENGINE\RELEASE\FEATURE.OBJ
E:\CODE2.0\JNI\SRC\VR_DATABASEENGINE\RELEASE\FIELD.OBJ
E:\CODE2.0\JNI\SRC\VR_DATABASEENGINE\RELEASE\FIELDS.OBJ
E:\CODE2.0\JNI\SRC\VR_DATABASEENGINE\RELEASE\IDATASET.OBJ
E:\CODE2.0\JNI\SRC\VR_DATABASEENGINE\RELEASE\IDATASOURCE.OBJ
E:\CODE2.0\JNI\SRC\VR_DATABASEENGINE\RELEASE\IDATASOURCEINFO.OBJ
E:\CODE2.0\JNI\SRC\VR_DATABASEENGINE\RELEASE\IDATASOURCEMANAGER.OBJ
E:\CODE2.0\JNI\SRC\VR_DATABASEENGINE\RELEASE\IFEATURE.OBJ
E:\CODE2.0\JNI\SRC\VR_DATABASEENGINE\RELEASE\IFIELD.OBJ
E:\CODE2.0\JNI\SRC\VR_DATABASEENGINE\RELEASE\IFIELDS.OBJ
E:\CODE2.0\JNI\SRC\VR_DATABASEENGINE\RELEASE\IMAGEDATASET.OBJ
E:\CODE2.0\JNI\SRC\VR_DATABASEENGINE\RELEASE\IMAGEFEATURE.OBJ
E:\CODE2.0\JNI\SRC\VR_DATABASEENGINE\RELEASE\IPROPERTYSET.OBJ
E:\CODE2.0\JNI\SRC\VR_DATABASEENGINE\RELEASE\LANEWAYDATASET.OBJ
E:\CODE2.0\JNI\SRC\VR_DATABASEENGINE\RELEASE\LANEWAYFEATURE.OBJ
E:\code2.0\jni\src\VR_DatabaseEngine\Release\link.command.1.tlog
E:\code2.0\jni\src\VR_DatabaseEngine\Release\link.read.1.tlog
E:\code2.0\jni\src\VR_DatabaseEngine\Release\link.write.1.tlog
E:\CODE2.0\JNI\SRC\VR_DATABASEENGINE\RELEASE\LOGICDATASET.OBJ
E:\CODE2.0\JNI\SRC\VR_DATABASEENGINE\RELEASE\LOGICFEATURE.OBJ
E:\CODE2.0\JNI\SRC\VR_DATABASEENGINE\RELEASE\METADATADATASET.OBJ
E:\CODE2.0\JNI\SRC\VR_DATABASEENGINE\RELEASE\METADATAFEATURE.OBJ
E:\CODE2.0\JNI\SRC\VR_DATABASEENGINE\RELEASE\MODELDATASET.OBJ
E:\CODE2.0\JNI\SRC\VR_DATABASEENGINE\RELEASE\MODELFEATURE.OBJ
E:\CODE2.0\JNI\SRC\VR_DATABASEENGINE\RELEASE\PROPERTYSET.OBJ
E:\CODE2.0\JNI\SRC\VR_DATABASEENGINE\RELEASE\ROADDATASET.OBJ
E:\CODE2.0\JNI\SRC\VR_DATABASEENGINE\RELEASE\ROADFEATURE.OBJ
E:\CODE2.0\JNI\SRC\VR_DATABASEENGINE\RELEASE\TERRANEDATASET.OBJ
E:\CODE2.0\JNI\SRC\VR_DATABASEENGINE\RELEASE\TERRANEFEATURE.OBJ
E:\CODE2.0\JNI\SRC\VR_DATABASEENGINE\RELEASE\USERINFODATASET.OBJ
E:\CODE2.0\JNI\SRC\VR_DATABASEENGINE\RELEASE\USERINFOFEATURE.OBJ
E:\CODE2.0\JNI\SRC\VR_DATABASEENGINE\RELEASE\VC100.PDB
E:\code2.0\jni\src\VR_DatabaseEngine\Release\VR_DatabaseEngine.vcxprojResolveAssemblyReference.cache
E:\code2.0\jni\src\VR_DatabaseEngine\Release\VR_DatabaseEngine.write.1.tlog
E:\CODE2.0\JNI\SRC\VR_DATABASEENGINE\RELEASE\WORKINGPLANEDATASET.OBJ
E:\CODE2.0\JNI\SRC\VR_DATABASEENGINE\RELEASE\WORKINGPLANEFEATURE.OBJ
