E:\code2.0\\bin\Release\VR_MapLayer.dll
E:\CODE2.0\BIN\RELEASE\VR_MAPLAYER.DLL
E:\code2.0\bin\Release\VR_MapLayer.exp
E:\code2.0\bin\Release\VR_MapLayer.lib
E:\code2.0\jni\src\VR_MapLayer\Release\cl.command.1.tlog
E:\code2.0\jni\src\VR_MapLayer\Release\CL.read.1.tlog
E:\code2.0\jni\src\VR_MapLayer\Release\CL.write.1.tlog
E:\CODE2.0\JNI\SRC\VR_MAPLAYER\RELEASE\ELLIPSE.OBJ
E:\CODE2.0\JNI\SRC\VR_MAPLAYER\RELEASE\IDRAWOBJECT.OBJ
E:\CODE2.0\JNI\SRC\VR_MAPLAYER\RELEASE\IGEOMETRYDRAWITEM.OBJ
E:\CODE2.0\JNI\SRC\VR_MAPLAYER\RELEASE\LINEDRAWITEM.OBJ
E:\code2.0\jni\src\VR_MapLayer\Release\link.command.1.tlog
E:\code2.0\jni\src\VR_MapLayer\Release\link.read.1.tlog
E:\code2.0\jni\src\VR_MapLayer\Release\link.write.1.tlog
E:\CODE2.0\JNI\SRC\VR_MAPLAYER\RELEASE\MAP.OBJ
E:\CODE2.0\JNI\SRC\VR_MAPLAYER\RELEASE\MAP2DLAYER.OBJ
E:\code2.0\jni\src\VR_MapLayer\Release\mt.command.1.tlog
E:\code2.0\jni\src\VR_MapLayer\Release\mt.read.1.tlog
E:\code2.0\jni\src\VR_MapLayer\Release\mt.write.1.tlog
E:\CODE2.0\JNI\SRC\VR_MAPLAYER\RELEASE\POINTLAYER.OBJ
E:\CODE2.0\JNI\SRC\VR_MAPLAYER\RELEASE\POLYLINELAYER.OBJ
E:\CODE2.0\JNI\SRC\VR_MAPLAYER\RELEASE\RECTANGLE.OBJ
E:\CODE2.0\JNI\SRC\VR_MAPLAYER\RELEASE\SHAPEITEM.OBJ
E:\CODE2.0\JNI\SRC\VR_MAPLAYER\RELEASE\VR_MAPLAYER.DLL.INTERMEDIATE.MANIFEST
E:\code2.0\jni\src\VR_MapLayer\Release\VR_MapLayer.vcxprojResolveAssemblyReference.cache
E:\code2.0\jni\src\VR_MapLayer\Release\VR_MapLayer.write.1.tlog
