生成启动时间为 2021/11/15 15:38:32。
     1>项目“F:\C++\code2.0\jni\src\VR_Core\VR_Core.vcxproj”在节点 2 上(build 个目标)。
     1>InitializeBuildStatus:
         正在创建“Debug\VR_Core.unsuccessfulbuild”，因为已指定“AlwaysCreate”。
       ClCompile:
         E:\VS2010\install-vs\VC\bin\CL.exe /c /IF:\C++\code2.0\\jni\include /IF:\C++\code2.0\\jni\include\boost /ZI /nologo /W3 /WX- /Od /Oy- /D WIN32 /D _DEBUG /D _WINDOWS /D _USRDLL /D VR_CORE_EXPORTS /D _WINDLL /D _UNICODE /D UNICODE /Gm /EHsc /RTC1 /MDd /GS /fp:precise /Zc:wchar_t /Zc:forScope /Fo"Debug\\" /Fd"Debug\vc100.pdb" /Gd /TP /analyze- /errorReport:prompt event.cpp geodatatype.cpp
         geodatatype.cpp
     1>f:\c++\code2.0\jni\include\vrmine\vr_core\geodatatype.h(29): warning C4251: “VirtualMine::Core::GeoDataType::GDT_IMAGE”: class“std::basic_string<_Elem,_Traits,_Ax>”需要有 dll 接口由 class“VirtualMine::Core::GeoDataType”的客户端使用
                 with
                 [
                     _Elem=char,
                     _Traits=std::char_traits<char>,
                     _Ax=std::allocator<char>
                 ]
     1>f:\c++\code2.0\jni\include\vrmine\vr_core\geodatatype.h(30): warning C4251: “VirtualMine::Core::GeoDataType::GDT_DEM”: class“std::basic_string<_Elem,_Traits,_Ax>”需要有 dll 接口由 class“VirtualMine::Core::GeoDataType”的客户端使用
                 with
                 [
                     _Elem=char,
                     _Traits=std::char_traits<char>,
                     _Ax=std::allocator<char>
                 ]
     1>f:\c++\code2.0\jni\include\vrmine\vr_core\geodatatype.h(31): warning C4251: “VirtualMine::Core::GeoDataType::GDT_MODEL”: class“std::basic_string<_Elem,_Traits,_Ax>”需要有 dll 接口由 class“VirtualMine::Core::GeoDataType”的客户端使用
                 with
                 [
                     _Elem=char,
                     _Traits=std::char_traits<char>,
                     _Ax=std::allocator<char>
                 ]
     1>f:\c++\code2.0\jni\include\vrmine\vr_core\geodatatype.h(32): warning C4251: “VirtualMine::Core::GeoDataType::GDT_VECTOR”: class“std::basic_string<_Elem,_Traits,_Ax>”需要有 dll 接口由 class“VirtualMine::Core::GeoDataType”的客户端使用
                 with
                 [
                     _Elem=char,
                     _Traits=std::char_traits<char>,
                     _Ax=std::allocator<char>
                 ]
     1>f:\c++\code2.0\jni\include\vrmine\vr_core\geodatatype.h(33): warning C4251: “VirtualMine::Core::GeoDataType::GDT_LANWAY”: class“std::basic_string<_Elem,_Traits,_Ax>”需要有 dll 接口由 class“VirtualMine::Core::GeoDataType”的客户端使用
                 with
                 [
                     _Elem=char,
                     _Traits=std::char_traits<char>,
                     _Ax=std::allocator<char>
                 ]
     1>f:\c++\code2.0\jni\include\vrmine\vr_core\geodatatype.h(35): warning C4251: “VirtualMine::Core::GeoDataType::GDT_LANWAYPRO”: class“std::basic_string<_Elem,_Traits,_Ax>”需要有 dll 接口由 class“VirtualMine::Core::GeoDataType”的客户端使用
                 with
                 [
                     _Elem=char,
                     _Traits=std::char_traits<char>,
                     _Ax=std::allocator<char>
                 ]
     1>f:\c++\code2.0\jni\include\vrmine\vr_core\geodatatype.h(36): warning C4251: “VirtualMine::Core::GeoDataType::GDT_LANEWAYSECTION”: class“std::basic_string<_Elem,_Traits,_Ax>”需要有 dll 接口由 class“VirtualMine::Core::GeoDataType”的客户端使用
                 with
                 [
                     _Elem=char,
                     _Traits=std::char_traits<char>,
                     _Ax=std::allocator<char>
                 ]
     1>f:\c++\code2.0\jni\include\vrmine\vr_core\geodatatype.h(37): warning C4251: “VirtualMine::Core::GeoDataType::GDT_COALSEAM”: class“std::basic_string<_Elem,_Traits,_Ax>”需要有 dll 接口由 class“VirtualMine::Core::GeoDataType”的客户端使用
                 with
                 [
                     _Elem=char,
                     _Traits=std::char_traits<char>,
                     _Ax=std::allocator<char>
                 ]
     1>f:\c++\code2.0\jni\include\vrmine\vr_core\geodatatype.h(38): warning C4251: “VirtualMine::Core::GeoDataType::GDT_FAULT”: class“std::basic_string<_Elem,_Traits,_Ax>”需要有 dll 接口由 class“VirtualMine::Core::GeoDataType”的客户端使用
                 with
                 [
                     _Elem=char,
                     _Traits=std::char_traits<char>,
                     _Ax=std::allocator<char>
                 ]
     1>f:\c++\code2.0\jni\include\vrmine\vr_core\geodatatype.h(39): warning C4251: “VirtualMine::Core::GeoDataType::GDT_DRILL”: class“std::basic_string<_Elem,_Traits,_Ax>”需要有 dll 接口由 class“VirtualMine::Core::GeoDataType”的客户端使用
                 with
                 [
                     _Elem=char,
                     _Traits=std::char_traits<char>,
                     _Ax=std::allocator<char>
                 ]
     1>f:\c++\code2.0\jni\include\vrmine\vr_core\geodatatype.h(40): warning C4251: “VirtualMine::Core::GeoDataType::GDT_MINE”: class“std::basic_string<_Elem,_Traits,_Ax>”需要有 dll 接口由 class“VirtualMine::Core::GeoDataType”的客户端使用
                 with
                 [
                     _Elem=char,
                     _Traits=std::char_traits<char>,
                     _Ax=std::allocator<char>
                 ]
     1>f:\c++\code2.0\jni\include\vrmine\vr_core\geodatatype.h(41): warning C4251: “VirtualMine::Core::GeoDataType::GDT_MININGAREA”: class“std::basic_string<_Elem,_Traits,_Ax>”需要有 dll 接口由 class“VirtualMine::Core::GeoDataType”的客户端使用
                 with
                 [
                     _Elem=char,
                     _Traits=std::char_traits<char>,
                     _Ax=std::allocator<char>
                 ]
     1>f:\c++\code2.0\jni\include\vrmine\vr_core\geodatatype.h(42): warning C4251: “VirtualMine::Core::GeoDataType::GDT_POINT”: class“std::basic_string<_Elem,_Traits,_Ax>”需要有 dll 接口由 class“VirtualMine::Core::GeoDataType”的客户端使用
                 with
                 [
                     _Elem=char,
                     _Traits=std::char_traits<char>,
                     _Ax=std::allocator<char>
                 ]
     1>f:\c++\code2.0\jni\include\vrmine\vr_core\geodatatype.h(43): warning C4251: “VirtualMine::Core::GeoDataType::GDT_LINE”: class“std::basic_string<_Elem,_Traits,_Ax>”需要有 dll 接口由 class“VirtualMine::Core::GeoDataType”的客户端使用
                 with
                 [
                     _Elem=char,
                     _Traits=std::char_traits<char>,
                     _Ax=std::allocator<char>
                 ]
     1>f:\c++\code2.0\jni\include\vrmine\vr_core\geodatatype.h(44): warning C4251: “VirtualMine::Core::GeoDataType::GDT_POLYGON”: class“std::basic_string<_Elem,_Traits,_Ax>”需要有 dll 接口由 class“VirtualMine::Core::GeoDataType”的客户端使用
                 with
                 [
                     _Elem=char,
                     _Traits=std::char_traits<char>,
                     _Ax=std::allocator<char>
                 ]
     1>f:\c++\code2.0\jni\include\vrmine\vr_core\geodatatype.h(45): warning C4251: “VirtualMine::Core::GeoDataType::GDT_WORKINGPLANE”: class“std::basic_string<_Elem,_Traits,_Ax>”需要有 dll 接口由 class“VirtualMine::Core::GeoDataType”的客户端使用
                 with
                 [
                     _Elem=char,
                     _Traits=std::char_traits<char>,
                     _Ax=std::allocator<char>
                 ]
     1>f:\c++\code2.0\jni\include\vrmine\vr_core\geodatatype.h(46): warning C4251: “VirtualMine::Core::GeoDataType::GDT_TERRANE”: class“std::basic_string<_Elem,_Traits,_Ax>”需要有 dll 接口由 class“VirtualMine::Core::GeoDataType”的客户端使用
                 with
                 [
                     _Elem=char,
                     _Traits=std::char_traits<char>,
                     _Ax=std::allocator<char>
                 ]
     1>f:\c++\code2.0\jni\include\vrmine\vr_core\geodatatype.h(47): warning C4251: “VirtualMine::Core::GeoDataType::GDT_SHOTHOLE”: class“std::basic_string<_Elem,_Traits,_Ax>”需要有 dll 接口由 class“VirtualMine::Core::GeoDataType”的客户端使用
                 with
                 [
                     _Elem=char,
                     _Traits=std::char_traits<char>,
                     _Ax=std::allocator<char>
                 ]
     1>f:\c++\code2.0\jni\include\vrmine\vr_core\geodatatype.h(48): warning C4251: “VirtualMine::Core::GeoDataType::GDT_2DSHOTHOLE”: class“std::basic_string<_Elem,_Traits,_Ax>”需要有 dll 接口由 class“VirtualMine::Core::GeoDataType”的客户端使用
                 with
                 [
                     _Elem=char,
                     _Traits=std::char_traits<char>,
                     _Ax=std::allocator<char>
                 ]
     1>f:\c++\code2.0\jni\include\vrmine\vr_core\geodatatype.h(49): warning C4251: “VirtualMine::Core::GeoDataType::GDT_2DROCKLAYER”: class“std::basic_string<_Elem,_Traits,_Ax>”需要有 dll 接口由 class“VirtualMine::Core::GeoDataType”的客户端使用
                 with
                 [
                     _Elem=char,
                     _Traits=std::char_traits<char>,
                     _Ax=std::allocator<char>
                 ]
     1>f:\c++\code2.0\jni\include\vrmine\vr_core\geodatatype.h(50): warning C4251: “VirtualMine::Core::GeoDataType::GDT_ESCAPEROUTE”: class“std::basic_string<_Elem,_Traits,_Ax>”需要有 dll 接口由 class“VirtualMine::Core::GeoDataType”的客户端使用
                 with
                 [
                     _Elem=char,
                     _Traits=std::char_traits<char>,
                     _Ax=std::allocator<char>
                 ]
     1>f:\c++\code2.0\jni\include\vrmine\vr_core\geodatatype.h(52): warning C4251: “VirtualMine::Core::GeoDataType::GDT_CONORGANIZATION”: class“std::basic_string<_Elem,_Traits,_Ax>”需要有 dll 接口由 class“VirtualMine::Core::GeoDataType”的客户端使用
                 with
                 [
                     _Elem=char,
                     _Traits=std::char_traits<char>,
                     _Ax=std::allocator<char>
                 ]
     1>f:\c++\code2.0\jni\include\vrmine\vr_core\geodatatype.h(54): warning C4251: “VirtualMine::Core::GeoDataType::GDT_CONPROGRESS”: class“std::basic_string<_Elem,_Traits,_Ax>”需要有 dll 接口由 class“VirtualMine::Core::GeoDataType”的客户端使用
                 with
                 [
                     _Elem=char,
                     _Traits=std::char_traits<char>,
                     _Ax=std::allocator<char>
                 ]
     1>f:\c++\code2.0\jni\include\vrmine\vr_core\geodatatype.h(61): warning C4251: “VirtualMine::Core::GeoDatabaseType::GDBT_SQLITE”: class“std::basic_string<_Elem,_Traits,_Ax>”需要有 dll 接口由 class“VirtualMine::Core::GeoDatabaseType”的客户端使用
                 with
                 [
                     _Elem=char,
                     _Traits=std::char_traits<char>,
                     _Ax=std::allocator<char>
                 ]
     1>f:\c++\code2.0\jni\include\vrmine\vr_core\geodatatype.h(62): warning C4251: “VirtualMine::Core::GeoDatabaseType::GDBT_ACCESS”: class“std::basic_string<_Elem,_Traits,_Ax>”需要有 dll 接口由 class“VirtualMine::Core::GeoDatabaseType”的客户端使用
                 with
                 [
                     _Elem=char,
                     _Traits=std::char_traits<char>,
                     _Ax=std::allocator<char>
                 ]
     1>f:\c++\code2.0\jni\include\vrmine\vr_core\geodatatype.h(63): warning C4251: “VirtualMine::Core::GeoDatabaseType::GDBT_MYSQL”: class“std::basic_string<_Elem,_Traits,_Ax>”需要有 dll 接口由 class“VirtualMine::Core::GeoDatabaseType”的客户端使用
                 with
                 [
                     _Elem=char,
                     _Traits=std::char_traits<char>,
                     _Ax=std::allocator<char>
                 ]
     1>f:\c++\code2.0\jni\include\vrmine\vr_core\geodatatype.h(64): warning C4251: “VirtualMine::Core::GeoDatabaseType::GDBT_ORACLE”: class“std::basic_string<_Elem,_Traits,_Ax>”需要有 dll 接口由 class“VirtualMine::Core::GeoDatabaseType”的客户端使用
                 with
                 [
                     _Elem=char,
                     _Traits=std::char_traits<char>,
                     _Ax=std::allocator<char>
                 ]
     1>f:\c++\code2.0\jni\include\vrmine\vr_core\geodatatype.h(65): warning C4251: “VirtualMine::Core::GeoDatabaseType::GDBT_REMOTE”: class“std::basic_string<_Elem,_Traits,_Ax>”需要有 dll 接口由 class“VirtualMine::Core::GeoDatabaseType”的客户端使用
                 with
                 [
                     _Elem=char,
                     _Traits=std::char_traits<char>,
                     _Ax=std::allocator<char>
                 ]
     1>f:\c++\code2.0\jni\include\vrmine\vr_core\geodatatype.h(72): warning C4251: “VirtualMine::Core::GeoMaterialType::GMT_LANEWAY_NORMAL”: class“std::basic_string<_Elem,_Traits,_Ax>”需要有 dll 接口由 class“VirtualMine::Core::GeoMaterialType”的客户端使用
                 with
                 [
                     _Elem=char,
                     _Traits=std::char_traits<char>,
                     _Ax=std::allocator<char>
                 ]
     1>f:\c++\code2.0\jni\include\vrmine\vr_core\geodatatype.h(74): warning C4251: “VirtualMine::Core::GeoMaterialType::GMT_LANEWAY_NOAIR”: class“std::basic_string<_Elem,_Traits,_Ax>”需要有 dll 接口由 class“VirtualMine::Core::GeoMaterialType”的客户端使用
                 with
                 [
                     _Elem=char,
                     _Traits=std::char_traits<char>,
                     _Ax=std::allocator<char>
                 ]
     1>f:\c++\code2.0\jni\include\vrmine\vr_core\geodatatype.h(75): warning C4251: “VirtualMine::Core::GeoMaterialType::GMT_LANEWAY_FRESHWIND_FORWARD”: class“std::basic_string<_Elem,_Traits,_Ax>”需要有 dll 接口由 class“VirtualMine::Core::GeoMaterialType”的客户端使用
                 with
                 [
                     _Elem=char,
                     _Traits=std::char_traits<char>,
                     _Ax=std::allocator<char>
                 ]
     1>f:\c++\code2.0\jni\include\vrmine\vr_core\geodatatype.h(76): warning C4251: “VirtualMine::Core::GeoMaterialType::GMT_LANEWAY_FRESHWIND_REVERSE”: class“std::basic_string<_Elem,_Traits,_Ax>”需要有 dll 接口由 class“VirtualMine::Core::GeoMaterialType”的客户端使用
                 with
                 [
                     _Elem=char,
                     _Traits=std::char_traits<char>,
                     _Ax=std::allocator<char>
                 ]
     1>f:\c++\code2.0\jni\include\vrmine\vr_core\geodatatype.h(77): warning C4251: “VirtualMine::Core::GeoMaterialType::GMT_LANEWAY_WASTEWIND_FORWARD”: class“std::basic_string<_Elem,_Traits,_Ax>”需要有 dll 接口由 class“VirtualMine::Core::GeoMaterialType”的客户端使用
                 with
                 [
                     _Elem=char,
                     _Traits=std::char_traits<char>,
                     _Ax=std::allocator<char>
                 ]
     1>f:\c++\code2.0\jni\include\vrmine\vr_core\geodatatype.h(78): warning C4251: “VirtualMine::Core::GeoMaterialType::GMT_LANEWAY_WASTEWIND_REVERSE”: class“std::basic_string<_Elem,_Traits,_Ax>”需要有 dll 接口由 class“VirtualMine::Core::GeoMaterialType”的客户端使用
                 with
                 [
                     _Elem=char,
                     _Traits=std::char_traits<char>,
                     _Ax=std::allocator<char>
                 ]
         event.cpp
     1>f:\c++\code2.0\jni\include\vrmine\vr_core\event.h(275): warning C4251: “VirtualMine::Core::CEventQueue::mEvents”: class“std::vector<_Ty>”需要有 dll 接口由 class“VirtualMine::Core::CEventQueue”的客户端使用
                 with
                 [
                     _Ty=VirtualMine::Core::CEvent *
                 ]
     1>f:\c++\code2.0\jni\src\vr_core\event.cpp(38): warning C4800: “const int”: 将值强制为布尔值“true”或“false”(性能警告)
         正在生成代码...
       Link:
         E:\VS2010\install-vs\VC\bin\link.exe /ERRORREPORT:PROMPT /OUT:"F:\C++\code2.0\\bin\Debug\VR_Core_d.dll" /INCREMENTAL /NOLOGO /LIBPATH:F:\C++\code2.0\\bin\Debug\ /LIBPATH:F:\C++\code2.0\\jni\lib\ogre\debug /LIBPATH:F:\C++\code2.0\\jni\lib\boost OgreMain_d.lib kernel32.lib user32.lib gdi32.lib winspool.lib comdlg32.lib advapi32.lib shell32.lib ole32.lib oleaut32.lib uuid.lib odbc32.lib odbccp32.lib /MANIFEST /ManifestFile:"Debug\VR_Core_d.dll.intermediate.manifest" /MANIFESTUAC:"level='asInvoker' uiAccess='false'" /DEBUG /PDB:"F:\C++\code2.0\bin\Debug\VR_Core_d.pdb" /SUBSYSTEM:WINDOWS /TLBID:1 /DYNAMICBASE /NXCOMPAT /IMPLIB:"F:\C++\code2.0\\bin\Debug\VR_Core_d.lib" /MACHINE:X86 /DLL Debug\baseobject.obj
         Debug\event.obj
         Debug\factory.obj
         Debug\geodatatype.obj
         Debug\tinystr.obj
         Debug\tinyxml.obj
         Debug\tinyxmlerror.obj
         Debug\tinyxmlparser.obj
         Debug\userdata.obj
         Debug\variant.obj
            正在创建库 F:\C++\code2.0\\bin\Debug\VR_Core_d.lib 和对象 F:\C++\code2.0\\bin\Debug\VR_Core_d.exp
         VR_Core.vcxproj -> F:\C++\code2.0\\bin\Debug\VR_Core_d.dll
       Manifest:
         C:\Program Files (x86)\Microsoft SDKs\Windows\v7.0A\bin\mt.exe /nologo /verbose /out:"F:\C++\code2.0\\bin\Debug\VR_Core_d.dll.manifest" /manifest Debug\VR_Core_d.dll.intermediate.manifest
       FinalizeBuildStatus:
         正在删除文件“Debug\VR_Core.unsuccessfulbuild”。
         正在对“Debug\VR_Core.lastbuildstate”执行 Touch 任务。
     1>已完成生成项目“F:\C++\code2.0\jni\src\VR_Core\VR_Core.vcxproj”(build 个目标)的操作。

生成成功。

已用时间 00:00:01.65
