E:\code2.0\\bin\Debug\VR_Core_d.dll
E:\code2.0\\bin\Debug\VR_Core_d.dll.manifest
E:\code2.0\\bin\Debug\VR_Core_d.ilk
E:\code2.0\\bin\Debug\VR_Core_d.pdb
E:\CODE2.0\BIN\DEBUG\VR_CORE_D.DLL
E:\CODE2.0\BIN\DEBUG\VR_CORE_D.DLL.MANIFEST
E:\code2.0\bin\Debug\VR_Core_d.exp
E:\CODE2.0\BIN\DEBUG\VR_CORE_D.ILK
E:\code2.0\bin\Debug\VR_Core_d.lib
E:\CODE2.0\BIN\DEBUG\VR_CORE_D.PDB
E:\CODE2.0\JNI\SRC\VR_CORE\DEBUG\BASEOBJECT.OBJ
E:\code2.0\jni\src\VR_Core\Debug\cl.command.1.tlog
E:\code2.0\jni\src\VR_Core\Debug\CL.read.1.tlog
E:\code2.0\jni\src\VR_Core\Debug\CL.write.1.tlog
E:\CODE2.0\JNI\SRC\VR_CORE\DEBUG\EVENT.OBJ
E:\CODE2.0\JNI\SRC\VR_CORE\DEBUG\FACTORY.OBJ
E:\CODE2.0\JNI\SRC\VR_CORE\DEBUG\GEODATATYPE.OBJ
E:\code2.0\jni\src\VR_Core\Debug\link.command.1.tlog
E:\code2.0\jni\src\VR_Core\Debug\link.read.1.tlog
E:\code2.0\jni\src\VR_Core\Debug\link.write.1.tlog
E:\code2.0\jni\src\VR_Core\Debug\mt.command.1.tlog
E:\code2.0\jni\src\VR_Core\Debug\mt.read.1.tlog
E:\code2.0\jni\src\VR_Core\Debug\mt.write.1.tlog
E:\CODE2.0\JNI\SRC\VR_CORE\DEBUG\TINYSTR.OBJ
E:\CODE2.0\JNI\SRC\VR_CORE\DEBUG\TINYXML.OBJ
E:\CODE2.0\JNI\SRC\VR_CORE\DEBUG\TINYXMLERROR.OBJ
E:\CODE2.0\JNI\SRC\VR_CORE\DEBUG\TINYXMLPARSER.OBJ
E:\CODE2.0\JNI\SRC\VR_CORE\DEBUG\USERDATA.OBJ
E:\CODE2.0\JNI\SRC\VR_CORE\DEBUG\VARIANT.OBJ
E:\code2.0\jni\src\VR_Core\Debug\vc100.idb
E:\CODE2.0\JNI\SRC\VR_CORE\DEBUG\VC100.PDB
E:\code2.0\jni\src\VR_Core\Debug\VR_Core.vcxprojResolveAssemblyReference.cache
E:\code2.0\jni\src\VR_Core\Debug\VR_Core.write.1.tlog
E:\CODE2.0\JNI\SRC\VR_CORE\DEBUG\VR_CORE_D.DLL.INTERMEDIATE.MANIFEST
