E:\code2.0\\bin\Debug\VR_Arithmetic_d.dll
E:\code2.0\\bin\Debug\VR_Arithmetic_d.dll.manifest
E:\code2.0\\bin\Debug\VR_Arithmetic_d.ilk
E:\code2.0\\bin\Debug\VR_Arithmetic_d.pdb
E:\CODE2.0\BIN\DEBUG\VR_ARITHMETIC_D.DLL
E:\CODE2.0\BIN\DEBUG\VR_ARITHMETIC_D.DLL.MANIFEST
E:\code2.0\bin\Debug\VR_Arithmetic_d.exp
E:\CODE2.0\BIN\DEBUG\VR_ARITHMETIC_D.ILK
E:\code2.0\bin\Debug\VR_Arithmetic_d.lib
E:\CODE2.0\BIN\DEBUG\VR_ARITHMETIC_D.PDB
E:\code2.0\jni\src\VR_Arithmetic\Debug\cl.command.1.tlog
E:\code2.0\jni\src\VR_Arithmetic\Debug\CL.read.1.tlog
E:\code2.0\jni\src\VR_Arithmetic\Debug\CL.write.1.tlog
E:\CODE2.0\JNI\SRC\VR_ARITHMETIC\DEBUG\COALSEAM_MESHCREATOR.OBJ
E:\CODE2.0\JNI\SRC\VR_ARITHMETIC\DEBUG\DELAUNAYMATH.OBJ
E:\CODE2.0\JNI\SRC\VR_ARITHMETIC\DEBUG\DRILL_MESHCREATOR.OBJ
E:\CODE2.0\JNI\SRC\VR_ARITHMETIC\DEBUG\FAULT_MESHCREATOR.OBJ
E:\CODE2.0\JNI\SRC\VR_ARITHMETIC\DEBUG\GEOMESHCREATORREGISTER.OBJ
E:\CODE2.0\JNI\SRC\VR_ARITHMETIC\DEBUG\GEOMETRYARITHMETICLIBRARY.OBJ
E:\CODE2.0\JNI\SRC\VR_ARITHMETIC\DEBUG\ISOCONTOUR.OBJ
E:\CODE2.0\JNI\SRC\VR_ARITHMETIC\DEBUG\LANEWAY_MESHCREATOR.OBJ
E:\code2.0\jni\src\VR_Arithmetic\Debug\link.10492.read.1.tlog
E:\code2.0\jni\src\VR_Arithmetic\Debug\link.10492.write.1.tlog
E:\code2.0\jni\src\VR_Arithmetic\Debug\link.12636.read.1.tlog
E:\code2.0\jni\src\VR_Arithmetic\Debug\link.12636.write.1.tlog
E:\code2.0\jni\src\VR_Arithmetic\Debug\link.12936.read.1.tlog
E:\code2.0\jni\src\VR_Arithmetic\Debug\link.12936.write.1.tlog
E:\code2.0\jni\src\VR_Arithmetic\Debug\link.13112.read.1.tlog
E:\code2.0\jni\src\VR_Arithmetic\Debug\link.13112.write.1.tlog
E:\code2.0\jni\src\VR_Arithmetic\Debug\link.8012.read.1.tlog
E:\code2.0\jni\src\VR_Arithmetic\Debug\link.8012.write.1.tlog
E:\code2.0\jni\src\VR_Arithmetic\Debug\link.command.1.tlog
E:\code2.0\jni\src\VR_Arithmetic\Debug\link.read.1.tlog
E:\code2.0\jni\src\VR_Arithmetic\Debug\link.write.1.tlog
E:\CODE2.0\JNI\SRC\VR_ARITHMETIC\DEBUG\MINE_MESHCREATOR.OBJ
E:\CODE2.0\JNI\SRC\VR_ARITHMETIC\DEBUG\MININGAREA_MESHCREATOR.OBJ
E:\code2.0\jni\src\VR_Arithmetic\Debug\mt.command.1.tlog
E:\code2.0\jni\src\VR_Arithmetic\Debug\mt.read.1.tlog
E:\code2.0\jni\src\VR_Arithmetic\Debug\mt.write.1.tlog
E:\CODE2.0\JNI\SRC\VR_ARITHMETIC\DEBUG\RECTFLOOD_MESHCREATOR.OBJ
E:\CODE2.0\JNI\SRC\VR_ARITHMETIC\DEBUG\TERRANE_MESHCREATOR.OBJ
E:\code2.0\jni\src\VR_Arithmetic\Debug\vc100.idb
E:\CODE2.0\JNI\SRC\VR_ARITHMETIC\DEBUG\VC100.PDB
E:\code2.0\jni\src\VR_Arithmetic\Debug\VR_Arithmetic.vcxprojResolveAssemblyReference.cache
E:\code2.0\jni\src\VR_Arithmetic\Debug\VR_Arithmetic.write.1.tlog
E:\CODE2.0\JNI\SRC\VR_ARITHMETIC\DEBUG\VR_ARITHMETIC_D.DLL.INTERMEDIATE.MANIFEST
E:\CODE2.0\JNI\SRC\VR_ARITHMETIC\DEBUG\WORKINGPLANE_MESHCREATOR.OBJ
