E:\code2.0\\bin\Debug\VRSceneControlWidget_d.dll
E:\code2.0\\bin\Debug\VRSceneControlWidget_d.ilk
E:\code2.0\\bin\Debug\VRSceneControlWidget_d.pdb
E:\CODE2.0\BIN\DEBUG\VRSCENECONTROLWIDGET_D.DLL
E:\code2.0\bin\Debug\VRSceneControlWidget_d.exp
E:\CODE2.0\BIN\DEBUG\VRSCENECONTROLWIDGET_D.ILK
E:\code2.0\bin\Debug\VRSceneControlWidget_d.lib
E:\CODE2.0\BIN\DEBUG\VRSCENECONTROLWIDGET_D.PDB
E:\code2.0\jni\src\VR_Plugins\VRControl\Debug\cl.command.1.tlog
E:\code2.0\jni\src\VR_Plugins\VRControl\Debug\CL.read.1.tlog
E:\code2.0\jni\src\VR_Plugins\VRControl\Debug\CL.write.1.tlog
E:\code2.0\jni\src\VR_Plugins\VRControl\Debug\custombuild.command.1.tlog
E:\code2.0\jni\src\VR_Plugins\VRControl\Debug\custombuild.read.1.tlog
E:\code2.0\jni\src\VR_Plugins\VRControl\Debug\custombuild.write.1.tlog
E:\code2.0\jni\src\VR_Plugins\VRControl\Debug\link.command.1.tlog
E:\code2.0\jni\src\VR_Plugins\VRControl\Debug\link.read.1.tlog
E:\code2.0\jni\src\VR_Plugins\VRControl\Debug\link.write.1.tlog
E:\CODE2.0\JNI\SRC\VR_PLUGINS\VRCONTROL\DEBUG\MOC_VRCONTROL.OBJ
E:\CODE2.0\JNI\SRC\VR_PLUGINS\VRCONTROL\DEBUG\MOC_VRCONTROLPLUGIN.OBJ
E:\code2.0\jni\src\VR_Plugins\VRControl\Debug\mt.command.1.tlog
E:\code2.0\jni\src\VR_Plugins\VRControl\Debug\mt.read.1.tlog
E:\code2.0\jni\src\VR_Plugins\VRControl\Debug\mt.write.1.tlog
E:\CODE2.0\JNI\SRC\VR_PLUGINS\VRCONTROL\DEBUG\VC100.PDB
E:\CODE2.0\JNI\SRC\VR_PLUGINS\VRCONTROL\DEBUG\VRCONTROL.OBJ
E:\code2.0\jni\src\VR_Plugins\VRControl\Debug\VRControl.vcxprojResolveAssemblyReference.cache
E:\CODE2.0\JNI\SRC\VR_PLUGINS\VRCONTROL\DEBUG\VRCONTROLPLUGIN.OBJ
E:\code2.0\jni\src\VR_Plugins\VRControl\Debug\VRSceneControlWidget.write.1.tlog
E:\CODE2.0\JNI\SRC\VR_PLUGINS\VRCONTROL\DEBUG\VRSCENECONTROLWIDGET_D.DLL.INTERMEDIATE.MANIFEST
E:\CODE2.0\JNI\SRC\VR_PLUGINS\VRCONTROL\GENERATEDFILES\DEBUG\MOC_VRCONTROL.CPP
E:\CODE2.0\JNI\SRC\VR_PLUGINS\VRCONTROL\GENERATEDFILES\DEBUG\MOC_VRCONTROLPLUGIN.CPP
