生成启动时间为 2021/11/15 16:04:46。
     1>项目“F:\C++\code2.0\jni\src\VR_Geometry\VR_Geometry.vcxproj”在节点 2 上(build 个目标)。
     1>InitializeBuildStatus:
         正在对“Debug\VR_Geometry.unsuccessfulbuild”执行 Touch 任务。
       ClCompile:
         所有输出均为最新。
       Link:
         E:\VS2010\install-vs\VC\bin\link.exe /ERRORREPORT:PROMPT /OUT:"F:\C++\code2.0\\bin\Debug\VR_Geometry_d.dll" /INCREMENTAL /NOLOGO /LIBPATH:F:\C++\code2.0\\bin\Debug\ /LIBPATH:F:\C++\code2.0\\jni\lib\ogre\debug /LIBPATH:F:\C++\code2.0\\jni\lib\boost VR_Core_d.lib OgreMain_d.lib VR_MathEngine_d.lib VR_SpatialInterface_d.lib kernel32.lib user32.lib gdi32.lib winspool.lib comdlg32.lib advapi32.lib shell32.lib ole32.lib oleaut32.lib uuid.lib odbc32.lib odbccp32.lib /MANIFEST /ManifestFile:"Debug\VR_Geometry_d.dll.intermediate.manifest" /MANIFESTUAC:"level='asInvoker' uiAccess='false'" /DEBUG /PDB:"F:\C++\code2.0\bin\Debug\VR_Geometry_d.pdb" /SUBSYSTEM:WINDOWS /TLBID:1 /DYNAMICBASE /NXCOMPAT /IMPLIB:"F:\C++\code2.0\\bin\Debug\VR_Geometry_d.lib" /MACHINE:X86 /DLL Debug\coalseam.obj
         Debug\cylinder.obj
         Debug\drillhole.obj
         Debug\fault.obj
         Debug\laneway.obj
         Debug\line.obj
         Debug\mine.obj
         Debug\miningarea.obj
         Debug\point.obj
         Debug\polygon.obj
         Debug\surface.obj
         Debug\terrane.obj
         Debug\workingplane.obj
            正在创建库 F:\C++\code2.0\\bin\Debug\VR_Geometry_d.lib 和对象 F:\C++\code2.0\\bin\Debug\VR_Geometry_d.exp
         VR_Geometry.vcxproj -> F:\C++\code2.0\\bin\Debug\VR_Geometry_d.dll
       Manifest:
         C:\Program Files (x86)\Microsoft SDKs\Windows\v7.0A\bin\mt.exe /nologo /verbose /out:"F:\C++\code2.0\\bin\Debug\VR_Geometry_d.dll.manifest" /manifest Debug\VR_Geometry_d.dll.intermediate.manifest
       FinalizeBuildStatus:
         正在删除文件“Debug\VR_Geometry.unsuccessfulbuild”。
         正在对“Debug\VR_Geometry.lastbuildstate”执行 Touch 任务。
     1>已完成生成项目“F:\C++\code2.0\jni\src\VR_Geometry\VR_Geometry.vcxproj”(build 个目标)的操作。

生成成功。

已用时间 00:00:00.90
