E:\code2.0\\bin\Debug\VR_Geometry_d.dll
E:\code2.0\\bin\Debug\VR_Geometry_d.dll.manifest
E:\code2.0\\bin\Debug\VR_Geometry_d.ilk
E:\code2.0\\bin\Debug\VR_Geometry_d.pdb
E:\CODE2.0\BIN\DEBUG\VR_GEOMETRY_D.DLL
E:\CODE2.0\BIN\DEBUG\VR_GEOMETRY_D.DLL.MANIFEST
E:\code2.0\bin\Debug\VR_Geometry_d.exp
E:\CODE2.0\BIN\DEBUG\VR_GEOMETRY_D.ILK
E:\code2.0\bin\Debug\VR_Geometry_d.lib
E:\CODE2.0\BIN\DEBUG\VR_GEOMETRY_D.PDB
E:\code2.0\jni\src\VR_Geometry\Debug\cl.command.1.tlog
E:\code2.0\jni\src\VR_Geometry\Debug\CL.read.1.tlog
E:\code2.0\jni\src\VR_Geometry\Debug\CL.write.1.tlog
E:\CODE2.0\JNI\SRC\VR_GEOMETRY\DEBUG\COALSEAM.OBJ
E:\CODE2.0\JNI\SRC\VR_GEOMETRY\DEBUG\CYLINDER.OBJ
E:\CODE2.0\JNI\SRC\VR_GEOMETRY\DEBUG\DRILLHOLE.OBJ
E:\CODE2.0\JNI\SRC\VR_GEOMETRY\DEBUG\FAULT.OBJ
E:\CODE2.0\JNI\SRC\VR_GEOMETRY\DEBUG\LANEWAY.OBJ
E:\CODE2.0\JNI\SRC\VR_GEOMETRY\DEBUG\LINE.OBJ
E:\code2.0\jni\src\VR_Geometry\Debug\link.10824.read.1.tlog
E:\code2.0\jni\src\VR_Geometry\Debug\link.10824.write.1.tlog
E:\code2.0\jni\src\VR_Geometry\Debug\link.11236.read.1.tlog
E:\code2.0\jni\src\VR_Geometry\Debug\link.11236.write.1.tlog
E:\code2.0\jni\src\VR_Geometry\Debug\link.command.1.tlog
E:\code2.0\jni\src\VR_Geometry\Debug\link.read.1.tlog
E:\code2.0\jni\src\VR_Geometry\Debug\link.write.1.tlog
E:\CODE2.0\JNI\SRC\VR_GEOMETRY\DEBUG\MINE.OBJ
E:\CODE2.0\JNI\SRC\VR_GEOMETRY\DEBUG\MININGAREA.OBJ
E:\code2.0\jni\src\VR_Geometry\Debug\mt.command.1.tlog
E:\code2.0\jni\src\VR_Geometry\Debug\mt.read.1.tlog
E:\code2.0\jni\src\VR_Geometry\Debug\mt.write.1.tlog
E:\CODE2.0\JNI\SRC\VR_GEOMETRY\DEBUG\POINT.OBJ
E:\CODE2.0\JNI\SRC\VR_GEOMETRY\DEBUG\POLYGON.OBJ
E:\CODE2.0\JNI\SRC\VR_GEOMETRY\DEBUG\SURFACE.OBJ
E:\CODE2.0\JNI\SRC\VR_GEOMETRY\DEBUG\TERRANE.OBJ
E:\code2.0\jni\src\VR_Geometry\Debug\vc100.idb
E:\CODE2.0\JNI\SRC\VR_GEOMETRY\DEBUG\VC100.PDB
E:\code2.0\jni\src\VR_Geometry\Debug\VR_Geometry.vcxprojResolveAssemblyReference.cache
E:\code2.0\jni\src\VR_Geometry\Debug\VR_Geometry.write.1.tlog
E:\CODE2.0\JNI\SRC\VR_GEOMETRY\DEBUG\VR_GEOMETRY_D.DLL.INTERMEDIATE.MANIFEST
E:\CODE2.0\JNI\SRC\VR_GEOMETRY\DEBUG\WORKINGPLANE.OBJ
