生成启动时间为 15-9-4 13:27:51。
     1>项目“E:\code2.0\jni\src\VR_SpatialObject\VR_SpatialObject.vcxproj”在节点 4 上(build 个目标)。
     1>InitializeBuildStatus:
         正在创建“Release\VR_SpatialObject.unsuccessfulbuild”，因为已指定“AlwaysCreate”。
       ClCompile:
         所有输出均为最新。
       Link:
         C:\Program Files (x86)\Microsoft Visual Studio 10.0\VC\bin\link.exe /ERRORREPORT:PROMPT /OUT:"E:\code2.0\\bin\Release\VR_SpatialObject.dll" /INCREMENTAL:NO /NOLOGO /LIBPATH:E:\code2.0\\bin\Release\ /LIBPATH:E:\code2.0\\jni\lib\boost /LIBPATH:E:\code2.0\\jni\lib\ogre\release VR_Core.lib VR_Style.lib VR_Geometry.lib VR_DatabaseEngine.lib VR_SpatialInterface.lib OgreMain.lib VR_MathEngine.lib kernel32.lib user32.lib gdi32.lib winspool.lib comdlg32.lib advapi32.lib shell32.lib ole32.lib oleaut32.lib uuid.lib odbc32.lib odbccp32.lib /MANIFEST /ManifestFile:"Release\VR_SpatialObject.dll.intermediate.manifest" /MANIFESTUAC:"level='asInvoker' uiAccess='false'" /PDB:"E:\code2.0\bin\Release\VR_SpatialObject.pdb" /SUBSYSTEM:WINDOWS /OPT:REF /OPT:ICF /LTCG /TLBID:1 /DYNAMICBASE /NXCOMPAT /IMPLIB:"E:\code2.0\\bin\Release\VR_SpatialObject.lib" /MACHINE:X86 /DLL Release\cardmodelproperty.obj
         Release\coalseamobject.obj
         Release\coalseamproperty.obj
         Release\demobject.obj
         Release\drillobject.obj
         Release\drillproperty.obj
         Release\faultobject.obj
         Release\faultproperty.obj
         Release\flagobject.obj
         Release\geofactoryregister.obj
         Release\geoline.obj
         Release\geopoint.obj
         Release\imageobject.obj
         Release\imageproperty.obj
         Release\lanewayproperty.obj
         Release\lanwayobject.obj
         Release\mineobject.obj
         Release\mineproperty.obj
         Release\miningareaobject.obj
         Release\miningareaproperty.obj
         Release\modelobject.obj
         Release\jiancemodelproperty.obj
         Release\modelproperty.obj
         Release\terraneobject.obj
         Release\terraneproperty.obj
         Release\workingplaneobject.obj
         Release\workingplaneproperty.obj
            正在创建库 E:\code2.0\\bin\Release\VR_SpatialObject.lib 和对象 E:\code2.0\\bin\Release\VR_SpatialObject.exp
         正在生成代码
         已完成代码的生成
         VR_SpatialObject.vcxproj -> E:\code2.0\\bin\Release\VR_SpatialObject.dll
       Manifest:
         C:\Program Files (x86)\Microsoft SDKs\Windows\v7.0A\bin\mt.exe /nologo /verbose /outputresource:"E:\code2.0\\bin\Release\VR_SpatialObject.dll;#2" /manifest Release\VR_SpatialObject.dll.intermediate.manifest
       FinalizeBuildStatus:
         正在删除文件“Release\VR_SpatialObject.unsuccessfulbuild”。
         正在对“Release\VR_SpatialObject.lastbuildstate”执行 Touch 任务。
     1>已完成生成项目“E:\code2.0\jni\src\VR_SpatialObject\VR_SpatialObject.vcxproj”(build 个目标)的操作。

生成成功。

已用时间 00:00:23.17
