E:\code2.0\\bin\Release\VR_SpatialObject.dll
E:\code2.0\\bin\Release\VR_SpatialObject.pdb
E:\CODE2.0\BIN\RELEASE\VR_SPATIALOBJECT.DLL
E:\code2.0\bin\Release\VR_SpatialObject.exp
E:\code2.0\bin\Release\VR_SpatialObject.lib
E:\CODE2.0\BIN\RELEASE\VR_SPATIALOBJECT.PDB
E:\CODE2.0\JNI\SRC\VR_SPATIALOBJECT\RELEASE\CARDMODELPROPERTY.OBJ
E:\code2.0\jni\src\VR_SpatialObject\Release\cl.command.1.tlog
E:\code2.0\jni\src\VR_SpatialObject\Release\CL.read.1.tlog
E:\code2.0\jni\src\VR_SpatialObject\Release\CL.write.1.tlog
E:\CODE2.0\JNI\SRC\VR_SPATIALOBJECT\RELEASE\COALSEAMOBJECT.OBJ
E:\CODE2.0\JNI\SRC\VR_SPATIALOBJECT\RELEASE\COALSEAMPROPERTY.OBJ
E:\CODE2.0\JNI\SRC\VR_SPATIALOBJECT\RELEASE\DEMOBJECT.OBJ
E:\CODE2.0\JNI\SRC\VR_SPATIALOBJECT\RELEASE\DRILLOBJECT.OBJ
E:\CODE2.0\JNI\SRC\VR_SPATIALOBJECT\RELEASE\DRILLPROPERTY.OBJ
E:\CODE2.0\JNI\SRC\VR_SPATIALOBJECT\RELEASE\FAULTOBJECT.OBJ
E:\CODE2.0\JNI\SRC\VR_SPATIALOBJECT\RELEASE\FAULTPROPERTY.OBJ
E:\CODE2.0\JNI\SRC\VR_SPATIALOBJECT\RELEASE\GEOFACTORYREGISTER.OBJ
E:\CODE2.0\JNI\SRC\VR_SPATIALOBJECT\RELEASE\GEOLINE.OBJ
E:\CODE2.0\JNI\SRC\VR_SPATIALOBJECT\RELEASE\GEOPOINT.OBJ
E:\CODE2.0\JNI\SRC\VR_SPATIALOBJECT\RELEASE\IMAGEOBJECT.OBJ
E:\CODE2.0\JNI\SRC\VR_SPATIALOBJECT\RELEASE\IMAGEPROPERTY.OBJ
E:\CODE2.0\JNI\SRC\VR_SPATIALOBJECT\RELEASE\JIANCEMODELPROPERTY.OBJ
E:\CODE2.0\JNI\SRC\VR_SPATIALOBJECT\RELEASE\LANEWAYPROPERTY.OBJ
E:\CODE2.0\JNI\SRC\VR_SPATIALOBJECT\RELEASE\LANWAYOBJECT.OBJ
E:\code2.0\jni\src\VR_SpatialObject\Release\link.command.1.tlog
E:\code2.0\jni\src\VR_SpatialObject\Release\link.read.1.tlog
E:\code2.0\jni\src\VR_SpatialObject\Release\link.write.1.tlog
E:\CODE2.0\JNI\SRC\VR_SPATIALOBJECT\RELEASE\MINEOBJECT.OBJ
E:\CODE2.0\JNI\SRC\VR_SPATIALOBJECT\RELEASE\MINEPROPERTY.OBJ
E:\CODE2.0\JNI\SRC\VR_SPATIALOBJECT\RELEASE\MININGAREAOBJECT.OBJ
E:\CODE2.0\JNI\SRC\VR_SPATIALOBJECT\RELEASE\MININGAREAPROPERTY.OBJ
E:\CODE2.0\JNI\SRC\VR_SPATIALOBJECT\RELEASE\MODELOBJECT.OBJ
E:\CODE2.0\JNI\SRC\VR_SPATIALOBJECT\RELEASE\MODELPROPERTY.OBJ
E:\code2.0\jni\src\VR_SpatialObject\Release\mt.command.1.tlog
E:\code2.0\jni\src\VR_SpatialObject\Release\mt.read.1.tlog
E:\code2.0\jni\src\VR_SpatialObject\Release\mt.write.1.tlog
E:\CODE2.0\JNI\SRC\VR_SPATIALOBJECT\RELEASE\TERRANEOBJECT.OBJ
E:\CODE2.0\JNI\SRC\VR_SPATIALOBJECT\RELEASE\TERRANEPROPERTY.OBJ
E:\CODE2.0\JNI\SRC\VR_SPATIALOBJECT\RELEASE\VC100.PDB
E:\CODE2.0\JNI\SRC\VR_SPATIALOBJECT\RELEASE\VR_SPATIALOBJECT.DLL.INTERMEDIATE.MANIFEST
E:\code2.0\jni\src\VR_SpatialObject\Release\VR_SpatialObject.write.1.tlog
E:\CODE2.0\JNI\SRC\VR_SPATIALOBJECT\RELEASE\WORKINGPLANEOBJECT.OBJ
E:\CODE2.0\JNI\SRC\VR_SPATIALOBJECT\RELEASE\WORKINGPLANEPROPERTY.OBJ
