E:\code2.0\\bin\Release\VR_SpatialInterface.dll
E:\CODE2.0\BIN\RELEASE\VR_SPATIALINTERFACE.DLL
E:\code2.0\bin\Release\VR_SpatialInterface.exp
E:\code2.0\bin\Release\VR_SpatialInterface.lib
E:\code2.0\jni\src\VR_SpatialInterface\Release\cl.command.1.tlog
E:\code2.0\jni\src\VR_SpatialInterface\Release\CL.read.1.tlog
E:\code2.0\jni\src\VR_SpatialInterface\Release\CL.write.1.tlog
E:\CODE2.0\JNI\SRC\VR_SPATIALINTERFACE\RELEASE\EVENTOBJECT.OBJ
E:\CODE2.0\JNI\SRC\VR_SPATIALINTERFACE\RELEASE\IGEOFACTORY.OBJ
E:\CODE2.0\JNI\SRC\VR_SPATIALINTERFACE\RELEASE\IGEOMESHCREATOR.OBJ
E:\CODE2.0\JNI\SRC\VR_SPATIALINTERFACE\RELEASE\IGEOMETRY.OBJ
E:\CODE2.0\JNI\SRC\VR_SPATIALINTERFACE\RELEASE\IGEOOBJECT.OBJ
E:\CODE2.0\JNI\SRC\VR_SPATIALINTERFACE\RELEASE\IGEOPROPERTY.OBJ
E:\CODE2.0\JNI\SRC\VR_SPATIALINTERFACE\RELEASE\ILAYER.OBJ
E:\CODE2.0\JNI\SRC\VR_SPATIALINTERFACE\RELEASE\IRENDERABLEOBJECT.OBJ
E:\CODE2.0\JNI\SRC\VR_SPATIALINTERFACE\RELEASE\ISCENE.OBJ
E:\CODE2.0\JNI\SRC\VR_SPATIALINTERFACE\RELEASE\ISPATIALREFERENCE.OBJ
E:\CODE2.0\JNI\SRC\VR_SPATIALINTERFACE\RELEASE\ISTYLE.OBJ
E:\CODE2.0\JNI\SRC\VR_SPATIALINTERFACE\RELEASE\ITOOL.OBJ
E:\CODE2.0\JNI\SRC\VR_SPATIALINTERFACE\RELEASE\IWIDGET.OBJ
E:\code2.0\jni\src\VR_SpatialInterface\Release\link.command.1.tlog
E:\code2.0\jni\src\VR_SpatialInterface\Release\link.read.1.tlog
E:\code2.0\jni\src\VR_SpatialInterface\Release\link.write.1.tlog
E:\code2.0\jni\src\VR_SpatialInterface\Release\mt.command.1.tlog
E:\code2.0\jni\src\VR_SpatialInterface\Release\mt.read.1.tlog
E:\code2.0\jni\src\VR_SpatialInterface\Release\mt.write.1.tlog
E:\CODE2.0\JNI\SRC\VR_SPATIALINTERFACE\RELEASE\PARAMETER .OBJ
E:\CODE2.0\JNI\SRC\VR_SPATIALINTERFACE\RELEASE\VC100.PDB
E:\CODE2.0\JNI\SRC\VR_SPATIALINTERFACE\RELEASE\VR_SPATIALINTERFACE.DLL.INTERMEDIATE.MANIFEST
E:\code2.0\jni\src\VR_SpatialInterface\Release\VR_SpatialInterface.write.1.tlog
