E:\code2.0\\bin\Release\VRDataSourceTreeWidget_ForQt.dll
E:\CODE2.0\BIN\RELEASE\VRDATASOURCETREEWIDGET_FORQT.DLL
E:\code2.0\bin\Release\VRDataSourceTreeWidget_ForQt.exp
E:\code2.0\bin\Release\VRDataSourceTreeWidget_ForQt.lib
E:\CODE2.0\JNI\SRC\VR_PLUGINSFORQT\VR_DATASOURCETREEWIDGET\GENERATEDFILES\RELEASE\MOC_VRDATASOURCETREEWIDGET.CPP
E:\CODE2.0\JNI\SRC\VR_PLUGINSFORQT\VR_DATASOURCETREEWIDGET\GENERATEDFILES\RELEASE\MOC_VRDATASOURCETREEWIDGETPLUGIN.CPP
E:\code2.0\jni\src\VR_PluginsForQT\VR_DataSourceTreeWidget\Release\cl.command.1.tlog
E:\code2.0\jni\src\VR_PluginsForQT\VR_DataSourceTreeWidget\Release\CL.read.1.tlog
E:\code2.0\jni\src\VR_PluginsForQT\VR_DataSourceTreeWidget\Release\CL.write.1.tlog
E:\code2.0\jni\src\VR_PluginsForQT\VR_DataSourceTreeWidget\Release\custombuild.command.1.tlog
E:\code2.0\jni\src\VR_PluginsForQT\VR_DataSourceTreeWidget\Release\custombuild.read.1.tlog
E:\code2.0\jni\src\VR_PluginsForQT\VR_DataSourceTreeWidget\Release\custombuild.write.1.tlog
E:\code2.0\jni\src\VR_PluginsForQT\VR_DataSourceTreeWidget\Release\link.command.1.tlog
E:\code2.0\jni\src\VR_PluginsForQT\VR_DataSourceTreeWidget\Release\link.read.1.tlog
E:\code2.0\jni\src\VR_PluginsForQT\VR_DataSourceTreeWidget\Release\link.write.1.tlog
E:\CODE2.0\JNI\SRC\VR_PLUGINSFORQT\VR_DATASOURCETREEWIDGET\RELEASE\MOC_VRDATASOURCETREEWIDGET.OBJ
E:\CODE2.0\JNI\SRC\VR_PLUGINSFORQT\VR_DATASOURCETREEWIDGET\RELEASE\MOC_VRDATASOURCETREEWIDGETPLUGIN.OBJ
E:\code2.0\jni\src\VR_PluginsForQT\VR_DataSourceTreeWidget\Release\mt.command.1.tlog
E:\code2.0\jni\src\VR_PluginsForQT\VR_DataSourceTreeWidget\Release\mt.read.1.tlog
E:\code2.0\jni\src\VR_PluginsForQT\VR_DataSourceTreeWidget\Release\mt.write.1.tlog
E:\CODE2.0\JNI\SRC\VR_PLUGINSFORQT\VR_DATASOURCETREEWIDGET\RELEASE\VRDATASOURCETREEWIDGET.OBJ
E:\code2.0\jni\src\VR_PluginsForQT\VR_DataSourceTreeWidget\Release\VRDataSourceTreeWidget.write.1.tlog
E:\CODE2.0\JNI\SRC\VR_PLUGINSFORQT\VR_DATASOURCETREEWIDGET\RELEASE\VRDATASOURCETREEWIDGET_FORQT.DLL.INTERMEDIATE.MANIFEST
E:\CODE2.0\JNI\SRC\VR_PLUGINSFORQT\VR_DATASOURCETREEWIDGET\RELEASE\VRDATASOURCETREEWIDGETPLUGIN.OBJ
