生成启动时间为 2021/7/30 12:47:37。
     1>项目“F:\矿大\爆破项目\code2.1\code2.0\jni\src\VR_PluginsForQT\VRControl\VRControl.vcxproj”在节点 2 上(build 个目标)。
     1>InitializeBuildStatus:
         正在创建“Debug\VRSceneControlWidget.unsuccessfulbuild”，因为已指定“AlwaysCreate”。
       ComputeCustomBuildOutput:
         正在创建目录“F:\矿大\爆破项目\code2.1\code2.0\jni\src\VR_PluginsForQT\VRControl\GeneratedFiles\Debug\”。
       CustomBuild:
         Moc'ing vrcontrol.h...
         Moc'ing vrcontrolplugin.h...
       ClCompile:
         E:\VS2010\install-vs\VC\bin\CL.exe /c /I.\GeneratedFiles /I. /I"E:\VS2010\QT4.8.6\QT-4.8.6install\include" /I.\GeneratedFiles\Debug /I"E:\VS2010\QT4.8.6\QT-4.8.6install\include\QtDesigner" /I"E:\VS2010\QT4.8.6\QT-4.8.6install\include\QtCore" /I"E:\VS2010\QT4.8.6\QT-4.8.6install\include\QtGui" /Zi /nologo /W1 /WX- /Od /Oy- /D UNICODE /D WIN32 /D QT_DLL /D QT_PLUGIN /D QDESIGNER_EXPORT_WIDGETS /D QT_CORE_LIB /D QT_GUI_LIB /D _WINDLL /Gm- /EHsc /MDd /GS /fp:precise /Zc:wchar_t- /Zc:forScope /Fo"Debug\\" /Fd"Debug\vc100.pdb" /Gd /TP /analyze- /errorReport:prompt GeneratedFiles\Debug\moc_vrcontrol.cpp GeneratedFiles\Debug\moc_vrcontrolplugin.cpp vrcontrol.cpp vrcontrolplugin.cpp
         moc_vrcontrol.cpp
         moc_vrcontrolplugin.cpp
         vrcontrol.cpp
         vrcontrolplugin.cpp
     1>vrcontrolplugin.cpp(13): warning C4138: 在注释外找到“*/”
         正在生成代码...
     1>C:\Program Files (x86)\MSBuild\Microsoft.Cpp\v4.0\Microsoft.CppBuild.targets(990,5): warning MSB8012: TargetPath(F:\矿大\爆破项目\code2.1\code2.0\\bin\Debug\VRSceneControlWidget_ForQt.dll) 与 Linker 的 OutputFile 属性值(F:\矿大\爆破项目\code2.1\code2.0\bin\Debug\VRSceneControlWidget_d_ForQt.dll)不匹配。这可能导致项目生成不正确。若要更正此问题，请确保 $(OutDir)、$(TargetName) 和 $(TargetExt) 属性值与 %(Link.OutputFile) 中指定的值匹配。
     1>C:\Program Files (x86)\MSBuild\Microsoft.Cpp\v4.0\Microsoft.CppBuild.targets(992,5): warning MSB8012: TargetName(VRSceneControlWidget_ForQt) 与 Linker 的 OutputFile 属性值(VRSceneControlWidget_d_ForQt)不匹配。这可能导致项目生成不正确。若要更正此问题，请确保 $(OutDir)、$(TargetName) 和 $(TargetExt) 属性值与 %(Link.OutputFile) 中指定的值匹配。
       Link:
         E:\VS2010\install-vs\VC\bin\link.exe /ERRORREPORT:PROMPT /OUT:"F:\矿大\爆破项目\code2.1\code2.0\\bin\Debug\\VRSceneControlWidget_d_ForQt.dll" /NOLOGO /LIBPATH:"E:\VS2010\QT4.8.6\QT-4.8.6install\lib" qtmaind.lib QtDesignerd4.lib QtCored4.lib QtGuid4.lib kernel32.lib user32.lib gdi32.lib winspool.lib comdlg32.lib advapi32.lib shell32.lib ole32.lib oleaut32.lib uuid.lib odbc32.lib odbccp32.lib /MANIFEST /ManifestFile:"Debug\VRSceneControlWidget_ForQt.dll.intermediate.manifest" /MANIFESTUAC:"level='asInvoker' uiAccess='false'" /DEBUG /PDB:"F:\矿大\爆破项目\code2.1\code2.0\bin\Debug\VRSceneControlWidget_ForQt.pdb" /SUBSYSTEM:WINDOWS /TLBID:1 /DYNAMICBASE /NXCOMPAT /IMPLIB:"F:\矿大\爆破项目\code2.1\code2.0\\bin\Debug\VRSceneControlWidget_ForQt.lib" /MACHINE:X86 /DLL Debug\moc_vrcontrol.obj
         Debug\moc_vrcontrolplugin.obj
         Debug\vrcontrol.obj
         Debug\vrcontrolplugin.obj
         LINK : 没有找到 F:\矿大\爆破项目\code2.1\code2.0\\bin\Debug\\VRSceneControlWidget_d_ForQt.dll 或上一个增量链接没有生成它；正在执行完全链接
            正在创建库 F:\矿大\爆破项目\code2.1\code2.0\\bin\Debug\VRSceneControlWidget_ForQt.lib 和对象 F:\矿大\爆破项目\code2.1\code2.0\\bin\Debug\VRSceneControlWidget_ForQt.exp
         VRControl.vcxproj -> F:\矿大\爆破项目\code2.1\code2.0\\bin\Debug\VRSceneControlWidget_ForQt.dll
       Manifest:
         C:\Program Files (x86)\Microsoft SDKs\Windows\v7.0A\bin\mt.exe /nologo /verbose /outputresource:"F:\矿大\爆破项目\code2.1\code2.0\\bin\Debug\\VRSceneControlWidget_d_ForQt.dll;#2" /manifest Debug\VRSceneControlWidget_ForQt.dll.intermediate.manifest
       FinalizeBuildStatus:
         正在删除文件“Debug\VRSceneControlWidget.unsuccessfulbuild”。
         正在对“Debug\VRSceneControlWidget.lastbuildstate”执行 Touch 任务。
     1>已完成生成项目“F:\矿大\爆破项目\code2.1\code2.0\jni\src\VR_PluginsForQT\VRControl\VRControl.vcxproj”(build 个目标)的操作。

生成成功。

已用时间 00:00:03.77
