E:\code2.0\\bin\Debug\VRSceneControlWidget_ForQt.pdb
E:\CODE2.0\BIN\DEBUG\VRSCENECONTROLWIDGET_D_FORQT.DLL
E:\CODE2.0\BIN\DEBUG\VRSCENECONTROLWIDGET_D_FORQT.ILK
E:\code2.0\bin\Debug\VRSceneControlWidget_ForQt.exp
E:\code2.0\bin\Debug\VRSceneControlWidget_ForQt.lib
E:\CODE2.0\BIN\DEBUG\VRSCENECONTROLWIDGET_FORQT.PDB
E:\code2.0\jni\src\VR_PluginsForQT\VRControl\Debug\cl.command.1.tlog
E:\code2.0\jni\src\VR_PluginsForQT\VRControl\Debug\CL.read.1.tlog
E:\code2.0\jni\src\VR_PluginsForQT\VRControl\Debug\CL.write.1.tlog
E:\code2.0\jni\src\VR_PluginsForQT\VRControl\Debug\custombuild.command.1.tlog
E:\code2.0\jni\src\VR_PluginsForQT\VRControl\Debug\custombuild.read.1.tlog
E:\code2.0\jni\src\VR_PluginsForQT\VRControl\Debug\custombuild.write.1.tlog
E:\code2.0\jni\src\VR_PluginsForQT\VRControl\Debug\link.command.1.tlog
E:\code2.0\jni\src\VR_PluginsForQT\VRControl\Debug\link.read.1.tlog
E:\code2.0\jni\src\VR_PluginsForQT\VRControl\Debug\link.write.1.tlog
E:\CODE2.0\JNI\SRC\VR_PLUGINSFORQT\VRCONTROL\DEBUG\MOC_VRCONTROL.OBJ
E:\CODE2.0\JNI\SRC\VR_PLUGINSFORQT\VRCONTROL\DEBUG\MOC_VRCONTROLPLUGIN.OBJ
E:\code2.0\jni\src\VR_PluginsForQT\VRControl\Debug\mt.command.1.tlog
E:\code2.0\jni\src\VR_PluginsForQT\VRControl\Debug\mt.read.1.tlog
E:\code2.0\jni\src\VR_PluginsForQT\VRControl\Debug\mt.write.1.tlog
E:\CODE2.0\JNI\SRC\VR_PLUGINSFORQT\VRCONTROL\DEBUG\VC100.PDB
E:\CODE2.0\JNI\SRC\VR_PLUGINSFORQT\VRCONTROL\DEBUG\VRCONTROL.OBJ
E:\CODE2.0\JNI\SRC\VR_PLUGINSFORQT\VRCONTROL\DEBUG\VRCONTROLPLUGIN.OBJ
E:\code2.0\jni\src\VR_PluginsForQT\VRControl\Debug\VRSceneControlWidget.write.1.tlog
E:\CODE2.0\JNI\SRC\VR_PLUGINSFORQT\VRCONTROL\DEBUG\VRSCENECONTROLWIDGET_FORQT.DLL.INTERMEDIATE.MANIFEST
E:\CODE2.0\JNI\SRC\VR_PLUGINSFORQT\VRCONTROL\GENERATEDFILES\DEBUG\MOC_VRCONTROL.CPP
E:\CODE2.0\JNI\SRC\VR_PLUGINSFORQT\VRCONTROL\GENERATEDFILES\DEBUG\MOC_VRCONTROLPLUGIN.CPP
