E:\code2.0\\bin\Debug\VR_SceneControl_d.dll
E:\code2.0\\bin\Debug\VR_SceneControl_d.dll.manifest
E:\code2.0\\bin\Debug\VR_SceneControl_d.ilk
E:\code2.0\\bin\Debug\VR_SceneControl_d.pdb
E:\CODE2.0\BIN\DEBUG\VR_SCENECONTROL_D.DLL
E:\CODE2.0\BIN\DEBUG\VR_SCENECONTROL_D.DLL.MANIFEST
E:\code2.0\bin\Debug\VR_SceneControl_d.exp
E:\CODE2.0\BIN\DEBUG\VR_SCENECONTROL_D.ILK
E:\code2.0\bin\Debug\VR_SceneControl_d.lib
E:\CODE2.0\BIN\DEBUG\VR_SCENECONTROL_D.PDB
E:\code2.0\jni\src\VR_SceneControl\Debug\cl.command.1.tlog
E:\code2.0\jni\src\VR_SceneControl\Debug\CL.read.1.tlog
E:\code2.0\jni\src\VR_SceneControl\Debug\CL.write.1.tlog
E:\CODE2.0\JNI\SRC\VR_SCENECONTROL\DEBUG\GEOSPATIALCONTROL.OBJ
E:\CODE2.0\JNI\SRC\VR_SCENECONTROL\DEBUG\GEOSPATIALSCENE.OBJ
E:\code2.0\jni\src\VR_SceneControl\Debug\link.10456.read.1.tlog
E:\code2.0\jni\src\VR_SceneControl\Debug\link.10456.write.1.tlog
E:\code2.0\jni\src\VR_SceneControl\Debug\link.11840.read.1.tlog
E:\code2.0\jni\src\VR_SceneControl\Debug\link.11840.write.1.tlog
E:\code2.0\jni\src\VR_SceneControl\Debug\link.12108.read.1.tlog
E:\code2.0\jni\src\VR_SceneControl\Debug\link.12108.write.1.tlog
E:\code2.0\jni\src\VR_SceneControl\Debug\link.13000.read.1.tlog
E:\code2.0\jni\src\VR_SceneControl\Debug\link.13000.write.1.tlog
E:\code2.0\jni\src\VR_SceneControl\Debug\link.13264.read.1.tlog
E:\code2.0\jni\src\VR_SceneControl\Debug\link.13264.write.1.tlog
E:\code2.0\jni\src\VR_SceneControl\Debug\link.13608.read.1.tlog
E:\code2.0\jni\src\VR_SceneControl\Debug\link.13608.write.1.tlog
E:\code2.0\jni\src\VR_SceneControl\Debug\link.14084.read.1.tlog
E:\code2.0\jni\src\VR_SceneControl\Debug\link.14084.write.1.tlog
E:\code2.0\jni\src\VR_SceneControl\Debug\link.14572.read.1.tlog
E:\code2.0\jni\src\VR_SceneControl\Debug\link.14572.write.1.tlog
E:\code2.0\jni\src\VR_SceneControl\Debug\link.1916.read.1.tlog
E:\code2.0\jni\src\VR_SceneControl\Debug\link.1916.write.1.tlog
E:\code2.0\jni\src\VR_SceneControl\Debug\link.9728.read.1.tlog
E:\code2.0\jni\src\VR_SceneControl\Debug\link.9728.write.1.tlog
E:\code2.0\jni\src\VR_SceneControl\Debug\link.command.1.tlog
E:\code2.0\jni\src\VR_SceneControl\Debug\link.read.1.tlog
E:\code2.0\jni\src\VR_SceneControl\Debug\link.write.1.tlog
E:\code2.0\jni\src\VR_SceneControl\Debug\mt.command.1.tlog
E:\code2.0\jni\src\VR_SceneControl\Debug\mt.read.1.tlog
E:\code2.0\jni\src\VR_SceneControl\Debug\mt.write.1.tlog
E:\CODE2.0\JNI\SRC\VR_SCENECONTROL\DEBUG\SCENEHELPER.OBJ
E:\CODE2.0\JNI\SRC\VR_SCENECONTROL\DEBUG\SCENEQUERYLISTENER.OBJ
E:\code2.0\jni\src\VR_SceneControl\Debug\vc100.idb
E:\CODE2.0\JNI\SRC\VR_SCENECONTROL\DEBUG\VC100.PDB
E:\code2.0\jni\src\VR_SceneControl\Debug\VR_SceneControl.vcxprojResolveAssemblyReference.cache
E:\code2.0\jni\src\VR_SceneControl\Debug\VR_SceneControl.write.1.tlog
E:\CODE2.0\JNI\SRC\VR_SCENECONTROL\DEBUG\VR_SCENECONTROL_D.DLL.INTERMEDIATE.MANIFEST
E:\CODE2.0\JNI\SRC\VR_SCENECONTROL\DEBUG\WIDGET.OBJ
