E:\code2.0\\bin\Release\VRSceneControlWidget.dll
E:\CODE2.0\BIN\RELEASE\VRSCENECONTROLWIDGET.DLL
E:\code2.0\bin\Release\VRSceneControlWidget.exp
E:\code2.0\bin\Release\VRSceneControlWidget.lib
E:\CODE2.0\JNI\SRC\VR_PLUGINS\VRCONTROL\GENERATEDFILES\RELEASE\MOC_VRCONTROL.CPP
E:\CODE2.0\JNI\SRC\VR_PLUGINS\VRCONTROL\GENERATEDFILES\RELEASE\MOC_VRCONTROLPLUGIN.CPP
E:\code2.0\jni\src\VR_Plugins\VRControl\Release\cl.command.1.tlog
E:\code2.0\jni\src\VR_Plugins\VRControl\Release\CL.read.1.tlog
E:\code2.0\jni\src\VR_Plugins\VRControl\Release\CL.write.1.tlog
E:\code2.0\jni\src\VR_Plugins\VRControl\Release\custombuild.command.1.tlog
E:\code2.0\jni\src\VR_Plugins\VRControl\Release\custombuild.read.1.tlog
E:\code2.0\jni\src\VR_Plugins\VRControl\Release\custombuild.write.1.tlog
E:\code2.0\jni\src\VR_Plugins\VRControl\Release\link.command.1.tlog
E:\code2.0\jni\src\VR_Plugins\VRControl\Release\link.read.1.tlog
E:\code2.0\jni\src\VR_Plugins\VRControl\Release\link.write.1.tlog
E:\CODE2.0\JNI\SRC\VR_PLUGINS\VRCONTROL\RELEASE\MOC_VRCONTROL.OBJ
E:\CODE2.0\JNI\SRC\VR_PLUGINS\VRCONTROL\RELEASE\MOC_VRCONTROLPLUGIN.OBJ
E:\code2.0\jni\src\VR_Plugins\VRControl\Release\mt.command.1.tlog
E:\code2.0\jni\src\VR_Plugins\VRControl\Release\mt.read.1.tlog
E:\code2.0\jni\src\VR_Plugins\VRControl\Release\mt.write.1.tlog
E:\CODE2.0\JNI\SRC\VR_PLUGINS\VRCONTROL\RELEASE\VRCONTROL.OBJ
E:\code2.0\jni\src\VR_Plugins\VRControl\Release\VRControl.vcxprojResolveAssemblyReference.cache
E:\CODE2.0\JNI\SRC\VR_PLUGINS\VRCONTROL\RELEASE\VRCONTROLPLUGIN.OBJ
E:\CODE2.0\JNI\SRC\VR_PLUGINS\VRCONTROL\RELEASE\VRSCENECONTROLWIDGET.DLL.INTERMEDIATE.MANIFEST
E:\code2.0\jni\src\VR_Plugins\VRControl\Release\VRSceneControlWidget.write.1.tlog
