E:\code2.0\\bin\Release\VR_Arithmetic.dll
E:\CODE2.0\BIN\RELEASE\VR_ARITHMETIC.DLL
E:\code2.0\bin\Release\VR_Arithmetic.exp
E:\code2.0\bin\Release\VR_Arithmetic.lib
E:\code2.0\jni\src\VR_Arithmetic\Release\cl.command.1.tlog
E:\code2.0\jni\src\VR_Arithmetic\Release\CL.read.1.tlog
E:\code2.0\jni\src\VR_Arithmetic\Release\CL.write.1.tlog
E:\CODE2.0\JNI\SRC\VR_ARITHMETIC\RELEASE\COALSEAM_MESHCREATOR.OBJ
E:\CODE2.0\JNI\SRC\VR_ARITHMETIC\RELEASE\DELAUNAYMATH.OBJ
E:\CODE2.0\JNI\SRC\VR_ARITHMETIC\RELEASE\DRILL_MESHCREATOR.OBJ
E:\CODE2.0\JNI\SRC\VR_ARITHMETIC\RELEASE\FAULT_MESHCREATOR.OBJ
E:\CODE2.0\JNI\SRC\VR_ARITHMETIC\RELEASE\GEOMESHCREATORREGISTER.OBJ
E:\CODE2.0\JNI\SRC\VR_ARITHMETIC\RELEASE\GEOMETRYARITHMETICLIBRARY.OBJ
E:\CODE2.0\JNI\SRC\VR_ARITHMETIC\RELEASE\ISOCONTOUR.OBJ
E:\CODE2.0\JNI\SRC\VR_ARITHMETIC\RELEASE\LANEWAY_MESHCREATOR.OBJ
E:\code2.0\jni\src\VR_Arithmetic\Release\link.command.1.tlog
E:\code2.0\jni\src\VR_Arithmetic\Release\link.read.1.tlog
E:\code2.0\jni\src\VR_Arithmetic\Release\link.write.1.tlog
E:\CODE2.0\JNI\SRC\VR_ARITHMETIC\RELEASE\MINE_MESHCREATOR.OBJ
E:\CODE2.0\JNI\SRC\VR_ARITHMETIC\RELEASE\MININGAREA_MESHCREATOR.OBJ
E:\code2.0\jni\src\VR_Arithmetic\Release\mt.command.1.tlog
E:\code2.0\jni\src\VR_Arithmetic\Release\mt.read.1.tlog
E:\code2.0\jni\src\VR_Arithmetic\Release\mt.write.1.tlog
E:\CODE2.0\JNI\SRC\VR_ARITHMETIC\RELEASE\RECTFLOOD_MESHCREATOR.OBJ
E:\CODE2.0\JNI\SRC\VR_ARITHMETIC\RELEASE\TERRANE_MESHCREATOR.OBJ
E:\CODE2.0\JNI\SRC\VR_ARITHMETIC\RELEASE\VC100.PDB
E:\CODE2.0\JNI\SRC\VR_ARITHMETIC\RELEASE\VR_ARITHMETIC.DLL.INTERMEDIATE.MANIFEST
E:\code2.0\jni\src\VR_Arithmetic\Release\VR_Arithmetic.vcxprojResolveAssemblyReference.cache
E:\code2.0\jni\src\VR_Arithmetic\Release\VR_Arithmetic.write.1.tlog
E:\CODE2.0\JNI\SRC\VR_ARITHMETIC\RELEASE\WORKINGPLANE_MESHCREATOR.OBJ
