生成启动时间为 15-9-4 13:26:54。
     1>项目“E:\code2.0\jni\src\vr_spatialengine\VR_SpatialEngine.vcxproj”在节点 3 上(build 个目标)。
     1>InitializeBuildStatus:
         正在创建“Release\VR_SpatialEngine.unsuccessfulbuild”，因为已指定“AlwaysCreate”。
       ClCompile:
         所有输出均为最新。
       Link:
         C:\Program Files (x86)\Microsoft Visual Studio 10.0\VC\bin\link.exe /ERRORREPORT:PROMPT /OUT:"E:\code2.0\\bin\Release\VR_SpatialEngine.dll" /INCREMENTAL:NO /NOLOGO /LIBPATH:E:\code2.0\\bin\Release\ /LIBPATH:E:\code2.0\\jni\lib\boost /LIBPATH:E:\code2.0\\jni\lib\ogre\release VR_Core.lib OgreMain.lib VR_SpatialInterface.lib kernel32.lib user32.lib gdi32.lib winspool.lib comdlg32.lib advapi32.lib shell32.lib ole32.lib oleaut32.lib uuid.lib odbc32.lib odbccp32.lib /MANIFEST /ManifestFile:"Release\VR_SpatialEngine.dll.intermediate.manifest" /MANIFESTUAC:"level='asInvoker' uiAccess='false'" /PDB:"E:\code2.0\bin\Release\VR_SpatialEngine.pdb" /SUBSYSTEM:WINDOWS /OPT:REF /OPT:ICF /LTCG /TLBID:1 /DYNAMICBASE /NXCOMPAT /IMPLIB:"E:\code2.0\\bin\Release\VR_SpatialEngine.lib" /MACHINE:X86 /DLL Release\geocameraoperator.obj
         Release\georayscenequery.obj
         Release\geoscenecamera.obj
         Release\geoscenemanager.obj
            正在创建库 E:\code2.0\\bin\Release\VR_SpatialEngine.lib 和对象 E:\code2.0\\bin\Release\VR_SpatialEngine.exp
         正在生成代码
     1>e:\code2.0\jni\src\vr_spatialengine\georayscenequery.cpp(193): warning C4756: 常量算法中溢出
     1>e:\code2.0\jni\src\vr_spatialengine\georayscenequery.cpp(384): warning C4756: 常量算法中溢出
     1>e:\code2.0\jni\src\vr_spatialengine\georayscenequery.cpp(193): warning C4756: 常量算法中溢出
     1>e:\code2.0\jni\src\vr_spatialengine\geoscenemanager.cpp(66): warning C4756: 常量算法中溢出
         已完成代码的生成
         VR_SpatialEngine.vcxproj -> E:\code2.0\\bin\Release\VR_SpatialEngine.dll
       Manifest:
         C:\Program Files (x86)\Microsoft SDKs\Windows\v7.0A\bin\mt.exe /nologo /verbose /outputresource:"E:\code2.0\\bin\Release\VR_SpatialEngine.dll;#2" /manifest Release\VR_SpatialEngine.dll.intermediate.manifest
       FinalizeBuildStatus:
         正在删除文件“Release\VR_SpatialEngine.unsuccessfulbuild”。
         正在对“Release\VR_SpatialEngine.lastbuildstate”执行 Touch 任务。
     1>已完成生成项目“E:\code2.0\jni\src\vr_spatialengine\VR_SpatialEngine.vcxproj”(build 个目标)的操作。

生成成功。

已用时间 00:00:42.33
