E:\code2.0\\bin\Release\VR_SpatialEngine.dll
E:\CODE2.0\BIN\RELEASE\VR_SPATIALENGINE.DLL
E:\code2.0\bin\Release\VR_SpatialEngine.exp
E:\code2.0\bin\Release\VR_SpatialEngine.lib
E:\code2.0\jni\src\vr_spatialengine\Release\cl.command.1.tlog
E:\code2.0\jni\src\vr_spatialengine\Release\CL.read.1.tlog
E:\code2.0\jni\src\vr_spatialengine\Release\CL.write.1.tlog
E:\CODE2.0\JNI\SRC\VR_SPATIALENGINE\RELEASE\GEOCAMERAOPERATOR.OBJ
E:\CODE2.0\JNI\SRC\VR_SPATIALENGINE\RELEASE\GEORAYSCENEQUERY.OBJ
E:\CODE2.0\JNI\SRC\VR_SPATIALENGINE\RELEASE\GEOSCENECAMERA.OBJ
E:\CODE2.0\JNI\SRC\VR_SPATIALENGINE\RELEASE\GEOSCENEMANAGER.OBJ
E:\code2.0\jni\src\vr_spatialengine\Release\link.command.1.tlog
E:\code2.0\jni\src\vr_spatialengine\Release\link.read.1.tlog
E:\code2.0\jni\src\vr_spatialengine\Release\link.write.1.tlog
E:\code2.0\jni\src\vr_spatialengine\Release\mt.command.1.tlog
E:\code2.0\jni\src\vr_spatialengine\Release\mt.read.1.tlog
E:\code2.0\jni\src\vr_spatialengine\Release\mt.write.1.tlog
E:\CODE2.0\JNI\SRC\VR_SPATIALENGINE\RELEASE\VC100.PDB
E:\CODE2.0\JNI\SRC\VR_SPATIALENGINE\RELEASE\VR_SPATIALENGINE.DLL.INTERMEDIATE.MANIFEST
E:\code2.0\jni\src\vr_spatialengine\Release\VR_SpatialEngine.vcxprojResolveAssemblyReference.cache
E:\code2.0\jni\src\vr_spatialengine\Release\VR_SpatialEngine.write.1.tlog
