E:\code2.0\\bin\Release\VR_Core.dll
E:\CODE2.0\BIN\RELEASE\VR_CORE.DLL
E:\code2.0\bin\Release\VR_Core.exp
E:\code2.0\bin\Release\VR_Core.lib
E:\CODE2.0\JNI\SRC\VR_CORE\RELEASE\BASEOBJECT.OBJ
E:\code2.0\jni\src\VR_Core\Release\cl.command.1.tlog
E:\code2.0\jni\src\VR_Core\Release\CL.read.1.tlog
E:\code2.0\jni\src\VR_Core\Release\CL.write.1.tlog
E:\CODE2.0\JNI\SRC\VR_CORE\RELEASE\EVENT.OBJ
E:\CODE2.0\JNI\SRC\VR_CORE\RELEASE\FACTORY.OBJ
E:\CODE2.0\JNI\SRC\VR_CORE\RELEASE\GEODATATYPE.OBJ
E:\code2.0\jni\src\VR_Core\Release\link.command.1.tlog
E:\code2.0\jni\src\VR_Core\Release\link.read.1.tlog
E:\code2.0\jni\src\VR_Core\Release\link.write.1.tlog
E:\code2.0\jni\src\VR_Core\Release\mt.command.1.tlog
E:\code2.0\jni\src\VR_Core\Release\mt.read.1.tlog
E:\code2.0\jni\src\VR_Core\Release\mt.write.1.tlog
E:\CODE2.0\JNI\SRC\VR_CORE\RELEASE\TINYSTR.OBJ
E:\CODE2.0\JNI\SRC\VR_CORE\RELEASE\TINYXML.OBJ
E:\CODE2.0\JNI\SRC\VR_CORE\RELEASE\TINYXMLERROR.OBJ
E:\CODE2.0\JNI\SRC\VR_CORE\RELEASE\TINYXMLPARSER.OBJ
E:\CODE2.0\JNI\SRC\VR_CORE\RELEASE\USERDATA.OBJ
E:\CODE2.0\JNI\SRC\VR_CORE\RELEASE\VARIANT.OBJ
E:\CODE2.0\JNI\SRC\VR_CORE\RELEASE\VC100.PDB
E:\CODE2.0\JNI\SRC\VR_CORE\RELEASE\VR_CORE.DLL.INTERMEDIATE.MANIFEST
E:\code2.0\jni\src\VR_Core\Release\VR_Core.write.1.tlog
