E:\code2.0\\bin\Debug\VR_ProjectManager_d.dll
E:\code2.0\\bin\Debug\VR_ProjectManager_d.dll.manifest
E:\code2.0\\bin\Debug\VR_ProjectManager_d.ilk
E:\code2.0\\bin\Debug\VR_ProjectManager_d.pdb
E:\CODE2.0\BIN\DEBUG\VR_PROJECTMANAGER_D.DLL
E:\CODE2.0\BIN\DEBUG\VR_PROJECTMANAGER_D.DLL.MANIFEST
E:\code2.0\bin\Debug\VR_ProjectManager_d.exp
E:\CODE2.0\BIN\DEBUG\VR_PROJECTMANAGER_D.ILK
E:\code2.0\bin\Debug\VR_ProjectManager_d.lib
E:\CODE2.0\BIN\DEBUG\VR_PROJECTMANAGER_D.PDB
E:\code2.0\jni\src\VR_ProjectManager\Debug\cl.command.1.tlog
E:\code2.0\jni\src\VR_ProjectManager\Debug\CL.read.1.tlog
E:\code2.0\jni\src\VR_ProjectManager\Debug\CL.write.1.tlog
E:\code2.0\jni\src\VR_ProjectManager\Debug\link.10208.read.1.tlog
E:\code2.0\jni\src\VR_ProjectManager\Debug\link.10208.write.1.tlog
E:\code2.0\jni\src\VR_ProjectManager\Debug\link.10684.read.1.tlog
E:\code2.0\jni\src\VR_ProjectManager\Debug\link.10684.write.1.tlog
E:\code2.0\jni\src\VR_ProjectManager\Debug\link.11072.read.1.tlog
E:\code2.0\jni\src\VR_ProjectManager\Debug\link.11072.write.1.tlog
E:\code2.0\jni\src\VR_ProjectManager\Debug\link.11460.read.1.tlog
E:\code2.0\jni\src\VR_ProjectManager\Debug\link.11460.write.1.tlog
E:\code2.0\jni\src\VR_ProjectManager\Debug\link.13256.read.1.tlog
E:\code2.0\jni\src\VR_ProjectManager\Debug\link.13256.write.1.tlog
E:\code2.0\jni\src\VR_ProjectManager\Debug\link.13868.read.1.tlog
E:\code2.0\jni\src\VR_ProjectManager\Debug\link.13868.write.1.tlog
E:\code2.0\jni\src\VR_ProjectManager\Debug\link.14056.read.1.tlog
E:\code2.0\jni\src\VR_ProjectManager\Debug\link.14056.write.1.tlog
E:\code2.0\jni\src\VR_ProjectManager\Debug\link.14072.read.1.tlog
E:\code2.0\jni\src\VR_ProjectManager\Debug\link.14072.write.1.tlog
E:\code2.0\jni\src\VR_ProjectManager\Debug\link.14944.read.1.tlog
E:\code2.0\jni\src\VR_ProjectManager\Debug\link.14944.write.1.tlog
E:\code2.0\jni\src\VR_ProjectManager\Debug\link.9808.read.1.tlog
E:\code2.0\jni\src\VR_ProjectManager\Debug\link.9808.write.1.tlog
E:\code2.0\jni\src\VR_ProjectManager\Debug\link.command.1.tlog
E:\code2.0\jni\src\VR_ProjectManager\Debug\link.read.1.tlog
E:\code2.0\jni\src\VR_ProjectManager\Debug\link.write.1.tlog
E:\code2.0\jni\src\VR_ProjectManager\Debug\mt.command.1.tlog
E:\code2.0\jni\src\VR_ProjectManager\Debug\mt.read.1.tlog
E:\code2.0\jni\src\VR_ProjectManager\Debug\mt.write.1.tlog
E:\CODE2.0\JNI\SRC\VR_PROJECTMANAGER\DEBUG\PROJECTMANAGER.OBJ
E:\code2.0\jni\src\VR_ProjectManager\Debug\vc100.idb
E:\CODE2.0\JNI\SRC\VR_PROJECTMANAGER\DEBUG\VC100.PDB
E:\code2.0\jni\src\VR_ProjectManager\Debug\VR_ProjectManager.vcxprojResolveAssemblyReference.cache
E:\code2.0\jni\src\VR_ProjectManager\Debug\VR_ProjectManager.write.1.tlog
E:\CODE2.0\JNI\SRC\VR_PROJECTMANAGER\DEBUG\VR_PROJECTMANAGER_D.DLL.INTERMEDIATE.MANIFEST
