E:\code2.0\\bin\Release\VR_SpatialRender.dll
E:\code2.0\\bin\Release\VR_SpatialRender.pdb
E:\CODE2.0\BIN\RELEASE\VR_SPATIALRENDER.DLL
E:\code2.0\bin\Release\VR_SpatialRender.exp
E:\code2.0\bin\Release\VR_SpatialRender.lib
E:\CODE2.0\BIN\RELEASE\VR_SPATIALRENDER.PDB
E:\CODE2.0\JNI\SRC\VR_SPATIALRENDER\RELEASE\BROADLINE.OBJ
E:\code2.0\jni\src\VR_SpatialRender\Release\cl.command.1.tlog
E:\code2.0\jni\src\VR_SpatialRender\Release\CL.read.1.tlog
E:\code2.0\jni\src\VR_SpatialRender\Release\CL.write.1.tlog
E:\CODE2.0\JNI\SRC\VR_SPATIALRENDER\RELEASE\COALSEAMRENDERABLEOBJECT.OBJ
E:\CODE2.0\JNI\SRC\VR_SPATIALRENDER\RELEASE\DRILLRENDERABLEOBJECT.OBJ
E:\CODE2.0\JNI\SRC\VR_SPATIALRENDER\RELEASE\FAULTRENDERABLEOBJECT.OBJ
E:\CODE2.0\JNI\SRC\VR_SPATIALRENDER\RELEASE\GEOMULTIRENDERABLEOBJECT.OBJ
E:\CODE2.0\JNI\SRC\VR_SPATIALRENDER\RELEASE\GEORENDERABLEOBJECT.OBJ
E:\CODE2.0\JNI\SRC\VR_SPATIALRENDER\RELEASE\LANEWAYRENDERABLEOBJECT.OBJ
E:\code2.0\jni\src\VR_SpatialRender\Release\link.command.1.tlog
E:\code2.0\jni\src\VR_SpatialRender\Release\link.read.1.tlog
E:\code2.0\jni\src\VR_SpatialRender\Release\link.write.1.tlog
E:\CODE2.0\JNI\SRC\VR_SPATIALRENDER\RELEASE\MINERENDERABLEOBJECT.OBJ
E:\CODE2.0\JNI\SRC\VR_SPATIALRENDER\RELEASE\MOVEABLETEXT.OBJ
E:\code2.0\jni\src\VR_SpatialRender\Release\mt.command.1.tlog
E:\code2.0\jni\src\VR_SpatialRender\Release\mt.read.1.tlog
E:\code2.0\jni\src\VR_SpatialRender\Release\mt.write.1.tlog
E:\CODE2.0\JNI\SRC\VR_SPATIALRENDER\RELEASE\MULTILINE.OBJ
E:\CODE2.0\JNI\SRC\VR_SPATIALRENDER\RELEASE\MULTIPOINT.OBJ
E:\CODE2.0\JNI\SRC\VR_SPATIALRENDER\RELEASE\SURFACERENDERABLEOBJECT.OBJ
E:\CODE2.0\JNI\SRC\VR_SPATIALRENDER\RELEASE\TERRANERENDEROBJECT.OBJ
E:\CODE2.0\JNI\SRC\VR_SPATIALRENDER\RELEASE\VC100.PDB
E:\CODE2.0\JNI\SRC\VR_SPATIALRENDER\RELEASE\VR_SPATIALRENDER.DLL.INTERMEDIATE.MANIFEST
E:\code2.0\jni\src\VR_SpatialRender\Release\VR_SpatialRender.vcxprojResolveAssemblyReference.cache
E:\code2.0\jni\src\VR_SpatialRender\Release\VR_SpatialRender.write.1.tlog
E:\CODE2.0\JNI\SRC\VR_SPATIALRENDER\RELEASE\WORKPLANERENDERABLEOBJECT.OBJ
