E:\code2.0\\bin\Release\VRSceneTreeWidget.dll
E:\CODE2.0\BIN\RELEASE\VRSCENETREEWIDGET.DLL
E:\code2.0\bin\Release\VRSceneTreeWidget.exp
E:\code2.0\bin\Release\VRSceneTreeWidget.lib
E:\CODE2.0\JNI\SRC\VR_PLUGINS\VRSCENETREEWIDGET\GENERATEDFILES\RELEASE\MOC_VRSCENETREEWIDGET.CPP
E:\CODE2.0\JNI\SRC\VR_PLUGINS\VRSCENETREEWIDGET\GENERATEDFILES\RELEASE\MOC_VRSCENETREEWIDGETPLUGIN.CPP
E:\code2.0\jni\src\VR_Plugins\VRSceneTreeWidget\Release\cl.command.1.tlog
E:\code2.0\jni\src\VR_Plugins\VRSceneTreeWidget\Release\CL.read.1.tlog
E:\code2.0\jni\src\VR_Plugins\VRSceneTreeWidget\Release\CL.write.1.tlog
E:\code2.0\jni\src\VR_Plugins\VRSceneTreeWidget\Release\custombuild.command.1.tlog
E:\code2.0\jni\src\VR_Plugins\VRSceneTreeWidget\Release\custombuild.read.1.tlog
E:\code2.0\jni\src\VR_Plugins\VRSceneTreeWidget\Release\custombuild.write.1.tlog
E:\CODE2.0\JNI\SRC\VR_PLUGINS\VRSCENETREEWIDGET\RELEASE\LAYERITEM.OBJ
E:\code2.0\jni\src\VR_Plugins\VRSceneTreeWidget\Release\link.command.1.tlog
E:\code2.0\jni\src\VR_Plugins\VRSceneTreeWidget\Release\link.read.1.tlog
E:\code2.0\jni\src\VR_Plugins\VRSceneTreeWidget\Release\link.write.1.tlog
E:\CODE2.0\JNI\SRC\VR_PLUGINS\VRSCENETREEWIDGET\RELEASE\MOC_VRSCENETREEWIDGET.OBJ
E:\CODE2.0\JNI\SRC\VR_PLUGINS\VRSCENETREEWIDGET\RELEASE\MOC_VRSCENETREEWIDGETPLUGIN.OBJ
E:\code2.0\jni\src\VR_Plugins\VRSceneTreeWidget\Release\mt.command.1.tlog
E:\code2.0\jni\src\VR_Plugins\VRSceneTreeWidget\Release\mt.read.1.tlog
E:\code2.0\jni\src\VR_Plugins\VRSceneTreeWidget\Release\mt.write.1.tlog
E:\CODE2.0\JNI\SRC\VR_PLUGINS\VRSCENETREEWIDGET\RELEASE\VRSCENETREEWIDGET.DLL.INTERMEDIATE.MANIFEST
E:\CODE2.0\JNI\SRC\VR_PLUGINS\VRSCENETREEWIDGET\RELEASE\VRSCENETREEWIDGET.OBJ
E:\code2.0\jni\src\VR_Plugins\VRSceneTreeWidget\Release\VRSceneTreeWidget.vcxprojResolveAssemblyReference.cache
E:\code2.0\jni\src\VR_Plugins\VRSceneTreeWidget\Release\VRSceneTreeWidget.write.1.tlog
E:\CODE2.0\JNI\SRC\VR_PLUGINS\VRSCENETREEWIDGET\RELEASE\VRSCENETREEWIDGETPLUGIN.OBJ
