E:\code2.0\\bin\Release\VR_SceneControl.dll
E:\code2.0\\bin\Release\VR_SceneControl.pdb
E:\CODE2.0\BIN\RELEASE\VR_SCENECONTROL.DLL
E:\code2.0\bin\Release\VR_SceneControl.exp
E:\code2.0\bin\Release\VR_SceneControl.lib
E:\CODE2.0\BIN\RELEASE\VR_SCENECONTROL.PDB
E:\code2.0\jni\src\VR_SceneControl\Release\cl.command.1.tlog
E:\code2.0\jni\src\VR_SceneControl\Release\CL.read.1.tlog
E:\code2.0\jni\src\VR_SceneControl\Release\CL.write.1.tlog
E:\CODE2.0\JNI\SRC\VR_SCENECONTROL\RELEASE\GEOSPATIALCONTROL.OBJ
E:\CODE2.0\JNI\SRC\VR_SCENECONTROL\RELEASE\GEOSPATIALSCENE.OBJ
E:\code2.0\jni\src\VR_SceneControl\Release\link.command.1.tlog
E:\code2.0\jni\src\VR_SceneControl\Release\link.read.1.tlog
E:\code2.0\jni\src\VR_SceneControl\Release\link.write.1.tlog
E:\code2.0\jni\src\VR_SceneControl\Release\mt.command.1.tlog
E:\code2.0\jni\src\VR_SceneControl\Release\mt.read.1.tlog
E:\code2.0\jni\src\VR_SceneControl\Release\mt.write.1.tlog
E:\CODE2.0\JNI\SRC\VR_SCENECONTROL\RELEASE\SCENEHELPER.OBJ
E:\CODE2.0\JNI\SRC\VR_SCENECONTROL\RELEASE\SCENEQUERYLISTENER.OBJ
E:\CODE2.0\JNI\SRC\VR_SCENECONTROL\RELEASE\VC100.PDB
E:\CODE2.0\JNI\SRC\VR_SCENECONTROL\RELEASE\VR_SCENECONTROL.DLL.INTERMEDIATE.MANIFEST
E:\code2.0\jni\src\VR_SceneControl\Release\VR_SceneControl.vcxprojResolveAssemblyReference.cache
E:\code2.0\jni\src\VR_SceneControl\Release\VR_SceneControl.write.1.tlog
E:\CODE2.0\JNI\SRC\VR_SCENECONTROL\RELEASE\WIDGET.OBJ
