E:\code2.0\\bin\Debug\VR_MathEngine_d.dll
E:\code2.0\\bin\Debug\VR_MathEngine_d.dll.manifest
E:\code2.0\\bin\Debug\VR_MathEngine_d.ilk
E:\code2.0\\bin\Debug\VR_MathEngine_d.pdb
E:\CODE2.0\BIN\DEBUG\VR_MATHENGINE_D.DLL
E:\CODE2.0\BIN\DEBUG\VR_MATHENGINE_D.DLL.MANIFEST
E:\code2.0\bin\Debug\VR_MathEngine_d.exp
E:\CODE2.0\BIN\DEBUG\VR_MATHENGINE_D.ILK
E:\code2.0\bin\Debug\VR_MathEngine_d.lib
E:\CODE2.0\BIN\DEBUG\VR_MATHENGINE_D.PDB
E:\code2.0\jni\src\VR_MathEnine\Debug\cl.command.1.tlog
E:\code2.0\jni\src\VR_MathEnine\Debug\CL.read.1.tlog
E:\code2.0\jni\src\VR_MathEnine\Debug\CL.write.1.tlog
E:\code2.0\jni\src\VR_MathEnine\Debug\link.command.1.tlog
E:\code2.0\jni\src\VR_MathEnine\Debug\link.read.1.tlog
E:\code2.0\jni\src\VR_MathEnine\Debug\link.write.1.tlog
E:\CODE2.0\JNI\SRC\VR_MATHENINE\DEBUG\MATHCALCULATOR.OBJ
E:\code2.0\jni\src\VR_MathEnine\Debug\mt.command.1.tlog
E:\code2.0\jni\src\VR_MathEnine\Debug\mt.read.1.tlog
E:\code2.0\jni\src\VR_MathEnine\Debug\mt.write.1.tlog
E:\code2.0\jni\src\VR_MathEnine\Debug\vc100.idb
E:\CODE2.0\JNI\SRC\VR_MATHENINE\DEBUG\VC100.PDB
E:\code2.0\jni\src\VR_MathEnine\Debug\VR_MathEngine.write.1.tlog
E:\CODE2.0\JNI\SRC\VR_MATHENINE\DEBUG\VR_MATHENGINE_D.DLL.INTERMEDIATE.MANIFEST
E:\code2.0\jni\src\VR_MathEnine\Debug\VR_MathEnine.vcxprojResolveAssemblyReference.cache
