生成启动时间为 15-9-4 13:37:22。
     1>项目“E:\code2.0\jni\src\VR_PluginsForQT\VTBangDataSourceTreeWidget\VTBangDataSourceTreeWidget.vcxproj”在节点 6 上(build 个目标)。
     1>InitializeBuildStatus:
         正在创建“Release\VTBangDataSourceTreeWidget.unsuccessfulbuild”，因为已指定“AlwaysCreate”。
       CustomBuild:
         所有输出均为最新。
       ClCompile:
         所有输出均为最新。
       Link:
         C:\Program Files (x86)\Microsoft Visual Studio 10.0\VC\bin\link.exe /ERRORREPORT:PROMPT /OUT:"E:\code2.0\\bin\Release\\VTBangDataSourceTreeWidget_ForQt.dll" /NOLOGO /LIBPATH:C:\Qt\4.8.6\lib qtmain.lib QtDesigner4.lib QtCore4.lib QtGui4.lib kernel32.lib user32.lib gdi32.lib winspool.lib comdlg32.lib advapi32.lib shell32.lib ole32.lib oleaut32.lib uuid.lib odbc32.lib odbccp32.lib /MANIFEST /ManifestFile:"Release\VTBangDataSourceTreeWidget_ForQt.dll.intermediate.manifest" /MANIFESTUAC:"level='asInvoker' uiAccess='false'" /PDB:"E:\code2.0\bin\Release\VTBangDataSourceTreeWidget_ForQt.pdb" /SUBSYSTEM:WINDOWS /TLBID:1 /DYNAMICBASE /NXCOMPAT /IMPLIB:"E:\code2.0\\bin\Release\VTBangDataSourceTreeWidget_ForQt.lib" /MACHINE:X86 /DLL Release\moc_vtbangdatasourcetreewidget.obj
         Release\moc_vtbangdatasourcetreewidgetplugin.obj
         Release\vtbangdatasourcetreewidget.obj
         Release\vtbangdatasourcetreewidgetplugin.obj
            正在创建库 E:\code2.0\\bin\Release\VTBangDataSourceTreeWidget_ForQt.lib 和对象 E:\code2.0\\bin\Release\VTBangDataSourceTreeWidget_ForQt.exp
         VTBangDataSourceTreeWidget.vcxproj -> E:\code2.0\\bin\Release\VTBangDataSourceTreeWidget_ForQt.dll
       Manifest:
         C:\Program Files (x86)\Microsoft SDKs\Windows\v7.0A\bin\mt.exe /nologo /verbose /outputresource:"E:\code2.0\\bin\Release\\VTBangDataSourceTreeWidget_ForQt.dll;#2" /manifest Release\VTBangDataSourceTreeWidget_ForQt.dll.intermediate.manifest
       FinalizeBuildStatus:
         正在删除文件“Release\VTBangDataSourceTreeWidget.unsuccessfulbuild”。
         正在对“Release\VTBangDataSourceTreeWidget.lastbuildstate”执行 Touch 任务。
     1>已完成生成项目“E:\code2.0\jni\src\VR_PluginsForQT\VTBangDataSourceTreeWidget\VTBangDataSourceTreeWidget.vcxproj”(build 个目标)的操作。

生成成功。

已用时间 00:00:00.33
