E:\code2.0\\bin\Debug\VR_Kml_d.dll
E:\code2.0\\bin\Debug\VR_Kml_d.dll.manifest
E:\code2.0\\bin\Debug\VR_Kml_d.ilk
E:\code2.0\\bin\Debug\VR_Kml_d.pdb
E:\CODE2.0\BIN\DEBUG\VR_KML_D.DLL
E:\CODE2.0\BIN\DEBUG\VR_KML_D.DLL.MANIFEST
E:\code2.0\bin\Debug\VR_Kml_d.exp
E:\CODE2.0\BIN\DEBUG\VR_KML_D.ILK
E:\code2.0\bin\Debug\VR_Kml_d.lib
E:\CODE2.0\BIN\DEBUG\VR_KML_D.PDB
E:\code2.0\jni\src\VR_Kml\Debug\cl.command.1.tlog
E:\code2.0\jni\src\VR_Kml\Debug\CL.read.1.tlog
E:\code2.0\jni\src\VR_Kml\Debug\CL.write.1.tlog
E:\CODE2.0\JNI\SRC\VR_KML\DEBUG\KMLOBJECT.OBJ
E:\code2.0\jni\src\VR_Kml\Debug\link.12604.read.1.tlog
E:\code2.0\jni\src\VR_Kml\Debug\link.12604.write.1.tlog
E:\code2.0\jni\src\VR_Kml\Debug\link.13376.read.1.tlog
E:\code2.0\jni\src\VR_Kml\Debug\link.13376.write.1.tlog
E:\code2.0\jni\src\VR_Kml\Debug\link.13756.read.1.tlog
E:\code2.0\jni\src\VR_Kml\Debug\link.13756.write.1.tlog
E:\code2.0\jni\src\VR_Kml\Debug\link.14576.read.1.tlog
E:\code2.0\jni\src\VR_Kml\Debug\link.14576.write.1.tlog
E:\code2.0\jni\src\VR_Kml\Debug\link.15324.read.1.tlog
E:\code2.0\jni\src\VR_Kml\Debug\link.15324.write.1.tlog
E:\code2.0\jni\src\VR_Kml\Debug\link.16340.read.1.tlog
E:\code2.0\jni\src\VR_Kml\Debug\link.16340.write.1.tlog
E:\code2.0\jni\src\VR_Kml\Debug\link.17104.read.1.tlog
E:\code2.0\jni\src\VR_Kml\Debug\link.17104.write.1.tlog
E:\code2.0\jni\src\VR_Kml\Debug\link.18556.read.1.tlog
E:\code2.0\jni\src\VR_Kml\Debug\link.18556.write.1.tlog
E:\code2.0\jni\src\VR_Kml\Debug\link.19564.read.1.tlog
E:\code2.0\jni\src\VR_Kml\Debug\link.19564.write.1.tlog
E:\code2.0\jni\src\VR_Kml\Debug\link.21112.read.1.tlog
E:\code2.0\jni\src\VR_Kml\Debug\link.21112.write.1.tlog
E:\code2.0\jni\src\VR_Kml\Debug\link.21972.read.1.tlog
E:\code2.0\jni\src\VR_Kml\Debug\link.21972.write.1.tlog
E:\code2.0\jni\src\VR_Kml\Debug\link.22600.read.1.tlog
E:\code2.0\jni\src\VR_Kml\Debug\link.22600.write.1.tlog
E:\code2.0\jni\src\VR_Kml\Debug\link.23936.read.1.tlog
E:\code2.0\jni\src\VR_Kml\Debug\link.23936.write.1.tlog
E:\code2.0\jni\src\VR_Kml\Debug\link.24524.read.1.tlog
E:\code2.0\jni\src\VR_Kml\Debug\link.24524.write.1.tlog
E:\code2.0\jni\src\VR_Kml\Debug\link.24912.read.1.tlog
E:\code2.0\jni\src\VR_Kml\Debug\link.24912.write.1.tlog
E:\code2.0\jni\src\VR_Kml\Debug\link.25532.read.1.tlog
E:\code2.0\jni\src\VR_Kml\Debug\link.25532.write.1.tlog
E:\code2.0\jni\src\VR_Kml\Debug\link.25888.read.1.tlog
E:\code2.0\jni\src\VR_Kml\Debug\link.25888.write.1.tlog
E:\code2.0\jni\src\VR_Kml\Debug\link.3900.read.1.tlog
E:\code2.0\jni\src\VR_Kml\Debug\link.3900.write.1.tlog
E:\code2.0\jni\src\VR_Kml\Debug\link.5968.read.1.tlog
E:\code2.0\jni\src\VR_Kml\Debug\link.5968.write.1.tlog
E:\code2.0\jni\src\VR_Kml\Debug\link.8316.read.1.tlog
E:\code2.0\jni\src\VR_Kml\Debug\link.8316.write.1.tlog
E:\code2.0\jni\src\VR_Kml\Debug\link.9732.read.1.tlog
E:\code2.0\jni\src\VR_Kml\Debug\link.9732.write.1.tlog
E:\code2.0\jni\src\VR_Kml\Debug\link.command.1.tlog
E:\code2.0\jni\src\VR_Kml\Debug\link.read.1.tlog
E:\code2.0\jni\src\VR_Kml\Debug\link.write.1.tlog
E:\code2.0\jni\src\VR_Kml\Debug\mt.command.1.tlog
E:\code2.0\jni\src\VR_Kml\Debug\mt.read.1.tlog
E:\code2.0\jni\src\VR_Kml\Debug\mt.write.1.tlog
E:\CODE2.0\JNI\SRC\VR_KML\DEBUG\TOUROBJECT.OBJ
E:\code2.0\jni\src\VR_Kml\Debug\vc100.idb
E:\CODE2.0\JNI\SRC\VR_KML\DEBUG\VC100.PDB
E:\code2.0\jni\src\VR_Kml\Debug\VR_Kml.vcxprojResolveAssemblyReference.cache
E:\code2.0\jni\src\VR_Kml\Debug\VR_Kml.write.1.tlog
E:\CODE2.0\JNI\SRC\VR_KML\DEBUG\VR_KML_D.DLL.INTERMEDIATE.MANIFEST
