E:\code2.0\\bin\Release\VR_SpatialAnalyse.dll
E:\code2.0\\bin\Release\VR_SpatialAnalyse.pdb
E:\CODE2.0\BIN\RELEASE\VR_SPATIALANALYSE.DLL
E:\code2.0\bin\Release\VR_SpatialAnalyse.exp
E:\code2.0\bin\Release\VR_SpatialAnalyse.lib
E:\CODE2.0\BIN\RELEASE\VR_SPATIALANALYSE.PDB
E:\code2.0\jni\src\VR_SpatialAnalyse\Release\cl.command.1.tlog
E:\code2.0\jni\src\VR_SpatialAnalyse\Release\CL.read.1.tlog
E:\code2.0\jni\src\VR_SpatialAnalyse\Release\CL.write.1.tlog
E:\CODE2.0\JNI\SRC\VR_SPATIALANALYSE\RELEASE\DISTANCEMEASURETOOL.OBJ
E:\code2.0\jni\src\VR_SpatialAnalyse\Release\link.command.1.tlog
E:\code2.0\jni\src\VR_SpatialAnalyse\Release\link.read.1.tlog
E:\code2.0\jni\src\VR_SpatialAnalyse\Release\link.write.1.tlog
E:\code2.0\jni\src\VR_SpatialAnalyse\Release\mt.command.1.tlog
E:\code2.0\jni\src\VR_SpatialAnalyse\Release\mt.read.1.tlog
E:\code2.0\jni\src\VR_SpatialAnalyse\Release\mt.write.1.tlog
E:\CODE2.0\JNI\SRC\VR_SPATIALANALYSE\RELEASE\POINTMEASURETOOL.OBJ
E:\CODE2.0\JNI\SRC\VR_SPATIALANALYSE\RELEASE\SPATIALMEASURETOOL.OBJ
E:\CODE2.0\JNI\SRC\VR_SPATIALANALYSE\RELEASE\VC100.PDB
E:\CODE2.0\JNI\SRC\VR_SPATIALANALYSE\RELEASE\VR_SPATIALANALYSE.DLL.INTERMEDIATE.MANIFEST
E:\code2.0\jni\src\VR_SpatialAnalyse\Release\VR_SpatialAnalyse.vcxprojResolveAssemblyReference.cache
E:\code2.0\jni\src\VR_SpatialAnalyse\Release\VR_SpatialAnalyse.write.1.tlog
