生成启动时间为 15-9-15 10:35:27。
     1>项目“E:\code2.0\jni\src\VR_SpatialAnalyse\VR_SpatialAnalyse.vcxproj”在节点 2 上(build 个目标)。
     1>InitializeBuildStatus:
         正在创建“Release\VR_SpatialAnalyse.unsuccessfulbuild”，因为已指定“AlwaysCreate”。
       ClCompile:
         所有输出均为最新。
       Link:
         C:\Program Files (x86)\Microsoft Visual Studio 10.0\VC\bin\link.exe /ERRORREPORT:PROMPT /OUT:"E:\code2.0\\bin\Release\VR_SpatialAnalyse.dll" /INCREMENTAL:NO /NOLOGO /LIBPATH:E:\code2.0\\bin\Release\ /LIBPATH:E:\code2.0\\jni\lib\ogre\release /LIBPATH:E:\code2.0\\jni\lib\boost /LIBPATH:E:\code2.0\\jni\lib\glut glut32.lib glut.lib "libboost_thread-vc100-mt-1_56.lib" "libgmp-10.lib" VR_SpatialInterface.lib VR_SpatialRender.lib VR_SpatialObject.lib VR_Geometry.lib VR_SceneControl.lib VR_SpatialEngine.lib VR_Core.lib OgreMain.lib VR_SpatialLayer.lib VR_Style.lib VR_CoordinateSystem.lib kernel32.lib user32.lib gdi32.lib winspool.lib comdlg32.lib advapi32.lib shell32.lib ole32.lib oleaut32.lib uuid.lib odbc32.lib odbccp32.lib /MANIFEST /ManifestFile:"Release\VR_SpatialAnalyse.dll.intermediate.manifest" /MANIFESTUAC:"level='asInvoker' uiAccess='false'" /PDB:"E:\code2.0\bin\Release\VR_SpatialAnalyse.pdb" /SUBSYSTEM:WINDOWS /OPT:REF /OPT:ICF /LTCG /TLBID:1 /DYNAMICBASE /NXCOMPAT /IMPLIB:"E:\code2.0\\bin\Release\VR_SpatialAnalyse.lib" /MACHINE:X86 /DLL Release\distancemeasuretool.obj
         Release\pointmeasuretool.obj
         Release\spatialmeasuretool.obj
            正在创建库 E:\code2.0\\bin\Release\VR_SpatialAnalyse.lib 和对象 E:\code2.0\\bin\Release\VR_SpatialAnalyse.exp
         正在生成代码
         已完成代码的生成
         VR_SpatialAnalyse.vcxproj -> E:\code2.0\\bin\Release\VR_SpatialAnalyse.dll
       Manifest:
         C:\Program Files (x86)\Microsoft SDKs\Windows\v7.0A\bin\mt.exe /nologo /verbose /outputresource:"E:\code2.0\\bin\Release\VR_SpatialAnalyse.dll;#2" /manifest Release\VR_SpatialAnalyse.dll.intermediate.manifest
       FinalizeBuildStatus:
         正在删除文件“Release\VR_SpatialAnalyse.unsuccessfulbuild”。
         正在对“Release\VR_SpatialAnalyse.lastbuildstate”执行 Touch 任务。
     1>已完成生成项目“E:\code2.0\jni\src\VR_SpatialAnalyse\VR_SpatialAnalyse.vcxproj”(build 个目标)的操作。

生成成功。

已用时间 00:00:37.26
