E:\code2.0\\bin\Debug\Bang_DatabaseEngine_d.dll
E:\code2.0\\bin\Debug\Bang_DatabaseEngine_d.ilk
E:\code2.0\\bin\Debug\Bang_DatabaseEngine_d.pdb
E:\CODE2.0\BIN\DEBUG\BANG_DATABASEENGINE_D.DLL
E:\code2.0\bin\Debug\Bang_DatabaseEngine_d.exp
E:\CODE2.0\BIN\DEBUG\BANG_DATABASEENGINE_D.ILK
E:\code2.0\bin\Debug\Bang_DatabaseEngine_d.lib
E:\CODE2.0\BIN\DEBUG\BANG_DATABASEENGINE_D.PDB
E:\code2.0\jni\src\bang\Bang_DatabaseEngine\Debug\Bang_DatabaseEngine.vcxprojResolveAssemblyReference.cache
E:\code2.0\jni\src\bang\Bang_DatabaseEngine\Debug\Bang_DatabaseEngine.write.1.tlog
E:\CODE2.0\JNI\SRC\BANG\BANG_DATABASEENGINE\DEBUG\BANG_DATABASEENGINE_D.DLL.INTERMEDIATE.MANIFEST
E:\CODE2.0\JNI\SRC\BANG\BANG_DATABASEENGINE\DEBUG\BANGSQLITEDATABASE.OBJ
E:\code2.0\jni\src\bang\Bang_DatabaseEngine\Debug\cl.command.1.tlog
E:\code2.0\jni\src\bang\Bang_DatabaseEngine\Debug\CL.read.1.tlog
E:\code2.0\jni\src\bang\Bang_DatabaseEngine\Debug\CL.write.1.tlog
E:\CODE2.0\JNI\SRC\BANG\BANG_DATABASEENGINE\DEBUG\ESCAPEROUTEDATASET.OBJ
E:\CODE2.0\JNI\SRC\BANG\BANG_DATABASEENGINE\DEBUG\ESCAPEROUTEFEATURE.OBJ
E:\CODE2.0\JNI\SRC\BANG\BANG_DATABASEENGINE\DEBUG\LANEWAYSECTIONDATASET.OBJ
E:\CODE2.0\JNI\SRC\BANG\BANG_DATABASEENGINE\DEBUG\LANEWAYSECTIONFEATURE.OBJ
E:\code2.0\jni\src\bang\Bang_DatabaseEngine\Debug\link.command.1.tlog
E:\code2.0\jni\src\bang\Bang_DatabaseEngine\Debug\link.read.1.tlog
E:\code2.0\jni\src\bang\Bang_DatabaseEngine\Debug\link.write.1.tlog
E:\code2.0\jni\src\bang\Bang_DatabaseEngine\Debug\mt.command.1.tlog
E:\code2.0\jni\src\bang\Bang_DatabaseEngine\Debug\mt.read.1.tlog
E:\code2.0\jni\src\bang\Bang_DatabaseEngine\Debug\mt.write.1.tlog
E:\CODE2.0\JNI\SRC\BANG\BANG_DATABASEENGINE\DEBUG\PROJECTDATASET.OBJ
E:\CODE2.0\JNI\SRC\BANG\BANG_DATABASEENGINE\DEBUG\PROJECTFEATURE.OBJ
E:\CODE2.0\JNI\SRC\BANG\BANG_DATABASEENGINE\DEBUG\ROCKLAYERFEATURE.OBJ
E:\CODE2.0\JNI\SRC\BANG\BANG_DATABASEENGINE\DEBUG\SHOTHOLEDATASET.OBJ
E:\CODE2.0\JNI\SRC\BANG\BANG_DATABASEENGINE\DEBUG\SHOTHOLEFEATURE.OBJ
E:\code2.0\jni\src\bang\Bang_DatabaseEngine\Debug\vc100.idb
E:\CODE2.0\JNI\SRC\BANG\BANG_DATABASEENGINE\DEBUG\VC100.PDB
