E:\code2.0\\bin\Release\VR_SpatialLayer.dll
E:\code2.0\\bin\Release\VR_SpatialLayer.pdb
E:\CODE2.0\BIN\RELEASE\VR_SPATIALLAYER.DLL
E:\code2.0\bin\Release\VR_SpatialLayer.exp
E:\code2.0\bin\Release\VR_SpatialLayer.lib
E:\CODE2.0\BIN\RELEASE\VR_SPATIALLAYER.PDB
E:\code2.0\jni\src\vr_spatiallayer\Release\cl.command.1.tlog
E:\code2.0\jni\src\vr_spatiallayer\Release\CL.read.1.tlog
E:\code2.0\jni\src\vr_spatiallayer\Release\CL.write.1.tlog
E:\CODE2.0\JNI\SRC\VR_SPATIALLAYER\RELEASE\COALLAYER.OBJ
E:\CODE2.0\JNI\SRC\VR_SPATIALLAYER\RELEASE\DEMLAYER.OBJ
E:\CODE2.0\JNI\SRC\VR_SPATIALLAYER\RELEASE\DOTSCENELOADER.OBJ
E:\CODE2.0\JNI\SRC\VR_SPATIALLAYER\RELEASE\DRILLLAYER.OBJ
E:\CODE2.0\JNI\SRC\VR_SPATIALLAYER\RELEASE\FAULTLAYER.OBJ
E:\CODE2.0\JNI\SRC\VR_SPATIALLAYER\RELEASE\IMAGELAYER.OBJ
E:\CODE2.0\JNI\SRC\VR_SPATIALLAYER\RELEASE\LANWAYLAYER.OBJ
E:\CODE2.0\JNI\SRC\VR_SPATIALLAYER\RELEASE\LAYERFACTORY.OBJ
E:\code2.0\jni\src\vr_spatiallayer\Release\link.command.1.tlog
E:\code2.0\jni\src\vr_spatiallayer\Release\link.read.1.tlog
E:\code2.0\jni\src\vr_spatiallayer\Release\link.write.1.tlog
E:\CODE2.0\JNI\SRC\VR_SPATIALLAYER\RELEASE\MININGAREALAYER.OBJ
E:\CODE2.0\JNI\SRC\VR_SPATIALLAYER\RELEASE\MODELLAYER.OBJ
E:\code2.0\jni\src\vr_spatiallayer\Release\mt.command.1.tlog
E:\code2.0\jni\src\vr_spatiallayer\Release\mt.read.1.tlog
E:\code2.0\jni\src\vr_spatiallayer\Release\mt.write.1.tlog
E:\CODE2.0\JNI\SRC\VR_SPATIALLAYER\RELEASE\SCENELAYER.OBJ
E:\CODE2.0\JNI\SRC\VR_SPATIALLAYER\RELEASE\TERRANELAYER.OBJ
E:\CODE2.0\JNI\SRC\VR_SPATIALLAYER\RELEASE\VC100.PDB
E:\CODE2.0\JNI\SRC\VR_SPATIALLAYER\RELEASE\VR_SPATIALLAYER.DLL.INTERMEDIATE.MANIFEST
E:\code2.0\jni\src\vr_spatiallayer\Release\VR_SpatialLayer.write.1.tlog
E:\CODE2.0\JNI\SRC\VR_SPATIALLAYER\RELEASE\WORKINGPLANELAYER.OBJ
