E:\code2.0\\bin\Debug\VR_SpatialAnalyse_d.dll
E:\code2.0\\bin\Debug\VR_SpatialAnalyse_d.dll.manifest
E:\code2.0\\bin\Debug\VR_SpatialAnalyse_d.ilk
E:\code2.0\\bin\Debug\VR_SpatialAnalyse_d.pdb
E:\CODE2.0\BIN\DEBUG\VR_SPATIALANALYSE_D.DLL
E:\CODE2.0\BIN\DEBUG\VR_SPATIALANALYSE_D.DLL.MANIFEST
E:\code2.0\bin\Debug\VR_SpatialAnalyse_d.exp
E:\CODE2.0\BIN\DEBUG\VR_SPATIALANALYSE_D.ILK
E:\code2.0\bin\Debug\VR_SpatialAnalyse_d.lib
E:\CODE2.0\BIN\DEBUG\VR_SPATIALANALYSE_D.PDB
E:\code2.0\jni\src\VR_SpatialAnalyse\Debug\cl.command.1.tlog
E:\code2.0\jni\src\VR_SpatialAnalyse\Debug\CL.read.1.tlog
E:\code2.0\jni\src\VR_SpatialAnalyse\Debug\CL.write.1.tlog
E:\CODE2.0\JNI\SRC\VR_SPATIALANALYSE\DEBUG\DISTANCEMEASURETOOL.OBJ
E:\code2.0\jni\src\VR_SpatialAnalyse\Debug\link.10520.read.1.tlog
E:\code2.0\jni\src\VR_SpatialAnalyse\Debug\link.10520.write.1.tlog
E:\code2.0\jni\src\VR_SpatialAnalyse\Debug\link.10656.read.1.tlog
E:\code2.0\jni\src\VR_SpatialAnalyse\Debug\link.10656.write.1.tlog
E:\code2.0\jni\src\VR_SpatialAnalyse\Debug\link.11576.read.1.tlog
E:\code2.0\jni\src\VR_SpatialAnalyse\Debug\link.11576.write.1.tlog
E:\code2.0\jni\src\VR_SpatialAnalyse\Debug\link.11820.read.1.tlog
E:\code2.0\jni\src\VR_SpatialAnalyse\Debug\link.11820.write.1.tlog
E:\code2.0\jni\src\VR_SpatialAnalyse\Debug\link.14068.read.1.tlog
E:\code2.0\jni\src\VR_SpatialAnalyse\Debug\link.14068.write.1.tlog
E:\code2.0\jni\src\VR_SpatialAnalyse\Debug\link.14128.read.1.tlog
E:\code2.0\jni\src\VR_SpatialAnalyse\Debug\link.14128.write.1.tlog
E:\code2.0\jni\src\VR_SpatialAnalyse\Debug\link.14960.read.1.tlog
E:\code2.0\jni\src\VR_SpatialAnalyse\Debug\link.14960.write.1.tlog
E:\code2.0\jni\src\VR_SpatialAnalyse\Debug\link.8292.read.1.tlog
E:\code2.0\jni\src\VR_SpatialAnalyse\Debug\link.8292.write.1.tlog
E:\code2.0\jni\src\VR_SpatialAnalyse\Debug\link.9164.read.1.tlog
E:\code2.0\jni\src\VR_SpatialAnalyse\Debug\link.9164.write.1.tlog
E:\code2.0\jni\src\VR_SpatialAnalyse\Debug\link.command.1.tlog
E:\code2.0\jni\src\VR_SpatialAnalyse\Debug\link.read.1.tlog
E:\code2.0\jni\src\VR_SpatialAnalyse\Debug\link.write.1.tlog
E:\code2.0\jni\src\VR_SpatialAnalyse\Debug\mt.command.1.tlog
E:\code2.0\jni\src\VR_SpatialAnalyse\Debug\mt.read.1.tlog
E:\code2.0\jni\src\VR_SpatialAnalyse\Debug\mt.write.1.tlog
E:\CODE2.0\JNI\SRC\VR_SPATIALANALYSE\DEBUG\POINTMEASURETOOL.OBJ
E:\CODE2.0\JNI\SRC\VR_SPATIALANALYSE\DEBUG\SPATIALMEASURETOOL.OBJ
E:\code2.0\jni\src\VR_SpatialAnalyse\Debug\vc100.idb
E:\CODE2.0\JNI\SRC\VR_SPATIALANALYSE\DEBUG\VC100.PDB
E:\code2.0\jni\src\VR_SpatialAnalyse\Debug\VR_SpatialAnalyse.vcxprojResolveAssemblyReference.cache
E:\code2.0\jni\src\VR_SpatialAnalyse\Debug\VR_SpatialAnalyse.write.1.tlog
E:\CODE2.0\JNI\SRC\VR_SPATIALANALYSE\DEBUG\VR_SPATIALANALYSE_D.DLL.INTERMEDIATE.MANIFEST
