E:\code2.0\\bin\Debug\VR_SpatialEngine_d.dll
E:\code2.0\\bin\Debug\VR_SpatialEngine_d.dll.manifest
E:\code2.0\\bin\Debug\VR_SpatialEngine_d.ilk
E:\code2.0\\bin\Debug\VR_SpatialEngine_d.pdb
E:\CODE2.0\BIN\DEBUG\VR_SPATIALENGINE_D.DLL
E:\CODE2.0\BIN\DEBUG\VR_SPATIALENGINE_D.DLL.MANIFEST
E:\code2.0\bin\Debug\VR_SpatialEngine_d.exp
E:\CODE2.0\BIN\DEBUG\VR_SPATIALENGINE_D.ILK
E:\code2.0\bin\Debug\VR_SpatialEngine_d.lib
E:\CODE2.0\BIN\DEBUG\VR_SPATIALENGINE_D.PDB
E:\code2.0\jni\src\vr_spatialengine\Debug\cl.command.1.tlog
E:\code2.0\jni\src\vr_spatialengine\Debug\CL.read.1.tlog
E:\code2.0\jni\src\vr_spatialengine\Debug\CL.write.1.tlog
E:\CODE2.0\JNI\SRC\VR_SPATIALENGINE\DEBUG\GEOCAMERAOPERATOR.OBJ
E:\CODE2.0\JNI\SRC\VR_SPATIALENGINE\DEBUG\GEORAYSCENEQUERY.OBJ
E:\CODE2.0\JNI\SRC\VR_SPATIALENGINE\DEBUG\GEOSCENECAMERA.OBJ
E:\CODE2.0\JNI\SRC\VR_SPATIALENGINE\DEBUG\GEOSCENEMANAGER.OBJ
E:\code2.0\jni\src\vr_spatialengine\Debug\link.14444.read.1.tlog
E:\code2.0\jni\src\vr_spatialengine\Debug\link.14444.write.1.tlog
E:\code2.0\jni\src\vr_spatialengine\Debug\link.26236.read.1.tlog
E:\code2.0\jni\src\vr_spatialengine\Debug\link.26236.write.1.tlog
E:\code2.0\jni\src\vr_spatialengine\Debug\link.5060.read.1.tlog
E:\code2.0\jni\src\vr_spatialengine\Debug\link.5060.write.1.tlog
E:\code2.0\jni\src\vr_spatialengine\Debug\link.9048.read.1.tlog
E:\code2.0\jni\src\vr_spatialengine\Debug\link.9048.write.1.tlog
E:\code2.0\jni\src\vr_spatialengine\Debug\link.command.1.tlog
E:\code2.0\jni\src\vr_spatialengine\Debug\link.read.1.tlog
E:\code2.0\jni\src\vr_spatialengine\Debug\link.write.1.tlog
E:\code2.0\jni\src\vr_spatialengine\Debug\mt.command.1.tlog
E:\code2.0\jni\src\vr_spatialengine\Debug\mt.read.1.tlog
E:\code2.0\jni\src\vr_spatialengine\Debug\mt.write.1.tlog
E:\code2.0\jni\src\vr_spatialengine\Debug\vc100.idb
E:\CODE2.0\JNI\SRC\VR_SPATIALENGINE\DEBUG\VC100.PDB
E:\code2.0\jni\src\vr_spatialengine\Debug\VR_SpatialEngine.vcxprojResolveAssemblyReference.cache
E:\code2.0\jni\src\vr_spatialengine\Debug\VR_SpatialEngine.write.1.tlog
E:\CODE2.0\JNI\SRC\VR_SPATIALENGINE\DEBUG\VR_SPATIALENGINE_D.DLL.INTERMEDIATE.MANIFEST
