生成启动时间为 15-9-4 13:26:53。
     1>项目“E:\code2.0\jni\src\VR_Style\VR_Style.vcxproj”在节点 4 上(build 个目标)。
     1>InitializeBuildStatus:
         正在创建“Release\VR_Style.unsuccessfulbuild”，因为已指定“AlwaysCreate”。
       ClCompile:
         所有输出均为最新。
       Link:
         C:\Program Files (x86)\Microsoft Visual Studio 10.0\VC\bin\link.exe /ERRORREPORT:PROMPT /OUT:"E:\code2.0\\bin\Release\VR_Style.dll" /INCREMENTAL:NO /NOLOGO /LIBPATH:E:\code2.0\\bin\Release\ /LIBPATH:E:\code2.0\\jni\lib\ogre\release /LIBPATH:E:\code2.0\\jni\lib\boost VR_Core.lib OgreMain.lib VR_SpatialInterface.lib kernel32.lib user32.lib gdi32.lib winspool.lib comdlg32.lib advapi32.lib shell32.lib ole32.lib oleaut32.lib uuid.lib odbc32.lib odbccp32.lib /MANIFEST /ManifestFile:"Release\VR_Style.dll.intermediate.manifest" /MANIFESTUAC:"level='asInvoker' uiAccess='false'" /PDB:"E:\code2.0\bin\Release\VR_Style.pdb" /SUBSYSTEM:WINDOWS /OPT:REF /OPT:ICF /LTCG /TLBID:1 /DYNAMICBASE /NXCOMPAT /IMPLIB:"E:\code2.0\\bin\Release\VR_Style.lib" /MACHINE:X86 /DLL Release\coalseamstyle.obj
         Release\drillholestyle.obj
         Release\faultstyle.obj
         Release\lanewaystyle.obj
         Release\linestyle.obj
         Release\minestyle.obj
         Release\miningareastyle.obj
         Release\modelstyle.obj
         Release\pipestyle.obj
         Release\pointstyle.obj
         Release\shotholestyle.obj
         Release\surfacestyle.obj
         Release\terranestyle.obj
         Release\textstyle.obj
         Release\workingplanestyle.obj
            正在创建库 E:\code2.0\\bin\Release\VR_Style.lib 和对象 E:\code2.0\\bin\Release\VR_Style.exp
         正在生成代码
         已完成代码的生成
         VR_Style.vcxproj -> E:\code2.0\\bin\Release\VR_Style.dll
       Manifest:
         C:\Program Files (x86)\Microsoft SDKs\Windows\v7.0A\bin\mt.exe /nologo /verbose /outputresource:"E:\code2.0\\bin\Release\VR_Style.dll;#2" /manifest Release\VR_Style.dll.intermediate.manifest
       FinalizeBuildStatus:
         正在删除文件“Release\VR_Style.unsuccessfulbuild”。
         正在对“Release\VR_Style.lastbuildstate”执行 Touch 任务。
     1>已完成生成项目“E:\code2.0\jni\src\VR_Style\VR_Style.vcxproj”(build 个目标)的操作。

生成成功。

已用时间 00:00:08.51
