E:\code2.0\\bin\Release\VR_Style.dll
E:\CODE2.0\BIN\RELEASE\VR_STYLE.DLL
E:\code2.0\bin\Release\VR_Style.exp
E:\code2.0\bin\Release\VR_Style.lib
E:\code2.0\jni\src\VR_Style\Release\cl.command.1.tlog
E:\code2.0\jni\src\VR_Style\Release\CL.read.1.tlog
E:\code2.0\jni\src\VR_Style\Release\CL.write.1.tlog
E:\CODE2.0\JNI\SRC\VR_STYLE\RELEASE\COALSEAMSTYLE.OBJ
E:\CODE2.0\JNI\SRC\VR_STYLE\RELEASE\DRILLHOLESTYLE.OBJ
E:\CODE2.0\JNI\SRC\VR_STYLE\RELEASE\FAULTSTYLE.OBJ
E:\CODE2.0\JNI\SRC\VR_STYLE\RELEASE\LANEWAYSTYLE.OBJ
E:\CODE2.0\JNI\SRC\VR_STYLE\RELEASE\LINESTYLE.OBJ
E:\code2.0\jni\src\VR_Style\Release\link.command.1.tlog
E:\code2.0\jni\src\VR_Style\Release\link.read.1.tlog
E:\code2.0\jni\src\VR_Style\Release\link.write.1.tlog
E:\CODE2.0\JNI\SRC\VR_STYLE\RELEASE\MINESTYLE.OBJ
E:\CODE2.0\JNI\SRC\VR_STYLE\RELEASE\MININGAREASTYLE.OBJ
E:\CODE2.0\JNI\SRC\VR_STYLE\RELEASE\MODELSTYLE.OBJ
E:\code2.0\jni\src\VR_Style\Release\mt.command.1.tlog
E:\code2.0\jni\src\VR_Style\Release\mt.read.1.tlog
E:\code2.0\jni\src\VR_Style\Release\mt.write.1.tlog
E:\CODE2.0\JNI\SRC\VR_STYLE\RELEASE\POINTSTYLE.OBJ
E:\CODE2.0\JNI\SRC\VR_STYLE\RELEASE\SURFACESTYLE.OBJ
E:\CODE2.0\JNI\SRC\VR_STYLE\RELEASE\TERRANESTYLE.OBJ
E:\CODE2.0\JNI\SRC\VR_STYLE\RELEASE\TEXTSTYLE.OBJ
E:\CODE2.0\JNI\SRC\VR_STYLE\RELEASE\VC100.PDB
E:\CODE2.0\JNI\SRC\VR_STYLE\RELEASE\VR_STYLE.DLL.INTERMEDIATE.MANIFEST
E:\code2.0\jni\src\VR_Style\Release\VR_Style.write.1.tlog
E:\CODE2.0\JNI\SRC\VR_STYLE\RELEASE\WORKINGPLANESTYLE.OBJ
