E:\code2.0\\bin\Release\VR_SQLSERVERDatabase.dll
E:\code2.0\\bin\Release\VR_SQLSERVERDatabase.dll.manifest
E:\CODE2.0\BIN\RELEASE\VR_SQLSERVERDATABASE.DLL
E:\CODE2.0\BIN\RELEASE\VR_SQLSERVERDATABASE.DLL.MANIFEST
E:\code2.0\bin\Release\VR_SQLSERVERDatabase.exp
E:\code2.0\bin\Release\VR_SQLSERVERDatabase.lib
E:\CODE2.0\JNI\SRC\VR_SQLSERVERDATABASE\RELEASE\ADOCONNECT.OBJ
E:\code2.0\jni\src\VR_SQLSERVERDatabase\Release\cl.command.1.tlog
E:\code2.0\jni\src\VR_SQLSERVERDatabase\Release\CL.read.1.tlog
E:\code2.0\jni\src\VR_SQLSERVERDatabase\Release\CL.write.1.tlog
E:\code2.0\jni\src\VR_SQLSERVERDatabase\Release\link.command.1.tlog
E:\code2.0\jni\src\VR_SQLSERVERDatabase\Release\link.read.1.tlog
E:\code2.0\jni\src\VR_SQLSERVERDatabase\Release\link.write.1.tlog
E:\code2.0\jni\src\VR_SQLSERVERDatabase\Release\msado15.tlh
E:\code2.0\jni\src\VR_SQLSERVERDatabase\Release\msado15.tli
E:\code2.0\jni\src\VR_SQLSERVERDatabase\Release\mt.command.1.tlog
E:\code2.0\jni\src\VR_SQLSERVERDatabase\Release\mt.read.1.tlog
E:\code2.0\jni\src\VR_SQLSERVERDatabase\Release\mt.write.1.tlog
E:\CODE2.0\JNI\SRC\VR_SQLSERVERDATABASE\RELEASE\ODBCCONNECT.OBJ
E:\CODE2.0\JNI\SRC\VR_SQLSERVERDATABASE\RELEASE\VC100.PDB
E:\CODE2.0\JNI\SRC\VR_SQLSERVERDATABASE\RELEASE\VR_SQLSERVERDATABASE.DLL.INTERMEDIATE.MANIFEST
E:\code2.0\jni\src\VR_SQLSERVERDatabase\Release\VR_SQLSERVERDatabase.write.1.tlog
