生成启动时间为 2021/7/30 12:47:53。
     1>项目“F:\矿大\爆破项目\code2.1\code2.0\jni\src\VR_PluginsForQT\VRSceneTreeWidget\VRSceneTreeWidget.vcxproj”在节点 2 上(build 个目标)。
     1>C:\Program Files (x86)\MSBuild\Microsoft.Cpp\v4.0\Microsoft.CppBuild.targets(298,5): warning MSB8004: Intermediate 目录未以斜杠结尾。此生成实例将添加斜杠，因为必须有这个斜杠才能正确计算 Intermediate 目录。
     1>InitializeBuildStatus:
         正在创建“Debug\VRSceneTreeWidget.unsuccessfulbuild”，因为已指定“AlwaysCreate”。
       ComputeCustomBuildOutput:
         正在创建目录“F:\矿大\爆破项目\code2.1\code2.0\jni\src\VR_PluginsForQT\VRSceneTreeWidget\GeneratedFiles\Debug\”。
       CustomBuild:
         Moc'ing vrscenetreewidget.h...
         Moc'ing vrscenetreewidgetplugin.h...
       ClCompile:
         E:\VS2010\install-vs\VC\bin\CL.exe /c /I.\GeneratedFiles /I. /I"E:\VS2010\QT4.8.6\QT-4.8.6install\include" /I.\GeneratedFiles\Debug /I"E:\VS2010\QT4.8.6\QT-4.8.6install\include\QtDesigner" /I"E:\VS2010\QT4.8.6\QT-4.8.6install\include\QtCore" /I"E:\VS2010\QT4.8.6\QT-4.8.6install\include\QtGui" /Zi /nologo /W1 /WX- /Od /Oy- /D UNICODE /D WIN32 /D QT_DLL /D QT_PLUGIN /D QDESIGNER_EXPORT_WIDGETS /D QT_CORE_LIB /D QT_GUI_LIB /D _WINDLL /Gm- /EHsc /MDd /GS /fp:precise /Zc:wchar_t- /Zc:forScope /Fo"Debug\\" /Fd"Debug\vc100.pdb" /Gd /TP /analyze- /errorReport:prompt GeneratedFiles\Debug\moc_vrscenetreewidget.cpp GeneratedFiles\Debug\moc_vrscenetreewidgetplugin.cpp vrscenetreewidget.cpp vrscenetreewidgetplugin.cpp
         moc_vrscenetreewidget.cpp
         moc_vrscenetreewidgetplugin.cpp
         vrscenetreewidget.cpp
         vrscenetreewidgetplugin.cpp
     1>vrscenetreewidgetplugin.cpp(13): warning C4138: 在注释外找到“*/”
         正在生成代码...
     1>C:\Program Files (x86)\MSBuild\Microsoft.Cpp\v4.0\Microsoft.CppBuild.targets(990,5): warning MSB8012: TargetPath(F:\矿大\爆破项目\code2.1\code2.0\\bin\Debug\VRSceneTreeWidget_ForQt.dll) 与 Linker 的 OutputFile 属性值(F:\矿大\爆破项目\code2.1\code2.0\bin\Debug\VRSceneTreeWidget_d_ForQt.dll)不匹配。这可能导致项目生成不正确。若要更正此问题，请确保 $(OutDir)、$(TargetName) 和 $(TargetExt) 属性值与 %(Link.OutputFile) 中指定的值匹配。
     1>C:\Program Files (x86)\MSBuild\Microsoft.Cpp\v4.0\Microsoft.CppBuild.targets(992,5): warning MSB8012: TargetName(VRSceneTreeWidget_ForQt) 与 Linker 的 OutputFile 属性值(VRSceneTreeWidget_d_ForQt)不匹配。这可能导致项目生成不正确。若要更正此问题，请确保 $(OutDir)、$(TargetName) 和 $(TargetExt) 属性值与 %(Link.OutputFile) 中指定的值匹配。
       Link:
         E:\VS2010\install-vs\VC\bin\link.exe /ERRORREPORT:PROMPT /OUT:"F:\矿大\爆破项目\code2.1\code2.0\\bin\Debug\\VRSceneTreeWidget_d_ForQt.dll" /NOLOGO /LIBPATH:"E:\VS2010\QT4.8.6\QT-4.8.6install\lib" qtmaind.lib QtDesignerd4.lib QtCored4.lib QtGuid4.lib kernel32.lib user32.lib gdi32.lib winspool.lib comdlg32.lib advapi32.lib shell32.lib ole32.lib oleaut32.lib uuid.lib odbc32.lib odbccp32.lib /MANIFEST /ManifestFile:"Debug\VRSceneTreeWidget_ForQt.dll.intermediate.manifest" /MANIFESTUAC:"level='asInvoker' uiAccess='false'" /DEBUG /PDB:"F:\矿大\爆破项目\code2.1\code2.0\bin\Debug\VRSceneTreeWidget_ForQt.pdb" /SUBSYSTEM:WINDOWS /TLBID:1 /DYNAMICBASE /NXCOMPAT /IMPLIB:"F:\矿大\爆破项目\code2.1\code2.0\\bin\Debug\VRSceneTreeWidget_ForQt.lib" /MACHINE:X86 /DLL Debug\moc_vrscenetreewidget.obj
         Debug\moc_vrscenetreewidgetplugin.obj
         Debug\vrscenetreewidget.obj
         Debug\vrscenetreewidgetplugin.obj
            正在创建库 F:\矿大\爆破项目\code2.1\code2.0\\bin\Debug\VRSceneTreeWidget_ForQt.lib 和对象 F:\矿大\爆破项目\code2.1\code2.0\\bin\Debug\VRSceneTreeWidget_ForQt.exp
         VRSceneTreeWidget.vcxproj -> F:\矿大\爆破项目\code2.1\code2.0\\bin\Debug\VRSceneTreeWidget_ForQt.dll
       Manifest:
         C:\Program Files (x86)\Microsoft SDKs\Windows\v7.0A\bin\mt.exe /nologo /verbose /out:"F:\矿大\爆破项目\code2.1\code2.0\\bin\Debug\VRSceneTreeWidget_ForQt.dll.manifest" /manifest Debug\VRSceneTreeWidget_ForQt.dll.intermediate.manifest
       FinalizeBuildStatus:
         正在删除文件“Debug\VRSceneTreeWidget.unsuccessfulbuild”。
         正在对“Debug\VRSceneTreeWidget.lastbuildstate”执行 Touch 任务。
     1>已完成生成项目“F:\矿大\爆破项目\code2.1\code2.0\jni\src\VR_PluginsForQT\VRSceneTreeWidget\VRSceneTreeWidget.vcxproj”(build 个目标)的操作。

生成成功。

已用时间 00:00:04.12
