E:\code2.0\\bin\Debug\VRSceneTreeWidget_ForQt.dll.manifest
E:\code2.0\\bin\Debug\VRSceneTreeWidget_ForQt.pdb
E:\CODE2.0\BIN\DEBUG\VRSCENETREEWIDGET_D_FORQT.DLL
E:\CODE2.0\BIN\DEBUG\VRSCENETREEWIDGET_D_FORQT.ILK
E:\CODE2.0\BIN\DEBUG\VRSCENETREEWIDGET_FORQT.DLL.MANIFEST
E:\code2.0\bin\Debug\VRSceneTreeWidget_ForQt.exp
E:\code2.0\bin\Debug\VRSceneTreeWidget_ForQt.lib
E:\CODE2.0\BIN\DEBUG\VRSCENETREEWIDGET_FORQT.PDB
E:\code2.0\jni\src\VR_PluginsForQT\VRSceneTreeWidget\Debug\cl.command.1.tlog
E:\code2.0\jni\src\VR_PluginsForQT\VRSceneTreeWidget\Debug\CL.read.1.tlog
E:\code2.0\jni\src\VR_PluginsForQT\VRSceneTreeWidget\Debug\CL.write.1.tlog
E:\code2.0\jni\src\VR_PluginsForQT\VRSceneTreeWidget\Debug\custombuild.command.1.tlog
E:\code2.0\jni\src\VR_PluginsForQT\VRSceneTreeWidget\Debug\custombuild.read.1.tlog
E:\code2.0\jni\src\VR_PluginsForQT\VRSceneTreeWidget\Debug\custombuild.write.1.tlog
E:\code2.0\jni\src\VR_PluginsForQT\VRSceneTreeWidget\Debug\link.command.1.tlog
E:\code2.0\jni\src\VR_PluginsForQT\VRSceneTreeWidget\Debug\link.read.1.tlog
E:\code2.0\jni\src\VR_PluginsForQT\VRSceneTreeWidget\Debug\link.write.1.tlog
E:\CODE2.0\JNI\SRC\VR_PLUGINSFORQT\VRSCENETREEWIDGET\DEBUG\MOC_VRSCENETREEWIDGET.OBJ
E:\CODE2.0\JNI\SRC\VR_PLUGINSFORQT\VRSCENETREEWIDGET\DEBUG\MOC_VRSCENETREEWIDGETPLUGIN.OBJ
E:\code2.0\jni\src\VR_PluginsForQT\VRSceneTreeWidget\Debug\mt.command.1.tlog
E:\code2.0\jni\src\VR_PluginsForQT\VRSceneTreeWidget\Debug\mt.read.1.tlog
E:\code2.0\jni\src\VR_PluginsForQT\VRSceneTreeWidget\Debug\mt.write.1.tlog
E:\CODE2.0\JNI\SRC\VR_PLUGINSFORQT\VRSCENETREEWIDGET\DEBUG\VC100.PDB
E:\CODE2.0\JNI\SRC\VR_PLUGINSFORQT\VRSCENETREEWIDGET\DEBUG\VRSCENETREEWIDGET.OBJ
E:\code2.0\jni\src\VR_PluginsForQT\VRSceneTreeWidget\Debug\VRSceneTreeWidget.write.1.tlog
E:\CODE2.0\JNI\SRC\VR_PLUGINSFORQT\VRSCENETREEWIDGET\DEBUG\VRSCENETREEWIDGET_FORQT.DLL.INTERMEDIATE.MANIFEST
E:\CODE2.0\JNI\SRC\VR_PLUGINSFORQT\VRSCENETREEWIDGET\DEBUG\VRSCENETREEWIDGETPLUGIN.OBJ
E:\CODE2.0\JNI\SRC\VR_PLUGINSFORQT\VRSCENETREEWIDGET\GENERATEDFILES\DEBUG\MOC_VRSCENETREEWIDGET.CPP
E:\CODE2.0\JNI\SRC\VR_PLUGINSFORQT\VRSCENETREEWIDGET\GENERATEDFILES\DEBUG\MOC_VRSCENETREEWIDGETPLUGIN.CPP
