E:\CODE2.0\BIN\DEBUG\VRDATASOURCETREEWIDGET_D_FORQT.DLL
E:\CODE2.0\BIN\DEBUG\VRDATASOURCETREEWIDGET_D_FORQT.ILK
E:\code2.0\bin\Debug\VRDataSourceTreeWidget_ForQt.exp
E:\code2.0\bin\Debug\VRDataSourceTreeWidget_ForQt.lib
E:\CODE2.0\BIN\DEBUG\VRDATASOURCETREEWIDGET_FORQT.PDB
E:\CODE2.0\JNI\SRC\VR_PLUGINSFORQT\VR_DATASOURCETREEWIDGET\DEBUG\MOC_VRDATASOURCETREEWIDGET.OBJ
E:\CODE2.0\JNI\SRC\VR_PLUGINSFORQT\VR_DATASOURCETREEWIDGET\DEBUG\MOC_VRDATASOURCETREEWIDGETPLUGIN.OBJ
E:\CODE2.0\JNI\SRC\VR_PLUGINSFORQT\VR_DATASOURCETREEWIDGET\DEBUG\VC100.PDB
E:\CODE2.0\JNI\SRC\VR_PLUGINSFORQT\VR_DATASOURCETREEWIDGET\DEBUG\VRDATASOURCETREEWIDGET.OBJ
E:\CODE2.0\JNI\SRC\VR_PLUGINSFORQT\VR_DATASOURCETREEWIDGET\DEBUG\VRDATASOURCETREEWIDGET_FORQT.DLL.INTERMEDIATE.MANIFEST
E:\CODE2.0\JNI\SRC\VR_PLUGINSFORQT\VR_DATASOURCETREEWIDGET\DEBUG\VRDATASOURCETREEWIDGETPLUGIN.OBJ
E:\CODE2.0\JNI\SRC\VR_PLUGINSFORQT\VR_DATASOURCETREEWIDGET\GENERATEDFILES\DEBUG\MOC_VRDATASOURCETREEWIDGET.CPP
E:\CODE2.0\JNI\SRC\VR_PLUGINSFORQT\VR_DATASOURCETREEWIDGET\GENERATEDFILES\DEBUG\MOC_VRDATASOURCETREEWIDGETPLUGIN.CPP
F:\矿大\爆破项目\code2.1\code2.0\\bin\Debug\VRDataSourceTreeWidget_ForQt.pdb
F:\矿大\爆破项目\code2.1\code2.0\jni\src\VR_PluginsForQT\VR_DataSourceTreeWidget\Debug\cl.command.1.tlog
F:\矿大\爆破项目\code2.1\code2.0\jni\src\VR_PluginsForQT\VR_DataSourceTreeWidget\Debug\CL.read.1.tlog
F:\矿大\爆破项目\code2.1\code2.0\jni\src\VR_PluginsForQT\VR_DataSourceTreeWidget\Debug\CL.write.1.tlog
F:\矿大\爆破项目\code2.1\code2.0\jni\src\VR_PluginsForQT\VR_DataSourceTreeWidget\Debug\custombuild.command.1.tlog
F:\矿大\爆破项目\code2.1\code2.0\jni\src\VR_PluginsForQT\VR_DataSourceTreeWidget\Debug\custombuild.read.1.tlog
F:\矿大\爆破项目\code2.1\code2.0\jni\src\VR_PluginsForQT\VR_DataSourceTreeWidget\Debug\custombuild.write.1.tlog
F:\矿大\爆破项目\code2.1\code2.0\jni\src\VR_PluginsForQT\VR_DataSourceTreeWidget\Debug\link.command.1.tlog
F:\矿大\爆破项目\code2.1\code2.0\jni\src\VR_PluginsForQT\VR_DataSourceTreeWidget\Debug\link.read.1.tlog
F:\矿大\爆破项目\code2.1\code2.0\jni\src\VR_PluginsForQT\VR_DataSourceTreeWidget\Debug\link.write.1.tlog
F:\矿大\爆破项目\code2.1\code2.0\jni\src\VR_PluginsForQT\VR_DataSourceTreeWidget\Debug\moc_vrdatasourcetreewidget.obj
F:\矿大\爆破项目\code2.1\code2.0\jni\src\VR_PluginsForQT\VR_DataSourceTreeWidget\Debug\moc_vrdatasourcetreewidgetplugin.obj
F:\矿大\爆破项目\code2.1\code2.0\jni\src\VR_PluginsForQT\VR_DataSourceTreeWidget\Debug\mt.command.1.tlog
F:\矿大\爆破项目\code2.1\code2.0\jni\src\VR_PluginsForQT\VR_DataSourceTreeWidget\Debug\mt.read.1.tlog
F:\矿大\爆破项目\code2.1\code2.0\jni\src\VR_PluginsForQT\VR_DataSourceTreeWidget\Debug\mt.write.1.tlog
F:\矿大\爆破项目\code2.1\code2.0\jni\src\VR_PluginsForQT\VR_DataSourceTreeWidget\Debug\vc100.pdb
F:\矿大\爆破项目\code2.1\code2.0\jni\src\VR_PluginsForQT\VR_DataSourceTreeWidget\Debug\vrdatasourcetreewidget.obj
F:\矿大\爆破项目\code2.1\code2.0\jni\src\VR_PluginsForQT\VR_DataSourceTreeWidget\Debug\VRDataSourceTreeWidget.write.1.tlog
F:\矿大\爆破项目\code2.1\code2.0\jni\src\VR_PluginsForQT\VR_DataSourceTreeWidget\Debug\VRDataSourceTreeWidget_ForQt.dll.intermediate.manifest
F:\矿大\爆破项目\code2.1\code2.0\jni\src\VR_PluginsForQT\VR_DataSourceTreeWidget\Debug\vrdatasourcetreewidgetplugin.obj
