E:\code2.0\\bin\Release\VR_HttpHelper.dll
E:\CODE2.0\BIN\RELEASE\VR_HTTPHELPER.DLL
E:\code2.0\bin\Release\VR_HttpHelper.exp
E:\code2.0\bin\Release\VR_HttpHelper.lib
E:\CODE2.0\JNI\SRC\VR_HTTPHELPER\VR_HTTPHELPER\GENERATEDFILES\RELEASE\MOC_HTTPDOWNLOAD.CPP
E:\code2.0\jni\src\VR_HttpHelper\VR_HttpHelper\Release\cl.command.1.tlog
E:\code2.0\jni\src\VR_HttpHelper\VR_HttpHelper\Release\CL.read.1.tlog
E:\code2.0\jni\src\VR_HttpHelper\VR_HttpHelper\Release\CL.write.1.tlog
E:\code2.0\jni\src\VR_HttpHelper\VR_HttpHelper\Release\custombuild.command.1.tlog
E:\code2.0\jni\src\VR_HttpHelper\VR_HttpHelper\Release\custombuild.read.1.tlog
E:\code2.0\jni\src\VR_HttpHelper\VR_HttpHelper\Release\custombuild.write.1.tlog
E:\CODE2.0\JNI\SRC\VR_HTTPHELPER\VR_HTTPHELPER\RELEASE\HTTPDOWNLOAD.OBJ
E:\code2.0\jni\src\VR_HttpHelper\VR_HttpHelper\Release\link.command.1.tlog
E:\code2.0\jni\src\VR_HttpHelper\VR_HttpHelper\Release\link.read.1.tlog
E:\code2.0\jni\src\VR_HttpHelper\VR_HttpHelper\Release\link.write.1.tlog
E:\CODE2.0\JNI\SRC\VR_HTTPHELPER\VR_HTTPHELPER\RELEASE\MOC_HTTPDOWNLOAD.OBJ
E:\code2.0\jni\src\VR_HttpHelper\VR_HttpHelper\Release\mt.command.1.tlog
E:\code2.0\jni\src\VR_HttpHelper\VR_HttpHelper\Release\mt.read.1.tlog
E:\code2.0\jni\src\VR_HttpHelper\VR_HttpHelper\Release\mt.write.1.tlog
E:\CODE2.0\JNI\SRC\VR_HTTPHELPER\VR_HTTPHELPER\RELEASE\VR_HTTPHELPER.DLL.INTERMEDIATE.MANIFEST
E:\CODE2.0\JNI\SRC\VR_HTTPHELPER\VR_HTTPHELPER\RELEASE\VR_HTTPHELPER.OBJ
E:\code2.0\jni\src\VR_HttpHelper\VR_HttpHelper\Release\VR_HttpHelper.write.1.tlog
