E:\code2.0\\bin\Debug\VR_GeneralUI_d.dll
E:\code2.0\\bin\Debug\VR_GeneralUI_d.ilk
E:\code2.0\\bin\Debug\VR_GeneralUI_d.pdb
E:\CODE2.0\BIN\DEBUG\VR_GENERALUI_D.DLL
E:\code2.0\bin\Debug\VR_GeneralUI_d.exp
E:\CODE2.0\BIN\DEBUG\VR_GENERALUI_D.ILK
E:\code2.0\bin\Debug\VR_GeneralUI_d.lib
E:\CODE2.0\BIN\DEBUG\VR_GENERALUI_D.PDB
E:\CODE2.0\JNI\SRC\VR_GENERALUI\DEBUG\ADDSOLUTIONDLG.OBJ
E:\CODE2.0\JNI\SRC\VR_GENERALUI\DEBUG\ALLMONITORDLG.OBJ
E:\CODE2.0\JNI\SRC\VR_GENERALUI\DEBUG\BASEDIALOG.OBJ
E:\CODE2.0\JNI\SRC\VR_GENERALUI\DEBUG\BOARDINFO.OBJ
E:\code2.0\jni\src\VR_GeneralUI\Debug\cl.command.1.tlog
E:\code2.0\jni\src\VR_GeneralUI\Debug\CL.read.1.tlog
E:\code2.0\jni\src\VR_GeneralUI\Debug\CL.write.1.tlog
E:\code2.0\jni\src\VR_GeneralUI\Debug\custombuild.command.1.tlog
E:\code2.0\jni\src\VR_GeneralUI\Debug\custombuild.read.1.tlog
E:\code2.0\jni\src\VR_GeneralUI\Debug\custombuild.write.1.tlog
E:\CODE2.0\JNI\SRC\VR_GENERALUI\DEBUG\DRILLINGSAVEANALYSISDLG.OBJ
E:\CODE2.0\JNI\SRC\VR_GENERALUI\DEBUG\FLOODANALYSISDLG.OBJ
E:\CODE2.0\JNI\SRC\VR_GENERALUI\DEBUG\GLOBALMONITORDLG.OBJ
E:\CODE2.0\JNI\SRC\VR_GENERALUI\DEBUG\LAYERPROPERTYDLG.OBJ
E:\code2.0\jni\src\VR_GeneralUI\Debug\link.command.1.tlog
E:\code2.0\jni\src\VR_GeneralUI\Debug\link.read.1.tlog
E:\code2.0\jni\src\VR_GeneralUI\Debug\link.write.1.tlog
E:\CODE2.0\JNI\SRC\VR_GENERALUI\DEBUG\LOADVIDEO.OBJ
E:\CODE2.0\JNI\SRC\VR_GENERALUI\DEBUG\LOCALDATASOURCEDLG.OBJ
E:\CODE2.0\JNI\SRC\VR_GENERALUI\DEBUG\LOCATIONPROPERTYDLG.OBJ
E:\CODE2.0\JNI\SRC\VR_GENERALUI\DEBUG\MOC_ADDSOLUTIONDLG.OBJ
E:\CODE2.0\JNI\SRC\VR_GENERALUI\DEBUG\MOC_ALLMONITORDLG.OBJ
E:\CODE2.0\JNI\SRC\VR_GENERALUI\DEBUG\MOC_BASEDIALOG.OBJ
E:\CODE2.0\JNI\SRC\VR_GENERALUI\DEBUG\MOC_BOARDINFO.OBJ
E:\CODE2.0\JNI\SRC\VR_GENERALUI\DEBUG\MOC_DRILLINGSAVEANALYSISDLG.OBJ
E:\CODE2.0\JNI\SRC\VR_GENERALUI\DEBUG\MOC_FLOODANALYSISDLG.OBJ
E:\CODE2.0\JNI\SRC\VR_GENERALUI\DEBUG\MOC_GLOBALMONITORDLG.OBJ
E:\CODE2.0\JNI\SRC\VR_GENERALUI\DEBUG\MOC_LAYERPROPERTYDLG.OBJ
E:\CODE2.0\JNI\SRC\VR_GENERALUI\DEBUG\MOC_LOADVIDEODLG.OBJ
E:\CODE2.0\JNI\SRC\VR_GENERALUI\DEBUG\MOC_LOCALDATASOURCEDLG.OBJ
E:\CODE2.0\JNI\SRC\VR_GENERALUI\DEBUG\MOC_LOCATIONPROPERTYDLG.OBJ
E:\CODE2.0\JNI\SRC\VR_GENERALUI\DEBUG\MOC_MODELPROPERTYDLG.OBJ
E:\CODE2.0\JNI\SRC\VR_GENERALUI\DEBUG\MOC_PEOPLETRACEDLG.OBJ
E:\CODE2.0\JNI\SRC\VR_GENERALUI\DEBUG\MOC_PROJECTLISTDLG.OBJ
E:\CODE2.0\JNI\SRC\VR_GENERALUI\DEBUG\MOC_PROPERTYQUERYDLG.OBJ
E:\CODE2.0\JNI\SRC\VR_GENERALUI\DEBUG\MOC_QUERYCOORDINATIONDLG.OBJ
E:\CODE2.0\JNI\SRC\VR_GENERALUI\DEBUG\MOC_QUERYLANEWAYDLG.OBJ
E:\CODE2.0\JNI\SRC\VR_GENERALUI\DEBUG\MOC_REALPEOPLEQUERYDLG.OBJ
E:\CODE2.0\JNI\SRC\VR_GENERALUI\DEBUG\MOC_REGESTERDLG.OBJ
E:\CODE2.0\JNI\SRC\VR_GENERALUI\DEBUG\MOC_SAFESOLUTIONDLG.OBJ
E:\CODE2.0\JNI\SRC\VR_GENERALUI\DEBUG\MOC_SEVERCONFIGDLG.OBJ
E:\CODE2.0\JNI\SRC\VR_GENERALUI\DEBUG\MOC_SIMUPROPERTYDLG.OBJ
E:\CODE2.0\JNI\SRC\VR_GENERALUI\DEBUG\MOC_SIMUVALUEDLG.OBJ
E:\CODE2.0\JNI\SRC\VR_GENERALUI\DEBUG\MOC_SPATIALSNALYSISDLG.OBJ
E:\CODE2.0\JNI\SRC\VR_GENERALUI\DEBUG\MOC_SWITCHPROPERTYDLG.OBJ
E:\CODE2.0\JNI\SRC\VR_GENERALUI\DEBUG\MOC_SWITCHVALUEDLG.OBJ
E:\CODE2.0\JNI\SRC\VR_GENERALUI\DEBUG\MOC_SYSTEMSETTING.OBJ
E:\CODE2.0\JNI\SRC\VR_GENERALUI\DEBUG\MOC_TOURANALYSISDLG.OBJ
E:\CODE2.0\JNI\SRC\VR_GENERALUI\DEBUG\MOC_VR_GENERALUI.OBJ
E:\CODE2.0\JNI\SRC\VR_GENERALUI\DEBUG\MOC_VR_GENERALUIPLUGIN.OBJ
E:\CODE2.0\JNI\SRC\VR_GENERALUI\DEBUG\MODELPROPERTYDLG.OBJ
E:\code2.0\jni\src\VR_GeneralUI\Debug\mt.command.1.tlog
E:\code2.0\jni\src\VR_GeneralUI\Debug\mt.read.1.tlog
E:\code2.0\jni\src\VR_GeneralUI\Debug\mt.write.1.tlog
E:\CODE2.0\JNI\SRC\VR_GENERALUI\DEBUG\PEOPLETRACEDLG.OBJ
E:\CODE2.0\JNI\SRC\VR_GENERALUI\DEBUG\PROJECTLISTDLG.OBJ
E:\CODE2.0\JNI\SRC\VR_GENERALUI\DEBUG\PROPERTYQUERYDLG.OBJ
E:\CODE2.0\JNI\SRC\VR_GENERALUI\DEBUG\QUERYCOORDINATIONDLG.OBJ
E:\CODE2.0\JNI\SRC\VR_GENERALUI\DEBUG\QUERYLANEWAYDLG.OBJ
E:\CODE2.0\JNI\SRC\VR_GENERALUI\DEBUG\REALPEOPLEQUERYDLG.OBJ
E:\CODE2.0\JNI\SRC\VR_GENERALUI\DEBUG\REGESTERDLG.OBJ
E:\CODE2.0\JNI\SRC\VR_GENERALUI\DEBUG\SAFESOLUTIONDLG.OBJ
E:\CODE2.0\JNI\SRC\VR_GENERALUI\DEBUG\SEVERCONFIGDLG.OBJ
E:\CODE2.0\JNI\SRC\VR_GENERALUI\DEBUG\SIMUPROPERTYDLG.OBJ
E:\CODE2.0\JNI\SRC\VR_GENERALUI\DEBUG\SIMUVALUEDLG.OBJ
E:\CODE2.0\JNI\SRC\VR_GENERALUI\DEBUG\SPATIALANALYSISDLG.OBJ
E:\CODE2.0\JNI\SRC\VR_GENERALUI\DEBUG\SWITCHPROPERTYDLG.OBJ
E:\CODE2.0\JNI\SRC\VR_GENERALUI\DEBUG\SWITCHVALUEDLG.OBJ
E:\CODE2.0\JNI\SRC\VR_GENERALUI\DEBUG\SYSTEMSETTING.OBJ
E:\CODE2.0\JNI\SRC\VR_GENERALUI\DEBUG\TOURANALYSISDLG.OBJ
E:\CODE2.0\JNI\SRC\VR_GENERALUI\DEBUG\VC100.PDB
E:\CODE2.0\JNI\SRC\VR_GENERALUI\DEBUG\VR_GENERALUI.OBJ
E:\code2.0\jni\src\VR_GeneralUI\Debug\VR_GeneralUI.write.1.tlog
E:\CODE2.0\JNI\SRC\VR_GENERALUI\DEBUG\VR_GENERALUI_D.DLL.INTERMEDIATE.MANIFEST
E:\CODE2.0\JNI\SRC\VR_GENERALUI\DEBUG\VR_GENERALUIPLUGIN.OBJ
E:\CODE2.0\JNI\SRC\VR_GENERALUI\GENERATEDFILES\DEBUG\MOC_ADDSOLUTIONDLG.CPP
E:\CODE2.0\JNI\SRC\VR_GENERALUI\GENERATEDFILES\DEBUG\MOC_ALLMONITORDLG.CPP
E:\CODE2.0\JNI\SRC\VR_GENERALUI\GENERATEDFILES\DEBUG\MOC_BASEDIALOG.CPP
E:\CODE2.0\JNI\SRC\VR_GENERALUI\GENERATEDFILES\DEBUG\MOC_BOARDINFO.CPP
E:\CODE2.0\JNI\SRC\VR_GENERALUI\GENERATEDFILES\DEBUG\MOC_DRILLINGSAVEANALYSISDLG.CPP
E:\CODE2.0\JNI\SRC\VR_GENERALUI\GENERATEDFILES\DEBUG\MOC_FLOODANALYSISDLG.CPP
E:\CODE2.0\JNI\SRC\VR_GENERALUI\GENERATEDFILES\DEBUG\MOC_GLOBALMONITORDLG.CPP
E:\CODE2.0\JNI\SRC\VR_GENERALUI\GENERATEDFILES\DEBUG\MOC_LAYERPROPERTYDLG.CPP
E:\CODE2.0\JNI\SRC\VR_GENERALUI\GENERATEDFILES\DEBUG\MOC_LOADVIDEODLG.CPP
E:\CODE2.0\JNI\SRC\VR_GENERALUI\GENERATEDFILES\DEBUG\MOC_LOCALDATASOURCEDLG.CPP
E:\CODE2.0\JNI\SRC\VR_GENERALUI\GENERATEDFILES\DEBUG\MOC_LOCATIONPROPERTYDLG.CPP
E:\CODE2.0\JNI\SRC\VR_GENERALUI\GENERATEDFILES\DEBUG\MOC_MODELPROPERTYDLG.CPP
E:\CODE2.0\JNI\SRC\VR_GENERALUI\GENERATEDFILES\DEBUG\MOC_PEOPLETRACEDLG.CPP
E:\CODE2.0\JNI\SRC\VR_GENERALUI\GENERATEDFILES\DEBUG\MOC_PROJECTLISTDLG.CPP
E:\CODE2.0\JNI\SRC\VR_GENERALUI\GENERATEDFILES\DEBUG\MOC_PROPERTYQUERYDLG.CPP
E:\CODE2.0\JNI\SRC\VR_GENERALUI\GENERATEDFILES\DEBUG\MOC_QUERYCOORDINATIONDLG.CPP
E:\CODE2.0\JNI\SRC\VR_GENERALUI\GENERATEDFILES\DEBUG\MOC_QUERYLANEWAYDLG.CPP
E:\CODE2.0\JNI\SRC\VR_GENERALUI\GENERATEDFILES\DEBUG\MOC_REALPEOPLEQUERYDLG.CPP
E:\CODE2.0\JNI\SRC\VR_GENERALUI\GENERATEDFILES\DEBUG\MOC_REGESTERDLG.CPP
E:\CODE2.0\JNI\SRC\VR_GENERALUI\GENERATEDFILES\DEBUG\MOC_SAFESOLUTIONDLG.CPP
E:\CODE2.0\JNI\SRC\VR_GENERALUI\GENERATEDFILES\DEBUG\MOC_SEVERCONFIGDLG.CPP
E:\CODE2.0\JNI\SRC\VR_GENERALUI\GENERATEDFILES\DEBUG\MOC_SIMUPROPERTYDLG.CPP
E:\CODE2.0\JNI\SRC\VR_GENERALUI\GENERATEDFILES\DEBUG\MOC_SIMUVALUEDLG.CPP
E:\CODE2.0\JNI\SRC\VR_GENERALUI\GENERATEDFILES\DEBUG\MOC_SPATIALSNALYSISDLG.CPP
E:\CODE2.0\JNI\SRC\VR_GENERALUI\GENERATEDFILES\DEBUG\MOC_SWITCHPROPERTYDLG.CPP
E:\CODE2.0\JNI\SRC\VR_GENERALUI\GENERATEDFILES\DEBUG\MOC_SWITCHVALUEDLG.CPP
E:\CODE2.0\JNI\SRC\VR_GENERALUI\GENERATEDFILES\DEBUG\MOC_SYSTEMSETTING.CPP
E:\CODE2.0\JNI\SRC\VR_GENERALUI\GENERATEDFILES\DEBUG\MOC_TOURANALYSISDLG.CPP
E:\CODE2.0\JNI\SRC\VR_GENERALUI\GENERATEDFILES\DEBUG\MOC_VR_GENERALUI.CPP
E:\CODE2.0\JNI\SRC\VR_GENERALUI\GENERATEDFILES\DEBUG\MOC_VR_GENERALUIPLUGIN.CPP
E:\CODE2.0\JNI\SRC\VR_GENERALUI\GENERATEDFILES\UI_ADDSOLUTIONDLG.H
E:\CODE2.0\JNI\SRC\VR_GENERALUI\GENERATEDFILES\UI_ALLMONITORDLG.H
E:\CODE2.0\JNI\SRC\VR_GENERALUI\GENERATEDFILES\UI_BOARDINFO.H
E:\CODE2.0\JNI\SRC\VR_GENERALUI\GENERATEDFILES\UI_CREATENEWSCENEDLG.H
E:\CODE2.0\JNI\SRC\VR_GENERALUI\GENERATEDFILES\UI_DATASETPROPERTYDLG.H
E:\CODE2.0\JNI\SRC\VR_GENERALUI\GENERATEDFILES\UI_DRILLINGANALYSISDLG.H
E:\CODE2.0\JNI\SRC\VR_GENERALUI\GENERATEDFILES\UI_FLOODANALYSISDLG.H
E:\CODE2.0\JNI\SRC\VR_GENERALUI\GENERATEDFILES\UI_GLOBALMONITORDLG.H
E:\CODE2.0\JNI\SRC\VR_GENERALUI\GENERATEDFILES\UI_LAYERADDDLG.H
E:\CODE2.0\JNI\SRC\VR_GENERALUI\GENERATEDFILES\UI_LAYERPROPERTYDLG.H
E:\CODE2.0\JNI\SRC\VR_GENERALUI\GENERATEDFILES\UI_LOADVIDEO.H
E:\CODE2.0\JNI\SRC\VR_GENERALUI\GENERATEDFILES\UI_LOCALDATASOURCEDLG.H
E:\CODE2.0\JNI\SRC\VR_GENERALUI\GENERATEDFILES\UI_LOCATIONPROPERTYDLG.H
E:\CODE2.0\JNI\SRC\VR_GENERALUI\GENERATEDFILES\UI_MODELPROPERTYDLG.H
E:\CODE2.0\JNI\SRC\VR_GENERALUI\GENERATEDFILES\UI_PEOPLETRACEDLG.H
E:\CODE2.0\JNI\SRC\VR_GENERALUI\GENERATEDFILES\UI_PROJECTLISTDLG.H
E:\CODE2.0\JNI\SRC\VR_GENERALUI\GENERATEDFILES\UI_PROPERTYQUERYDLG.H
E:\CODE2.0\JNI\SRC\VR_GENERALUI\GENERATEDFILES\UI_QUERYCOORDINATION.H
E:\CODE2.0\JNI\SRC\VR_GENERALUI\GENERATEDFILES\UI_QUERYLANEWAYBYNAME.H
E:\CODE2.0\JNI\SRC\VR_GENERALUI\GENERATEDFILES\UI_REALPEOPLEDLG.H
E:\CODE2.0\JNI\SRC\VR_GENERALUI\GENERATEDFILES\UI_REGISTERDLG.H
E:\CODE2.0\JNI\SRC\VR_GENERALUI\GENERATEDFILES\UI_SAFESOLUTIONDLG.H
E:\CODE2.0\JNI\SRC\VR_GENERALUI\GENERATEDFILES\UI_SEVERCONFIGDLG.H
E:\CODE2.0\JNI\SRC\VR_GENERALUI\GENERATEDFILES\UI_SHORTCUTVIEWDLG.H
E:\CODE2.0\JNI\SRC\VR_GENERALUI\GENERATEDFILES\UI_SIMUPROPERTYDLG.H
E:\CODE2.0\JNI\SRC\VR_GENERALUI\GENERATEDFILES\UI_SIMUVALUEDLG.H
E:\CODE2.0\JNI\SRC\VR_GENERALUI\GENERATEDFILES\UI_SPALTIALANALYSIDLG.H
E:\CODE2.0\JNI\SRC\VR_GENERALUI\GENERATEDFILES\UI_SWITCHPROPERTYDLG.H
E:\CODE2.0\JNI\SRC\VR_GENERALUI\GENERATEDFILES\UI_SWITCHVALUEDLG.H
E:\CODE2.0\JNI\SRC\VR_GENERALUI\GENERATEDFILES\UI_TOURANALYSISDLG.H
E:\CODE2.0\JNI\SRC\VR_GENERALUI\GENERATEDFILES\UI_TOURPROPERTYDLG.H
