E:\code2.0\\bin\Debug\VR_HttpHelper_d.pdb
E:\CODE2.0\BIN\DEBUG\VR_HTTPHELPER.DLL
E:\CODE2.0\BIN\DEBUG\VR_HTTPHELPER.ILK
E:\code2.0\bin\Debug\VR_HttpHelper_d.exp
E:\code2.0\bin\Debug\VR_HttpHelper_d.lib
E:\CODE2.0\BIN\DEBUG\VR_HTTPHELPER_D.PDB
E:\code2.0\jni\src\VR_HttpHelper\VR_HttpHelper\Debug\cl.command.1.tlog
E:\code2.0\jni\src\VR_HttpHelper\VR_HttpHelper\Debug\CL.read.1.tlog
E:\code2.0\jni\src\VR_HttpHelper\VR_HttpHelper\Debug\CL.write.1.tlog
E:\code2.0\jni\src\VR_HttpHelper\VR_HttpHelper\Debug\custombuild.command.1.tlog
E:\code2.0\jni\src\VR_HttpHelper\VR_HttpHelper\Debug\custombuild.read.1.tlog
E:\code2.0\jni\src\VR_HttpHelper\VR_HttpHelper\Debug\custombuild.write.1.tlog
E:\CODE2.0\JNI\SRC\VR_HTTPHELPER\VR_HTTPHELPER\DEBUG\HTTPDOWNLOAD.OBJ
E:\code2.0\jni\src\VR_HttpHelper\VR_HttpHelper\Debug\link.command.1.tlog
E:\code2.0\jni\src\VR_HttpHelper\VR_HttpHelper\Debug\link.read.1.tlog
E:\code2.0\jni\src\VR_HttpHelper\VR_HttpHelper\Debug\link.write.1.tlog
E:\CODE2.0\JNI\SRC\VR_HTTPHELPER\VR_HTTPHELPER\DEBUG\MOC_HTTPDOWNLOAD.OBJ
E:\code2.0\jni\src\VR_HttpHelper\VR_HttpHelper\Debug\mt.command.1.tlog
E:\code2.0\jni\src\VR_HttpHelper\VR_HttpHelper\Debug\mt.read.1.tlog
E:\code2.0\jni\src\VR_HttpHelper\VR_HttpHelper\Debug\mt.write.1.tlog
E:\CODE2.0\JNI\SRC\VR_HTTPHELPER\VR_HTTPHELPER\DEBUG\VC100.PDB
E:\CODE2.0\JNI\SRC\VR_HTTPHELPER\VR_HTTPHELPER\DEBUG\VR_HTTPHELPER.OBJ
E:\code2.0\jni\src\VR_HttpHelper\VR_HttpHelper\Debug\VR_HttpHelper.write.1.tlog
E:\CODE2.0\JNI\SRC\VR_HTTPHELPER\VR_HTTPHELPER\DEBUG\VR_HTTPHELPER_D.DLL.INTERMEDIATE.MANIFEST
E:\CODE2.0\JNI\SRC\VR_HTTPHELPER\VR_HTTPHELPER\GENERATEDFILES\DEBUG\MOC_HTTPDOWNLOAD.CPP
