E:\code2.0\\bin\Release\VR_GeneralUI.dll
E:\CODE2.0\BIN\RELEASE\VR_GENERALUI.DLL
E:\code2.0\bin\Release\VR_GeneralUI.exp
E:\code2.0\bin\Release\VR_GeneralUI.lib
E:\CODE2.0\JNI\SRC\VR_GENERALUI\GENERATEDFILES\RELEASE\MOC_ADDSOLUTIONDLG.CPP
E:\CODE2.0\JNI\SRC\VR_GENERALUI\GENERATEDFILES\RELEASE\MOC_ALLMONITORDLG.CPP
E:\CODE2.0\JNI\SRC\VR_GENERALUI\GENERATEDFILES\RELEASE\MOC_BASEDIALOG.CPP
E:\CODE2.0\JNI\SRC\VR_GENERALUI\GENERATEDFILES\RELEASE\MOC_BOARDINFO.CPP
E:\CODE2.0\JNI\SRC\VR_GENERALUI\GENERATEDFILES\RELEASE\MOC_DRILLINGSAVEANALYSISDLG.CPP
E:\CODE2.0\JNI\SRC\VR_GENERALUI\GENERATEDFILES\RELEASE\MOC_FLOODANALYSISDLG.CPP
E:\CODE2.0\JNI\SRC\VR_GENERALUI\GENERATEDFILES\RELEASE\MOC_GLOBALMONITORDLG.CPP
E:\CODE2.0\JNI\SRC\VR_GENERALUI\GENERATEDFILES\RELEASE\MOC_LAYERPROPERTYDLG.CPP
E:\CODE2.0\JNI\SRC\VR_GENERALUI\GENERATEDFILES\RELEASE\MOC_LOADVIDEODLG.CPP
E:\CODE2.0\JNI\SRC\VR_GENERALUI\GENERATEDFILES\RELEASE\MOC_LOCALDATASOURCEDLG.CPP
E:\CODE2.0\JNI\SRC\VR_GENERALUI\GENERATEDFILES\RELEASE\MOC_LOCATIONPROPERTYDLG.CPP
E:\CODE2.0\JNI\SRC\VR_GENERALUI\GENERATEDFILES\RELEASE\MOC_MODELPROPERTYDLG.CPP
E:\CODE2.0\JNI\SRC\VR_GENERALUI\GENERATEDFILES\RELEASE\MOC_PEOPLETRACEDLG.CPP
E:\CODE2.0\JNI\SRC\VR_GENERALUI\GENERATEDFILES\RELEASE\MOC_PROJECTLISTDLG.CPP
E:\CODE2.0\JNI\SRC\VR_GENERALUI\GENERATEDFILES\RELEASE\MOC_PROPERTYQUERYDLG.CPP
E:\CODE2.0\JNI\SRC\VR_GENERALUI\GENERATEDFILES\RELEASE\MOC_QUERYCOORDINATIONDLG.CPP
E:\CODE2.0\JNI\SRC\VR_GENERALUI\GENERATEDFILES\RELEASE\MOC_QUERYLANEWAYDLG.CPP
E:\CODE2.0\JNI\SRC\VR_GENERALUI\GENERATEDFILES\RELEASE\MOC_REALPEOPLEQUERYDLG.CPP
E:\CODE2.0\JNI\SRC\VR_GENERALUI\GENERATEDFILES\RELEASE\MOC_REGESTERDLG.CPP
E:\CODE2.0\JNI\SRC\VR_GENERALUI\GENERATEDFILES\RELEASE\MOC_SAFESOLUTIONDLG.CPP
E:\CODE2.0\JNI\SRC\VR_GENERALUI\GENERATEDFILES\RELEASE\MOC_SEVERCONFIGDLG.CPP
E:\CODE2.0\JNI\SRC\VR_GENERALUI\GENERATEDFILES\RELEASE\MOC_SIMUPROPERTYDLG.CPP
E:\CODE2.0\JNI\SRC\VR_GENERALUI\GENERATEDFILES\RELEASE\MOC_SIMUVALUEDLG.CPP
E:\CODE2.0\JNI\SRC\VR_GENERALUI\GENERATEDFILES\RELEASE\MOC_SPATIALSNALYSISDLG.CPP
E:\CODE2.0\JNI\SRC\VR_GENERALUI\GENERATEDFILES\RELEASE\MOC_SWITCHPROPERTYDLG.CPP
E:\CODE2.0\JNI\SRC\VR_GENERALUI\GENERATEDFILES\RELEASE\MOC_SWITCHVALUEDLG.CPP
E:\CODE2.0\JNI\SRC\VR_GENERALUI\GENERATEDFILES\RELEASE\MOC_SYSTEMSETTING.CPP
E:\CODE2.0\JNI\SRC\VR_GENERALUI\GENERATEDFILES\RELEASE\MOC_TOURANALYSISDLG.CPP
E:\CODE2.0\JNI\SRC\VR_GENERALUI\GENERATEDFILES\RELEASE\MOC_VR_GENERALUI.CPP
E:\CODE2.0\JNI\SRC\VR_GENERALUI\GENERATEDFILES\RELEASE\MOC_VR_GENERALUIPLUGIN.CPP
E:\CODE2.0\JNI\SRC\VR_GENERALUI\GENERATEDFILES\UI_ADDSOLUTIONDLG.H
E:\CODE2.0\JNI\SRC\VR_GENERALUI\GENERATEDFILES\UI_ALLMONITORDLG.H
E:\CODE2.0\JNI\SRC\VR_GENERALUI\GENERATEDFILES\UI_BOARDINFO.H
E:\CODE2.0\JNI\SRC\VR_GENERALUI\GENERATEDFILES\UI_CREATENEWSCENEDLG.H
E:\CODE2.0\JNI\SRC\VR_GENERALUI\GENERATEDFILES\UI_DATASETPROPERTYDLG.H
E:\CODE2.0\JNI\SRC\VR_GENERALUI\GENERATEDFILES\UI_DRILLINGANALYSISDLG.H
E:\CODE2.0\JNI\SRC\VR_GENERALUI\GENERATEDFILES\UI_FLOODANALYSISDLG.H
E:\CODE2.0\JNI\SRC\VR_GENERALUI\GENERATEDFILES\UI_GLOBALMONITORDLG.H
E:\CODE2.0\JNI\SRC\VR_GENERALUI\GENERATEDFILES\UI_LAYERADDDLG.H
E:\CODE2.0\JNI\SRC\VR_GENERALUI\GENERATEDFILES\UI_LAYERPROPERTYDLG.H
E:\CODE2.0\JNI\SRC\VR_GENERALUI\GENERATEDFILES\UI_LOADVIDEO.H
E:\CODE2.0\JNI\SRC\VR_GENERALUI\GENERATEDFILES\UI_LOCALDATASOURCEDLG.H
E:\CODE2.0\JNI\SRC\VR_GENERALUI\GENERATEDFILES\UI_LOCATIONPROPERTYDLG.H
E:\CODE2.0\JNI\SRC\VR_GENERALUI\GENERATEDFILES\UI_MODELPROPERTYDLG.H
E:\CODE2.0\JNI\SRC\VR_GENERALUI\GENERATEDFILES\UI_PEOPLETRACEDLG.H
E:\CODE2.0\JNI\SRC\VR_GENERALUI\GENERATEDFILES\UI_PROJECTLISTDLG.H
E:\CODE2.0\JNI\SRC\VR_GENERALUI\GENERATEDFILES\UI_PROPERTYQUERYDLG.H
E:\CODE2.0\JNI\SRC\VR_GENERALUI\GENERATEDFILES\UI_QUERYCOORDINATION.H
E:\CODE2.0\JNI\SRC\VR_GENERALUI\GENERATEDFILES\UI_QUERYLANEWAYBYNAME.H
E:\CODE2.0\JNI\SRC\VR_GENERALUI\GENERATEDFILES\UI_REALPEOPLEDLG.H
E:\CODE2.0\JNI\SRC\VR_GENERALUI\GENERATEDFILES\UI_REGISTERDLG.H
E:\CODE2.0\JNI\SRC\VR_GENERALUI\GENERATEDFILES\UI_SAFESOLUTIONDLG.H
E:\CODE2.0\JNI\SRC\VR_GENERALUI\GENERATEDFILES\UI_SEVERCONFIGDLG.H
E:\CODE2.0\JNI\SRC\VR_GENERALUI\GENERATEDFILES\UI_SHORTCUTVIEWDLG.H
E:\CODE2.0\JNI\SRC\VR_GENERALUI\GENERATEDFILES\UI_SIMUPROPERTYDLG.H
E:\CODE2.0\JNI\SRC\VR_GENERALUI\GENERATEDFILES\UI_SIMUVALUEDLG.H
E:\CODE2.0\JNI\SRC\VR_GENERALUI\GENERATEDFILES\UI_SPALTIALANALYSIDLG.H
E:\CODE2.0\JNI\SRC\VR_GENERALUI\GENERATEDFILES\UI_SWITCHPROPERTYDLG.H
E:\CODE2.0\JNI\SRC\VR_GENERALUI\GENERATEDFILES\UI_SWITCHVALUEDLG.H
E:\CODE2.0\JNI\SRC\VR_GENERALUI\GENERATEDFILES\UI_TOURANALYSISDLG.H
E:\CODE2.0\JNI\SRC\VR_GENERALUI\GENERATEDFILES\UI_TOURPROPERTYDLG.H
E:\CODE2.0\JNI\SRC\VR_GENERALUI\RELEASE\ADDSOLUTIONDLG.OBJ
E:\CODE2.0\JNI\SRC\VR_GENERALUI\RELEASE\ALLMONITORDLG.OBJ
E:\CODE2.0\JNI\SRC\VR_GENERALUI\RELEASE\BASEDIALOG.OBJ
E:\CODE2.0\JNI\SRC\VR_GENERALUI\RELEASE\BOARDINFO.OBJ
E:\code2.0\jni\src\VR_GeneralUI\Release\cl.command.1.tlog
E:\code2.0\jni\src\VR_GeneralUI\Release\CL.read.1.tlog
E:\code2.0\jni\src\VR_GeneralUI\Release\CL.write.1.tlog
E:\code2.0\jni\src\VR_GeneralUI\Release\custombuild.command.1.tlog
E:\code2.0\jni\src\VR_GeneralUI\Release\custombuild.read.1.tlog
E:\code2.0\jni\src\VR_GeneralUI\Release\custombuild.write.1.tlog
E:\CODE2.0\JNI\SRC\VR_GENERALUI\RELEASE\DRILLINGSAVEANALYSISDLG.OBJ
E:\CODE2.0\JNI\SRC\VR_GENERALUI\RELEASE\FLOODANALYSISDLG.OBJ
E:\CODE2.0\JNI\SRC\VR_GENERALUI\RELEASE\GLOBALMONITORDLG.OBJ
E:\CODE2.0\JNI\SRC\VR_GENERALUI\RELEASE\LAYERPROPERTYDLG.OBJ
E:\code2.0\jni\src\VR_GeneralUI\Release\link.command.1.tlog
E:\code2.0\jni\src\VR_GeneralUI\Release\link.read.1.tlog
E:\code2.0\jni\src\VR_GeneralUI\Release\link.write.1.tlog
E:\CODE2.0\JNI\SRC\VR_GENERALUI\RELEASE\LOADVIDEO.OBJ
E:\CODE2.0\JNI\SRC\VR_GENERALUI\RELEASE\LOCALDATASOURCEDLG.OBJ
E:\CODE2.0\JNI\SRC\VR_GENERALUI\RELEASE\LOCATIONPROPERTYDLG.OBJ
E:\CODE2.0\JNI\SRC\VR_GENERALUI\RELEASE\MOC_ADDSOLUTIONDLG.OBJ
E:\CODE2.0\JNI\SRC\VR_GENERALUI\RELEASE\MOC_ALLMONITORDLG.OBJ
E:\CODE2.0\JNI\SRC\VR_GENERALUI\RELEASE\MOC_BASEDIALOG.OBJ
E:\CODE2.0\JNI\SRC\VR_GENERALUI\RELEASE\MOC_BOARDINFO.OBJ
E:\CODE2.0\JNI\SRC\VR_GENERALUI\RELEASE\MOC_DRILLINGSAVEANALYSISDLG.OBJ
E:\CODE2.0\JNI\SRC\VR_GENERALUI\RELEASE\MOC_FLOODANALYSISDLG.OBJ
E:\CODE2.0\JNI\SRC\VR_GENERALUI\RELEASE\MOC_GLOBALMONITORDLG.OBJ
E:\CODE2.0\JNI\SRC\VR_GENERALUI\RELEASE\MOC_LAYERPROPERTYDLG.OBJ
E:\CODE2.0\JNI\SRC\VR_GENERALUI\RELEASE\MOC_LOADVIDEODLG.OBJ
E:\CODE2.0\JNI\SRC\VR_GENERALUI\RELEASE\MOC_LOCALDATASOURCEDLG.OBJ
E:\CODE2.0\JNI\SRC\VR_GENERALUI\RELEASE\MOC_LOCATIONPROPERTYDLG.OBJ
E:\CODE2.0\JNI\SRC\VR_GENERALUI\RELEASE\MOC_MODELPROPERTYDLG.OBJ
E:\CODE2.0\JNI\SRC\VR_GENERALUI\RELEASE\MOC_PEOPLETRACEDLG.OBJ
E:\CODE2.0\JNI\SRC\VR_GENERALUI\RELEASE\MOC_PROJECTLISTDLG.OBJ
E:\CODE2.0\JNI\SRC\VR_GENERALUI\RELEASE\MOC_PROPERTYQUERYDLG.OBJ
E:\CODE2.0\JNI\SRC\VR_GENERALUI\RELEASE\MOC_QUERYCOORDINATIONDLG.OBJ
E:\CODE2.0\JNI\SRC\VR_GENERALUI\RELEASE\MOC_QUERYLANEWAYDLG.OBJ
E:\CODE2.0\JNI\SRC\VR_GENERALUI\RELEASE\MOC_REALPEOPLEQUERYDLG.OBJ
E:\CODE2.0\JNI\SRC\VR_GENERALUI\RELEASE\MOC_REGESTERDLG.OBJ
E:\CODE2.0\JNI\SRC\VR_GENERALUI\RELEASE\MOC_SAFESOLUTIONDLG.OBJ
E:\CODE2.0\JNI\SRC\VR_GENERALUI\RELEASE\MOC_SEVERCONFIGDLG.OBJ
E:\CODE2.0\JNI\SRC\VR_GENERALUI\RELEASE\MOC_SIMUPROPERTYDLG.OBJ
E:\CODE2.0\JNI\SRC\VR_GENERALUI\RELEASE\MOC_SIMUVALUEDLG.OBJ
E:\CODE2.0\JNI\SRC\VR_GENERALUI\RELEASE\MOC_SPATIALSNALYSISDLG.OBJ
E:\CODE2.0\JNI\SRC\VR_GENERALUI\RELEASE\MOC_SWITCHPROPERTYDLG.OBJ
E:\CODE2.0\JNI\SRC\VR_GENERALUI\RELEASE\MOC_SWITCHVALUEDLG.OBJ
E:\CODE2.0\JNI\SRC\VR_GENERALUI\RELEASE\MOC_SYSTEMSETTING.OBJ
E:\CODE2.0\JNI\SRC\VR_GENERALUI\RELEASE\MOC_TOURANALYSISDLG.OBJ
E:\CODE2.0\JNI\SRC\VR_GENERALUI\RELEASE\MOC_VR_GENERALUI.OBJ
E:\CODE2.0\JNI\SRC\VR_GENERALUI\RELEASE\MOC_VR_GENERALUIPLUGIN.OBJ
E:\CODE2.0\JNI\SRC\VR_GENERALUI\RELEASE\MODELPROPERTYDLG.OBJ
E:\code2.0\jni\src\VR_GeneralUI\Release\mt.command.1.tlog
E:\code2.0\jni\src\VR_GeneralUI\Release\mt.read.1.tlog
E:\code2.0\jni\src\VR_GeneralUI\Release\mt.write.1.tlog
E:\CODE2.0\JNI\SRC\VR_GENERALUI\RELEASE\PEOPLETRACEDLG.OBJ
E:\CODE2.0\JNI\SRC\VR_GENERALUI\RELEASE\PROJECTLISTDLG.OBJ
E:\CODE2.0\JNI\SRC\VR_GENERALUI\RELEASE\PROPERTYQUERYDLG.OBJ
E:\CODE2.0\JNI\SRC\VR_GENERALUI\RELEASE\QUERYCOORDINATIONDLG.OBJ
E:\CODE2.0\JNI\SRC\VR_GENERALUI\RELEASE\QUERYLANEWAYDLG.OBJ
E:\CODE2.0\JNI\SRC\VR_GENERALUI\RELEASE\REALPEOPLEQUERYDLG.OBJ
E:\CODE2.0\JNI\SRC\VR_GENERALUI\RELEASE\REGESTERDLG.OBJ
E:\CODE2.0\JNI\SRC\VR_GENERALUI\RELEASE\SAFESOLUTIONDLG.OBJ
E:\CODE2.0\JNI\SRC\VR_GENERALUI\RELEASE\SEVERCONFIGDLG.OBJ
E:\CODE2.0\JNI\SRC\VR_GENERALUI\RELEASE\SIMUPROPERTYDLG.OBJ
E:\CODE2.0\JNI\SRC\VR_GENERALUI\RELEASE\SIMUVALUEDLG.OBJ
E:\CODE2.0\JNI\SRC\VR_GENERALUI\RELEASE\SPATIALANALYSISDLG.OBJ
E:\CODE2.0\JNI\SRC\VR_GENERALUI\RELEASE\SWITCHPROPERTYDLG.OBJ
E:\CODE2.0\JNI\SRC\VR_GENERALUI\RELEASE\SWITCHVALUEDLG.OBJ
E:\CODE2.0\JNI\SRC\VR_GENERALUI\RELEASE\SYSTEMSETTING.OBJ
E:\CODE2.0\JNI\SRC\VR_GENERALUI\RELEASE\TOURANALYSISDLG.OBJ
E:\CODE2.0\JNI\SRC\VR_GENERALUI\RELEASE\VC100.PDB
E:\CODE2.0\JNI\SRC\VR_GENERALUI\RELEASE\VR_GENERALUI.DLL.INTERMEDIATE.MANIFEST
E:\CODE2.0\JNI\SRC\VR_GENERALUI\RELEASE\VR_GENERALUI.OBJ
E:\code2.0\jni\src\VR_GeneralUI\Release\VR_GeneralUI.vcxprojResolveAssemblyReference.cache
E:\code2.0\jni\src\VR_GeneralUI\Release\VR_GeneralUI.write.1.tlog
E:\CODE2.0\JNI\SRC\VR_GENERALUI\RELEASE\VR_GENERALUIPLUGIN.OBJ
