E:\code2.0\\bin\Debug\VR_Utility_d.dll
E:\code2.0\\bin\Debug\VR_Utility_d.dll.manifest
E:\code2.0\\bin\Debug\VR_Utility_d.ilk
E:\code2.0\\bin\Debug\VR_Utility_d.pdb
E:\CODE2.0\BIN\DEBUG\VR_UTILITY_D.DLL
E:\CODE2.0\BIN\DEBUG\VR_UTILITY_D.DLL.MANIFEST
E:\code2.0\bin\Debug\VR_Utility_d.exp
E:\CODE2.0\BIN\DEBUG\VR_UTILITY_D.ILK
E:\code2.0\bin\Debug\VR_Utility_d.lib
E:\CODE2.0\BIN\DEBUG\VR_UTILITY_D.PDB
E:\code2.0\jni\src\VR_Utility\Debug\cl.command.1.tlog
E:\code2.0\jni\src\VR_Utility\Debug\CL.read.1.tlog
E:\code2.0\jni\src\VR_Utility\Debug\CL.write.1.tlog
E:\code2.0\jni\src\VR_Utility\Debug\link.command.1.tlog
E:\code2.0\jni\src\VR_Utility\Debug\link.read.1.tlog
E:\code2.0\jni\src\VR_Utility\Debug\link.write.1.tlog
E:\code2.0\jni\src\VR_Utility\Debug\mt.command.1.tlog
E:\code2.0\jni\src\VR_Utility\Debug\mt.read.1.tlog
E:\code2.0\jni\src\VR_Utility\Debug\mt.write.1.tlog
E:\CODE2.0\JNI\SRC\VR_UTILITY\DEBUG\OBJECTTRANSFORMER.OBJ
E:\code2.0\jni\src\VR_Utility\Debug\vc100.idb
E:\CODE2.0\JNI\SRC\VR_UTILITY\DEBUG\VC100.PDB
E:\code2.0\jni\src\VR_Utility\Debug\VR_Utility.vcxprojResolveAssemblyReference.cache
E:\code2.0\jni\src\VR_Utility\Debug\VR_Utility.write.1.tlog
E:\CODE2.0\JNI\SRC\VR_UTILITY\DEBUG\VR_UTILITY_D.DLL.INTERMEDIATE.MANIFEST
