生成启动时间为 15-9-15 10:38:44。
     1>项目“E:\code2.0\jni\src\VR_Plugins\VTBangDataSourceTreeWidget\VTBangDataSourceTreeWidget.vcxproj”在节点 2 上(build 个目标)。
     1>InitializeBuildStatus:
         正在创建“Release\VTBangDataSourceTreeWidget.unsuccessfulbuild”，因为已指定“AlwaysCreate”。
       CustomBuild:
         所有输出均为最新。
       ClCompile:
         所有输出均为最新。
       Link:
         C:\Program Files (x86)\Microsoft Visual Studio 10.0\VC\bin\link.exe /ERRORREPORT:PROMPT /OUT:"E:\code2.0\\bin\Release\\VTBangDataSourceTreeWidget.dll" /NOLOGO /LIBPATH:E:\code2.0\\bin\Release\ /LIBPATH:C:\Qt\4.8.6\lib /LIBPATH:E:\code2.0\\jni\lib\ogre\release /LIBPATH:E:\code2.0\\jni\lib\boost qtmain.lib QtDesigner4.lib QtCore4.lib QtGui4.lib OgreMain.lib VRSceneTreeWidget.lib VR_DatabaseEngine.lib VR_SqliteDatabase.lib VR_Core.lib VR_SpatialLayer.lib VR_MapLayer.lib Bang_DatabaseEngine.lib VR_SpatialInterface.lib VR_Style.lib VR_SpatialRender.lib kernel32.lib user32.lib gdi32.lib winspool.lib comdlg32.lib advapi32.lib shell32.lib ole32.lib oleaut32.lib uuid.lib odbc32.lib odbccp32.lib /MANIFEST /ManifestFile:"Release\VTBangDataSourceTreeWidget.dll.intermediate.manifest" /MANIFESTUAC:"level='asInvoker' uiAccess='false'" /DEBUG /PDB:"E:\code2.0\bin\Release\VTBangDataSourceTreeWidget.pdb" /SUBSYSTEM:WINDOWS /TLBID:1 /DYNAMICBASE /NXCOMPAT /IMPLIB:"E:\code2.0\\bin\Release\VTBangDataSourceTreeWidget.lib" /MACHINE:X86 /DLL Release\moc_vtbangdatasourcetreewidget.obj
         Release\moc_vtbangdatasourcetreewidgetplugin.obj
         Release\vtbangdatasourcetreewidget.obj
         Release\vtbangdatasourcetreewidgetplugin.obj
         LINK : 没有找到 E:\code2.0\\bin\Release\\VTBangDataSourceTreeWidget.dll 或上一个增量链接没有生成它；正在执行完全链接
            正在创建库 E:\code2.0\\bin\Release\VTBangDataSourceTreeWidget.lib 和对象 E:\code2.0\\bin\Release\VTBangDataSourceTreeWidget.exp
         VTBangDataSourceTreeWidget.vcxproj -> E:\code2.0\\bin\Release\VTBangDataSourceTreeWidget.dll
       Manifest:
         C:\Program Files (x86)\Microsoft SDKs\Windows\v7.0A\bin\mt.exe /nologo /verbose /outputresource:"E:\code2.0\\bin\Release\\VTBangDataSourceTreeWidget.dll;#2" /manifest Release\VTBangDataSourceTreeWidget.dll.intermediate.manifest
       FinalizeBuildStatus:
         正在删除文件“Release\VTBangDataSourceTreeWidget.unsuccessfulbuild”。
         正在对“Release\VTBangDataSourceTreeWidget.lastbuildstate”执行 Touch 任务。
     1>已完成生成项目“E:\code2.0\jni\src\VR_Plugins\VTBangDataSourceTreeWidget\VTBangDataSourceTreeWidget.vcxproj”(build 个目标)的操作。

生成成功。

已用时间 00:00:00.44
