E:\code2.0\\bin\Debug\Bang_GeneralUI_d.dll
E:\code2.0\\bin\Debug\Bang_GeneralUI_d.ilk
E:\code2.0\\bin\Debug\Bang_GeneralUI_d.pdb
E:\CODE2.0\BIN\DEBUG\BANG_GENERALUI_D.DLL
E:\code2.0\bin\Debug\Bang_GeneralUI_d.exp
E:\CODE2.0\BIN\DEBUG\BANG_GENERALUI_D.ILK
E:\code2.0\bin\Debug\Bang_GeneralUI_d.lib
E:\CODE2.0\BIN\DEBUG\BANG_GENERALUI_D.PDB
E:\code2.0\jni\src\bang\Bang_GeneralUI\Bang_GeneralUI\Debug\Bang_GeneralUI.vcxprojResolveAssemblyReference.cache
E:\code2.0\jni\src\bang\Bang_GeneralUI\Bang_GeneralUI\Debug\Bang_GeneralUI.write.1.tlog
E:\CODE2.0\JNI\SRC\BANG\BANG_GENERALUI\BANG_GENERALUI\DEBUG\BANG_GENERALUI_D.DLL.INTERMEDIATE.MANIFEST
E:\CODE2.0\JNI\SRC\BANG\BANG_GENERALUI\BANG_GENERALUI\DEBUG\BLASTINGEFFECTDLG.OBJ
E:\CODE2.0\JNI\SRC\BANG\BANG_GENERALUI\BANG_GENERALUI\DEBUG\BOREHOLEPARAMETERSDLG.OBJ
E:\CODE2.0\JNI\SRC\BANG\BANG_GENERALUI\BANG_GENERALUI\DEBUG\CHANGEPASSWORDDLG.OBJ
E:\code2.0\jni\src\bang\Bang_GeneralUI\Bang_GeneralUI\Debug\cl.command.1.tlog
E:\code2.0\jni\src\bang\Bang_GeneralUI\Bang_GeneralUI\Debug\CL.read.1.tlog
E:\code2.0\jni\src\bang\Bang_GeneralUI\Bang_GeneralUI\Debug\CL.write.1.tlog
E:\CODE2.0\JNI\SRC\BANG\BANG_GENERALUI\BANG_GENERALUI\DEBUG\COALCONDITIONDLG.OBJ
E:\CODE2.0\JNI\SRC\BANG\BANG_GENERALUI\BANG_GENERALUI\DEBUG\COALMECHANICALPARAMETERSDLG.OBJ
E:\code2.0\jni\src\bang\Bang_GeneralUI\Bang_GeneralUI\Debug\custombuild.command.1.tlog
E:\code2.0\jni\src\bang\Bang_GeneralUI\Bang_GeneralUI\Debug\custombuild.read.1.tlog
E:\code2.0\jni\src\bang\Bang_GeneralUI\Bang_GeneralUI\Debug\custombuild.write.1.tlog
E:\CODE2.0\JNI\SRC\BANG\BANG_GENERALUI\BANG_GENERALUI\DEBUG\DRILLINGMACHINETYPED_TROLLEYDLG.OBJ
E:\CODE2.0\JNI\SRC\BANG\BANG_GENERALUI\BANG_GENERALUI\DEBUG\DRILLINGMACHINETYPED_YTDLG.OBJ
E:\CODE2.0\JNI\SRC\BANG\BANG_GENERALUI\BANG_GENERALUI\DEBUG\EXPLOSIVEINVENTORYDOCUMENTSDLG.OBJ
E:\CODE2.0\JNI\SRC\BANG\BANG_GENERALUI\BANG_GENERALUI\DEBUG\EXPLOSIVEMAGAZINETABLEDLG.OBJ
E:\CODE2.0\JNI\SRC\BANG\BANG_GENERALUI\BANG_GENERALUI\DEBUG\LANEWAYSECTIONPAINTDLG.OBJ
E:\code2.0\jni\src\bang\Bang_GeneralUI\Bang_GeneralUI\Debug\link.command.1.tlog
E:\code2.0\jni\src\bang\Bang_GeneralUI\Bang_GeneralUI\Debug\link.read.1.tlog
E:\code2.0\jni\src\bang\Bang_GeneralUI\Bang_GeneralUI\Debug\link.write.1.tlog
E:\CODE2.0\JNI\SRC\BANG\BANG_GENERALUI\BANG_GENERALUI\DEBUG\LOGINDLG.OBJ
E:\CODE2.0\JNI\SRC\BANG\BANG_GENERALUI\BANG_GENERALUI\DEBUG\MOC_BLASTINGEFFECTDLG.OBJ
E:\CODE2.0\JNI\SRC\BANG\BANG_GENERALUI\BANG_GENERALUI\DEBUG\MOC_BOREHOLEPARAMETERSDLG.OBJ
E:\CODE2.0\JNI\SRC\BANG\BANG_GENERALUI\BANG_GENERALUI\DEBUG\MOC_CHANGEPASSWORDDLG.OBJ
E:\CODE2.0\JNI\SRC\BANG\BANG_GENERALUI\BANG_GENERALUI\DEBUG\MOC_COALCONDITIONDLG.OBJ
E:\CODE2.0\JNI\SRC\BANG\BANG_GENERALUI\BANG_GENERALUI\DEBUG\MOC_COALMECHANICALPARAMETERSDLG.OBJ
E:\CODE2.0\JNI\SRC\BANG\BANG_GENERALUI\BANG_GENERALUI\DEBUG\MOC_DRILLINGMACHINETYPED_TROLLEYDLG.OBJ
E:\CODE2.0\JNI\SRC\BANG\BANG_GENERALUI\BANG_GENERALUI\DEBUG\MOC_DRILLINGMACHINETYPED_YTDLG.OBJ
E:\CODE2.0\JNI\SRC\BANG\BANG_GENERALUI\BANG_GENERALUI\DEBUG\MOC_EXPLOSIVEINVENTORYDOCUMENTSDLG.OBJ
E:\CODE2.0\JNI\SRC\BANG\BANG_GENERALUI\BANG_GENERALUI\DEBUG\MOC_EXPLOSIVEMAGAZINETABLEDLG.OBJ
E:\CODE2.0\JNI\SRC\BANG\BANG_GENERALUI\BANG_GENERALUI\DEBUG\MOC_LANEWAYSECTIONPAINTDLG.OBJ
E:\CODE2.0\JNI\SRC\BANG\BANG_GENERALUI\BANG_GENERALUI\DEBUG\MOC_LOGINDLG.OBJ
E:\CODE2.0\JNI\SRC\BANG\BANG_GENERALUI\BANG_GENERALUI\DEBUG\MOC_OPENPROJECTDLG.OBJ
E:\CODE2.0\JNI\SRC\BANG\BANG_GENERALUI\BANG_GENERALUI\DEBUG\MOC_PROJECTDESIGNDLG.OBJ
E:\CODE2.0\JNI\SRC\BANG\BANG_GENERALUI\BANG_GENERALUI\DEBUG\MOC_PROJECTSUMMARYDLG.OBJ
E:\CODE2.0\JNI\SRC\BANG\BANG_GENERALUI\BANG_GENERALUI\DEBUG\MOC_SAFEEVACUATIONROUTEDLG.OBJ
E:\CODE2.0\JNI\SRC\BANG\BANG_GENERALUI\BANG_GENERALUI\DEBUG\MOC_USERSINFORMATIONDLG.OBJ
E:\code2.0\jni\src\bang\Bang_GeneralUI\Bang_GeneralUI\Debug\mt.command.1.tlog
E:\code2.0\jni\src\bang\Bang_GeneralUI\Bang_GeneralUI\Debug\mt.read.1.tlog
E:\code2.0\jni\src\bang\Bang_GeneralUI\Bang_GeneralUI\Debug\mt.write.1.tlog
E:\CODE2.0\JNI\SRC\BANG\BANG_GENERALUI\BANG_GENERALUI\DEBUG\OPENPROJECTDLG.OBJ
E:\CODE2.0\JNI\SRC\BANG\BANG_GENERALUI\BANG_GENERALUI\DEBUG\PROJECTDESIGNDLG.OBJ
E:\CODE2.0\JNI\SRC\BANG\BANG_GENERALUI\BANG_GENERALUI\DEBUG\PROJECTSUMMARYDLG.OBJ
E:\CODE2.0\JNI\SRC\BANG\BANG_GENERALUI\BANG_GENERALUI\DEBUG\QRC_BANG_GENERALUI.OBJ
E:\CODE2.0\JNI\SRC\BANG\BANG_GENERALUI\BANG_GENERALUI\DEBUG\SAFEEVACUATIONROUTEDLG.OBJ
E:\CODE2.0\JNI\SRC\BANG\BANG_GENERALUI\BANG_GENERALUI\DEBUG\USERSINFORMATIONDLG.OBJ
E:\CODE2.0\JNI\SRC\BANG\BANG_GENERALUI\BANG_GENERALUI\DEBUG\VC100.PDB
E:\CODE2.0\JNI\SRC\BANG\BANG_GENERALUI\BANG_GENERALUI\GENERATEDFILES\DEBUG\MOC_BLASTINGEFFECTDLG.CPP
E:\CODE2.0\JNI\SRC\BANG\BANG_GENERALUI\BANG_GENERALUI\GENERATEDFILES\DEBUG\MOC_BOREHOLEPARAMETERSDLG.CPP
E:\CODE2.0\JNI\SRC\BANG\BANG_GENERALUI\BANG_GENERALUI\GENERATEDFILES\DEBUG\MOC_CHANGEPASSWORDDLG.CPP
E:\CODE2.0\JNI\SRC\BANG\BANG_GENERALUI\BANG_GENERALUI\GENERATEDFILES\DEBUG\MOC_COALCONDITIONDLG.CPP
E:\CODE2.0\JNI\SRC\BANG\BANG_GENERALUI\BANG_GENERALUI\GENERATEDFILES\DEBUG\MOC_COALMECHANICALPARAMETERSDLG.CPP
E:\CODE2.0\JNI\SRC\BANG\BANG_GENERALUI\BANG_GENERALUI\GENERATEDFILES\DEBUG\MOC_DRILLINGMACHINETYPED_TROLLEYDLG.CPP
E:\CODE2.0\JNI\SRC\BANG\BANG_GENERALUI\BANG_GENERALUI\GENERATEDFILES\DEBUG\MOC_DRILLINGMACHINETYPED_YTDLG.CPP
E:\CODE2.0\JNI\SRC\BANG\BANG_GENERALUI\BANG_GENERALUI\GENERATEDFILES\DEBUG\MOC_EXPLOSIVEINVENTORYDOCUMENTSDLG.CPP
E:\CODE2.0\JNI\SRC\BANG\BANG_GENERALUI\BANG_GENERALUI\GENERATEDFILES\DEBUG\MOC_EXPLOSIVEMAGAZINETABLEDLG.CPP
E:\CODE2.0\JNI\SRC\BANG\BANG_GENERALUI\BANG_GENERALUI\GENERATEDFILES\DEBUG\MOC_LANEWAYSECTIONPAINTDLG.CPP
E:\CODE2.0\JNI\SRC\BANG\BANG_GENERALUI\BANG_GENERALUI\GENERATEDFILES\DEBUG\MOC_LOGINDLG.CPP
E:\CODE2.0\JNI\SRC\BANG\BANG_GENERALUI\BANG_GENERALUI\GENERATEDFILES\DEBUG\MOC_OPENPROJECTDLG.CPP
E:\CODE2.0\JNI\SRC\BANG\BANG_GENERALUI\BANG_GENERALUI\GENERATEDFILES\DEBUG\MOC_PROJECTDESIGNDLG.CPP
E:\CODE2.0\JNI\SRC\BANG\BANG_GENERALUI\BANG_GENERALUI\GENERATEDFILES\DEBUG\MOC_PROJECTSUMMARYDLG.CPP
E:\CODE2.0\JNI\SRC\BANG\BANG_GENERALUI\BANG_GENERALUI\GENERATEDFILES\DEBUG\MOC_SAFEEVACUATIONROUTEDLG.CPP
E:\CODE2.0\JNI\SRC\BANG\BANG_GENERALUI\BANG_GENERALUI\GENERATEDFILES\DEBUG\MOC_USERSINFORMATIONDLG.CPP
E:\CODE2.0\JNI\SRC\BANG\BANG_GENERALUI\BANG_GENERALUI\GENERATEDFILES\QRC_BANG_GENERALUI.CPP
E:\CODE2.0\JNI\SRC\BANG\BANG_GENERALUI\BANG_GENERALUI\GENERATEDFILES\UI_BLASTINGEFFECTDLG.H
E:\CODE2.0\JNI\SRC\BANG\BANG_GENERALUI\BANG_GENERALUI\GENERATEDFILES\UI_BOREHOLEPARAMETERSDLG.H
E:\CODE2.0\JNI\SRC\BANG\BANG_GENERALUI\BANG_GENERALUI\GENERATEDFILES\UI_CHANGEPASSWORDDLG.H
E:\CODE2.0\JNI\SRC\BANG\BANG_GENERALUI\BANG_GENERALUI\GENERATEDFILES\UI_COALCONDITIONDLG.H
E:\CODE2.0\JNI\SRC\BANG\BANG_GENERALUI\BANG_GENERALUI\GENERATEDFILES\UI_COALMECHANICALPARAMETERSDLG.H
E:\CODE2.0\JNI\SRC\BANG\BANG_GENERALUI\BANG_GENERALUI\GENERATEDFILES\UI_DRILLINGMACHINETYPED_TROLLEYDLG.H
E:\CODE2.0\JNI\SRC\BANG\BANG_GENERALUI\BANG_GENERALUI\GENERATEDFILES\UI_DRILLINGMACHINETYPED_YTDLG.H
E:\CODE2.0\JNI\SRC\BANG\BANG_GENERALUI\BANG_GENERALUI\GENERATEDFILES\UI_EXPLOSIVEINVENTORYDOCUMENTSDLG.H
E:\CODE2.0\JNI\SRC\BANG\BANG_GENERALUI\BANG_GENERALUI\GENERATEDFILES\UI_EXPLOSIVEMAGAZINETABLEDLG.H
E:\CODE2.0\JNI\SRC\BANG\BANG_GENERALUI\BANG_GENERALUI\GENERATEDFILES\UI_LANEWAYSECTIONPAINTDLG.H
E:\CODE2.0\JNI\SRC\BANG\BANG_GENERALUI\BANG_GENERALUI\GENERATEDFILES\UI_LOGINDLG.H
E:\CODE2.0\JNI\SRC\BANG\BANG_GENERALUI\BANG_GENERALUI\GENERATEDFILES\UI_OPENPROJECTDLG.H
E:\CODE2.0\JNI\SRC\BANG\BANG_GENERALUI\BANG_GENERALUI\GENERATEDFILES\UI_PROJECTDESIGNDLG.H
E:\CODE2.0\JNI\SRC\BANG\BANG_GENERALUI\BANG_GENERALUI\GENERATEDFILES\UI_PROJECTSUMMARYDLG.H
E:\CODE2.0\JNI\SRC\BANG\BANG_GENERALUI\BANG_GENERALUI\GENERATEDFILES\UI_SAFEEVACUATIONROUTEDLG.H
E:\CODE2.0\JNI\SRC\BANG\BANG_GENERALUI\BANG_GENERALUI\GENERATEDFILES\UI_USERSINFORMATIONDLG.H
