E:\code2.0\\bin\Debug\VR_SQLSERVERDatabase_d.dll
E:\code2.0\\bin\Debug\VR_SQLSERVERDatabase_d.dll.manifest
E:\code2.0\\bin\Debug\VR_SQLSERVERDatabase_d.ilk
E:\code2.0\\bin\Debug\VR_SQLSERVERDatabase_d.pdb
E:\CODE2.0\BIN\DEBUG\VR_SQLSERVERDATABASE_D.DLL
E:\CODE2.0\BIN\DEBUG\VR_SQLSERVERDATABASE_D.DLL.MANIFEST
E:\code2.0\bin\Debug\VR_SQLSERVERDatabase_d.exp
E:\CODE2.0\BIN\DEBUG\VR_SQLSERVERDATABASE_D.ILK
E:\code2.0\bin\Debug\VR_SQLSERVERDatabase_d.lib
E:\CODE2.0\BIN\DEBUG\VR_SQLSERVERDATABASE_D.PDB
E:\CODE2.0\JNI\SRC\VR_SQLSERVERDATABASE\DEBUG\ADOCONNECT.OBJ
E:\code2.0\jni\src\VR_SQLSERVERDatabase\Debug\cl.command.1.tlog
E:\code2.0\jni\src\VR_SQLSERVERDatabase\Debug\CL.read.1.tlog
E:\code2.0\jni\src\VR_SQLSERVERDatabase\Debug\CL.write.1.tlog
E:\code2.0\jni\src\VR_SQLSERVERDatabase\Debug\link.15136.read.1.tlog
E:\code2.0\jni\src\VR_SQLSERVERDatabase\Debug\link.15136.write.1.tlog
E:\code2.0\jni\src\VR_SQLSERVERDatabase\Debug\link.18212.read.1.tlog
E:\code2.0\jni\src\VR_SQLSERVERDatabase\Debug\link.18212.write.1.tlog
E:\code2.0\jni\src\VR_SQLSERVERDatabase\Debug\link.25448.read.1.tlog
E:\code2.0\jni\src\VR_SQLSERVERDatabase\Debug\link.25448.write.1.tlog
E:\code2.0\jni\src\VR_SQLSERVERDatabase\Debug\link.25648.read.1.tlog
E:\code2.0\jni\src\VR_SQLSERVERDatabase\Debug\link.25648.write.1.tlog
E:\code2.0\jni\src\VR_SQLSERVERDatabase\Debug\link.command.1.tlog
E:\code2.0\jni\src\VR_SQLSERVERDatabase\Debug\link.read.1.tlog
E:\code2.0\jni\src\VR_SQLSERVERDatabase\Debug\link.write.1.tlog
E:\code2.0\jni\src\VR_SQLSERVERDatabase\Debug\msado15.tlh
E:\code2.0\jni\src\VR_SQLSERVERDatabase\Debug\msado15.tli
E:\code2.0\jni\src\VR_SQLSERVERDatabase\Debug\mt.command.1.tlog
E:\code2.0\jni\src\VR_SQLSERVERDatabase\Debug\mt.read.1.tlog
E:\code2.0\jni\src\VR_SQLSERVERDatabase\Debug\mt.write.1.tlog
E:\CODE2.0\JNI\SRC\VR_SQLSERVERDATABASE\DEBUG\ODBCCONNECT.OBJ
E:\code2.0\jni\src\VR_SQLSERVERDatabase\Debug\vc100.idb
E:\CODE2.0\JNI\SRC\VR_SQLSERVERDATABASE\DEBUG\VC100.PDB
E:\code2.0\jni\src\VR_SQLSERVERDatabase\Debug\VR_SQLSERVERDatabase.write.1.tlog
E:\CODE2.0\JNI\SRC\VR_SQLSERVERDATABASE\DEBUG\VR_SQLSERVERDATABASE_D.DLL.INTERMEDIATE.MANIFEST
