E:\code2.0\\bin\Debug\VRSceneTreeWidget_d.dll
E:\code2.0\\bin\Debug\VRSceneTreeWidget_d.dll.manifest
E:\code2.0\\bin\Debug\VRSceneTreeWidget_d.ilk
E:\code2.0\\bin\Debug\VRSceneTreeWidget_d.pdb
E:\CODE2.0\BIN\DEBUG\VRSCENETREEWIDGET_D.DLL
E:\CODE2.0\BIN\DEBUG\VRSCENETREEWIDGET_D.DLL.MANIFEST
E:\code2.0\bin\Debug\VRSceneTreeWidget_d.exp
E:\CODE2.0\BIN\DEBUG\VRSCENETREEWIDGET_D.ILK
E:\code2.0\bin\Debug\VRSceneTreeWidget_d.lib
E:\CODE2.0\BIN\DEBUG\VRSCENETREEWIDGET_D.PDB
E:\code2.0\jni\src\VR_Plugins\VRSceneTreeWidget\Debug\cl.command.1.tlog
E:\code2.0\jni\src\VR_Plugins\VRSceneTreeWidget\Debug\CL.read.1.tlog
E:\code2.0\jni\src\VR_Plugins\VRSceneTreeWidget\Debug\CL.write.1.tlog
E:\code2.0\jni\src\VR_Plugins\VRSceneTreeWidget\Debug\custombuild.command.1.tlog
E:\code2.0\jni\src\VR_Plugins\VRSceneTreeWidget\Debug\custombuild.read.1.tlog
E:\code2.0\jni\src\VR_Plugins\VRSceneTreeWidget\Debug\custombuild.write.1.tlog
E:\CODE2.0\JNI\SRC\VR_PLUGINS\VRSCENETREEWIDGET\DEBUG\LAYERITEM.OBJ
E:\code2.0\jni\src\VR_Plugins\VRSceneTreeWidget\Debug\link.10824.read.1.tlog
E:\code2.0\jni\src\VR_Plugins\VRSceneTreeWidget\Debug\link.10824.write.1.tlog
E:\code2.0\jni\src\VR_Plugins\VRSceneTreeWidget\Debug\link.11140.read.1.tlog
E:\code2.0\jni\src\VR_Plugins\VRSceneTreeWidget\Debug\link.11140.write.1.tlog
E:\code2.0\jni\src\VR_Plugins\VRSceneTreeWidget\Debug\link.11384.read.1.tlog
E:\code2.0\jni\src\VR_Plugins\VRSceneTreeWidget\Debug\link.11384.write.1.tlog
E:\code2.0\jni\src\VR_Plugins\VRSceneTreeWidget\Debug\link.11572.read.1.tlog
E:\code2.0\jni\src\VR_Plugins\VRSceneTreeWidget\Debug\link.11572.write.1.tlog
E:\code2.0\jni\src\VR_Plugins\VRSceneTreeWidget\Debug\link.11840.read.1.tlog
E:\code2.0\jni\src\VR_Plugins\VRSceneTreeWidget\Debug\link.11840.write.1.tlog
E:\code2.0\jni\src\VR_Plugins\VRSceneTreeWidget\Debug\link.12780.read.1.tlog
E:\code2.0\jni\src\VR_Plugins\VRSceneTreeWidget\Debug\link.12780.write.1.tlog
E:\code2.0\jni\src\VR_Plugins\VRSceneTreeWidget\Debug\link.15364.read.1.tlog
E:\code2.0\jni\src\VR_Plugins\VRSceneTreeWidget\Debug\link.15364.write.1.tlog
E:\code2.0\jni\src\VR_Plugins\VRSceneTreeWidget\Debug\link.16800.read.1.tlog
E:\code2.0\jni\src\VR_Plugins\VRSceneTreeWidget\Debug\link.16800.write.1.tlog
E:\code2.0\jni\src\VR_Plugins\VRSceneTreeWidget\Debug\link.19472.read.1.tlog
E:\code2.0\jni\src\VR_Plugins\VRSceneTreeWidget\Debug\link.19472.write.1.tlog
E:\code2.0\jni\src\VR_Plugins\VRSceneTreeWidget\Debug\link.19516.read.1.tlog
E:\code2.0\jni\src\VR_Plugins\VRSceneTreeWidget\Debug\link.19516.write.1.tlog
E:\code2.0\jni\src\VR_Plugins\VRSceneTreeWidget\Debug\link.20600.read.1.tlog
E:\code2.0\jni\src\VR_Plugins\VRSceneTreeWidget\Debug\link.20600.write.1.tlog
E:\code2.0\jni\src\VR_Plugins\VRSceneTreeWidget\Debug\link.20876.read.1.tlog
E:\code2.0\jni\src\VR_Plugins\VRSceneTreeWidget\Debug\link.20876.write.1.tlog
E:\code2.0\jni\src\VR_Plugins\VRSceneTreeWidget\Debug\link.21476.read.1.tlog
E:\code2.0\jni\src\VR_Plugins\VRSceneTreeWidget\Debug\link.21476.write.1.tlog
E:\code2.0\jni\src\VR_Plugins\VRSceneTreeWidget\Debug\link.21728.read.1.tlog
E:\code2.0\jni\src\VR_Plugins\VRSceneTreeWidget\Debug\link.21728.write.1.tlog
E:\code2.0\jni\src\VR_Plugins\VRSceneTreeWidget\Debug\link.22056.read.1.tlog
E:\code2.0\jni\src\VR_Plugins\VRSceneTreeWidget\Debug\link.22056.write.1.tlog
E:\code2.0\jni\src\VR_Plugins\VRSceneTreeWidget\Debug\link.22208.read.1.tlog
E:\code2.0\jni\src\VR_Plugins\VRSceneTreeWidget\Debug\link.22208.write.1.tlog
E:\code2.0\jni\src\VR_Plugins\VRSceneTreeWidget\Debug\link.22476.read.1.tlog
E:\code2.0\jni\src\VR_Plugins\VRSceneTreeWidget\Debug\link.22476.write.1.tlog
E:\code2.0\jni\src\VR_Plugins\VRSceneTreeWidget\Debug\link.4208.read.1.tlog
E:\code2.0\jni\src\VR_Plugins\VRSceneTreeWidget\Debug\link.4208.write.1.tlog
E:\code2.0\jni\src\VR_Plugins\VRSceneTreeWidget\Debug\link.8512.read.1.tlog
E:\code2.0\jni\src\VR_Plugins\VRSceneTreeWidget\Debug\link.8512.write.1.tlog
E:\code2.0\jni\src\VR_Plugins\VRSceneTreeWidget\Debug\link.command.1.tlog
E:\code2.0\jni\src\VR_Plugins\VRSceneTreeWidget\Debug\link.read.1.tlog
E:\code2.0\jni\src\VR_Plugins\VRSceneTreeWidget\Debug\link.write.1.tlog
E:\CODE2.0\JNI\SRC\VR_PLUGINS\VRSCENETREEWIDGET\DEBUG\MOC_VRSCENETREEWIDGET.OBJ
E:\CODE2.0\JNI\SRC\VR_PLUGINS\VRSCENETREEWIDGET\DEBUG\MOC_VRSCENETREEWIDGETPLUGIN.OBJ
E:\code2.0\jni\src\VR_Plugins\VRSceneTreeWidget\Debug\mt.command.1.tlog
E:\code2.0\jni\src\VR_Plugins\VRSceneTreeWidget\Debug\mt.read.1.tlog
E:\code2.0\jni\src\VR_Plugins\VRSceneTreeWidget\Debug\mt.write.1.tlog
E:\CODE2.0\JNI\SRC\VR_PLUGINS\VRSCENETREEWIDGET\DEBUG\VC100.PDB
E:\CODE2.0\JNI\SRC\VR_PLUGINS\VRSCENETREEWIDGET\DEBUG\VRSCENETREEWIDGET.OBJ
E:\code2.0\jni\src\VR_Plugins\VRSceneTreeWidget\Debug\VRSceneTreeWidget.vcxprojResolveAssemblyReference.cache
E:\code2.0\jni\src\VR_Plugins\VRSceneTreeWidget\Debug\VRSceneTreeWidget.write.1.tlog
E:\CODE2.0\JNI\SRC\VR_PLUGINS\VRSCENETREEWIDGET\DEBUG\VRSCENETREEWIDGET_D.DLL.INTERMEDIATE.MANIFEST
E:\CODE2.0\JNI\SRC\VR_PLUGINS\VRSCENETREEWIDGET\DEBUG\VRSCENETREEWIDGETPLUGIN.OBJ
E:\CODE2.0\JNI\SRC\VR_PLUGINS\VRSCENETREEWIDGET\GENERATEDFILES\DEBUG\MOC_VRSCENETREEWIDGET.CPP
E:\CODE2.0\JNI\SRC\VR_PLUGINS\VRSCENETREEWIDGET\GENERATEDFILES\DEBUG\MOC_VRSCENETREEWIDGETPLUGIN.CPP
