生成启动时间为 15-9-17 21:28:12。
     1>项目“E:\code2.0\jni\src\VR_Plugins\VRSceneTreeWidget\VRSceneTreeWidget.vcxproj”在节点 2 上(build 个目标)。
     1>C:\Program Files (x86)\MSBuild\Microsoft.Cpp\v4.0\Microsoft.CppBuild.targets(298,5): warning MSB8004: Intermediate 目录未以斜杠结尾。此生成实例将添加斜杠，因为必须有这个斜杠才能正确计算 Intermediate 目录。
     1>InitializeBuildStatus:
         正在对“Debug\VRSceneTreeWidget.unsuccessfulbuild”执行 Touch 任务。
       CustomBuild:
         所有输出均为最新。
       ClCompile:
         所有输出均为最新。
       Link:
         C:\Program Files (x86)\Microsoft Visual Studio 10.0\VC\bin\link.exe /ERRORREPORT:PROMPT /OUT:"E:\code2.0\\bin\Debug\\VRSceneTreeWidget_d.dll" /NOLOGO /LIBPATH:E:\code2.0\\bin\Debug\ /LIBPATH:E:\code2.0\\jni\lib\ogre\debug /LIBPATH:E:\code2.0\\jni\lib\boost /LIBPATH:C:\Qt\4.8.6\lib qtmaind.lib QtDesignerd4.lib QtCored4.lib QtGuid4.lib OgreMain_d.lib VR_SpatialObject_d.lib VR_SpatialInterface_d.lib VR_Core_d.lib VR_GeneralUI_d.lib VR_ProjectManager_d.lib VR_SceneControl_d.lib VR_Geometry_d.lib VR_DatabaseEngine_d.lib kernel32.lib user32.lib gdi32.lib winspool.lib comdlg32.lib advapi32.lib shell32.lib ole32.lib oleaut32.lib uuid.lib odbc32.lib odbccp32.lib /MANIFEST /ManifestFile:"Debug\VRSceneTreeWidget_d.dll.intermediate.manifest" /MANIFESTUAC:"level='asInvoker' uiAccess='false'" /DEBUG /PDB:"E:\code2.0\bin\Debug\VRSceneTreeWidget_d.pdb" /SUBSYSTEM:WINDOWS /TLBID:1 /DYNAMICBASE /NXCOMPAT /IMPLIB:"E:\code2.0\\bin\Debug\VRSceneTreeWidget_d.lib" /MACHINE:X86 /DLL Debug\moc_vrscenetreewidget.obj
         Debug\moc_vrscenetreewidgetplugin.obj
         Debug\layeritem.obj
         Debug\vrscenetreewidget.obj
         Debug\vrscenetreewidgetplugin.obj
            正在创建库 E:\code2.0\\bin\Debug\VRSceneTreeWidget_d.lib 和对象 E:\code2.0\\bin\Debug\VRSceneTreeWidget_d.exp
         VRSceneTreeWidget.vcxproj -> E:\code2.0\\bin\Debug\VRSceneTreeWidget_d.dll
       Manifest:
         C:\Program Files (x86)\Microsoft SDKs\Windows\v7.0A\bin\mt.exe /nologo /verbose /out:"E:\code2.0\\bin\Debug\VRSceneTreeWidget_d.dll.manifest" /manifest Debug\VRSceneTreeWidget_d.dll.intermediate.manifest
       FinalizeBuildStatus:
         正在删除文件“Debug\VRSceneTreeWidget.unsuccessfulbuild”。
         正在对“Debug\VRSceneTreeWidget.lastbuildstate”执行 Touch 任务。
     1>已完成生成项目“E:\code2.0\jni\src\VR_Plugins\VRSceneTreeWidget\VRSceneTreeWidget.vcxproj”(build 个目标)的操作。

生成成功。

已用时间 00:00:00.48
