E:\code2.0\\bin\Debug\VR_SQLDataBaseHelper_d.dll
E:\code2.0\\bin\Debug\VR_SQLDataBaseHelper_d.dll.manifest
E:\code2.0\\bin\Debug\VR_SQLDataBaseHelper_d.ilk
E:\code2.0\\bin\Debug\VR_SQLDataBaseHelper_d.pdb
E:\CODE2.0\BIN\DEBUG\VR_SQLDATABASEHELPER_D.DLL
E:\CODE2.0\BIN\DEBUG\VR_SQLDATABASEHELPER_D.DLL.MANIFEST
E:\code2.0\bin\Debug\VR_SQLDataBaseHelper_d.exp
E:\CODE2.0\BIN\DEBUG\VR_SQLDATABASEHELPER_D.ILK
E:\code2.0\bin\Debug\VR_SQLDataBaseHelper_d.lib
E:\CODE2.0\BIN\DEBUG\VR_SQLDATABASEHELPER_D.PDB
E:\code2.0\jni\src\VR_SQLDataBaseHelper\VR_SQLDataBaseHelper\Debug\cl.command.1.tlog
E:\code2.0\jni\src\VR_SQLDataBaseHelper\VR_SQLDataBaseHelper\Debug\CL.read.1.tlog
E:\code2.0\jni\src\VR_SQLDataBaseHelper\VR_SQLDataBaseHelper\Debug\CL.write.1.tlog
E:\code2.0\jni\src\VR_SQLDataBaseHelper\VR_SQLDataBaseHelper\Debug\link.command.1.tlog
E:\code2.0\jni\src\VR_SQLDataBaseHelper\VR_SQLDataBaseHelper\Debug\link.read.1.tlog
E:\code2.0\jni\src\VR_SQLDataBaseHelper\VR_SQLDataBaseHelper\Debug\link.write.1.tlog
E:\code2.0\jni\src\VR_SQLDataBaseHelper\VR_SQLDataBaseHelper\Debug\mt.command.1.tlog
E:\code2.0\jni\src\VR_SQLDataBaseHelper\VR_SQLDataBaseHelper\Debug\mt.read.1.tlog
E:\code2.0\jni\src\VR_SQLDataBaseHelper\VR_SQLDataBaseHelper\Debug\mt.write.1.tlog
E:\code2.0\jni\src\VR_SQLDataBaseHelper\VR_SQLDataBaseHelper\Debug\vc100.idb
E:\CODE2.0\JNI\SRC\VR_SQLDATABASEHELPER\VR_SQLDATABASEHELPER\DEBUG\VC100.PDB
E:\CODE2.0\JNI\SRC\VR_SQLDATABASEHELPER\VR_SQLDATABASEHELPER\DEBUG\VR_SQLDATABASEHELPER.OBJ
E:\code2.0\jni\src\VR_SQLDataBaseHelper\VR_SQLDataBaseHelper\Debug\VR_SQLDataBaseHelper.write.1.tlog
E:\CODE2.0\JNI\SRC\VR_SQLDATABASEHELPER\VR_SQLDATABASEHELPER\DEBUG\VR_SQLDATABASEHELPER_D.DLL.INTERMEDIATE.MANIFEST
