E:\code2.0\\bin\Release\VR_Geometry.dll
E:\code2.0\\bin\Release\VR_Geometry.pdb
E:\CODE2.0\BIN\RELEASE\VR_GEOMETRY.DLL
E:\code2.0\bin\Release\VR_Geometry.exp
E:\code2.0\bin\Release\VR_Geometry.lib
E:\CODE2.0\BIN\RELEASE\VR_GEOMETRY.PDB
E:\code2.0\jni\src\VR_Geometry\Release\cl.command.1.tlog
E:\code2.0\jni\src\VR_Geometry\Release\CL.read.1.tlog
E:\code2.0\jni\src\VR_Geometry\Release\CL.write.1.tlog
E:\CODE2.0\JNI\SRC\VR_GEOMETRY\RELEASE\COALSEAM.OBJ
E:\CODE2.0\JNI\SRC\VR_GEOMETRY\RELEASE\CYLINDER.OBJ
E:\CODE2.0\JNI\SRC\VR_GEOMETRY\RELEASE\DRILLHOLE.OBJ
E:\CODE2.0\JNI\SRC\VR_GEOMETRY\RELEASE\FAULT.OBJ
E:\CODE2.0\JNI\SRC\VR_GEOMETRY\RELEASE\LANEWAY.OBJ
E:\CODE2.0\JNI\SRC\VR_GEOMETRY\RELEASE\LINE.OBJ
E:\code2.0\jni\src\VR_Geometry\Release\link.command.1.tlog
E:\code2.0\jni\src\VR_Geometry\Release\link.read.1.tlog
E:\code2.0\jni\src\VR_Geometry\Release\link.write.1.tlog
E:\CODE2.0\JNI\SRC\VR_GEOMETRY\RELEASE\MINE.OBJ
E:\CODE2.0\JNI\SRC\VR_GEOMETRY\RELEASE\MININGAREA.OBJ
E:\code2.0\jni\src\VR_Geometry\Release\mt.command.1.tlog
E:\code2.0\jni\src\VR_Geometry\Release\mt.read.1.tlog
E:\code2.0\jni\src\VR_Geometry\Release\mt.write.1.tlog
E:\CODE2.0\JNI\SRC\VR_GEOMETRY\RELEASE\POINT.OBJ
E:\CODE2.0\JNI\SRC\VR_GEOMETRY\RELEASE\POLYGON.OBJ
E:\CODE2.0\JNI\SRC\VR_GEOMETRY\RELEASE\SURFACE.OBJ
E:\CODE2.0\JNI\SRC\VR_GEOMETRY\RELEASE\TERRANE.OBJ
E:\CODE2.0\JNI\SRC\VR_GEOMETRY\RELEASE\VC100.PDB
E:\CODE2.0\JNI\SRC\VR_GEOMETRY\RELEASE\VR_GEOMETRY.DLL.INTERMEDIATE.MANIFEST
E:\code2.0\jni\src\VR_Geometry\Release\VR_Geometry.vcxprojResolveAssemblyReference.cache
E:\code2.0\jni\src\VR_Geometry\Release\VR_Geometry.write.1.tlog
E:\CODE2.0\JNI\SRC\VR_GEOMETRY\RELEASE\WORKINGPLANE.OBJ
