生成启动时间为 15-9-4 13:21:50。
     1>项目“E:\code2.0\jni\src\VR_Geometry\VR_Geometry.vcxproj”在节点 5 上(build 个目标)。
     1>InitializeBuildStatus:
         正在创建“Release\VR_Geometry.unsuccessfulbuild”，因为已指定“AlwaysCreate”。
       ClCompile:
         所有输出均为最新。
       Link:
         C:\Program Files (x86)\Microsoft Visual Studio 10.0\VC\bin\link.exe /ERRORREPORT:PROMPT /OUT:"E:\code2.0\\bin\Release\VR_Geometry.dll" /INCREMENTAL:NO /NOLOGO /LIBPATH:E:\code2.0\\bin\Release\ /LIBPATH:E:\code2.0\\jni\lib\ogre\release /LIBPATH:E:\code2.0\\jni\lib\boost VR_Core.lib OgreMain.lib VR_MathEngine.lib VR_SpatialInterface.lib kernel32.lib user32.lib gdi32.lib winspool.lib comdlg32.lib advapi32.lib shell32.lib ole32.lib oleaut32.lib uuid.lib odbc32.lib odbccp32.lib /MANIFEST /ManifestFile:"Release\VR_Geometry.dll.intermediate.manifest" /MANIFESTUAC:"level='asInvoker' uiAccess='false'" /PDB:"E:\code2.0\bin\Release\VR_Geometry.pdb" /SUBSYSTEM:WINDOWS /OPT:REF /OPT:ICF /LTCG /TLBID:1 /DYNAMICBASE /NXCOMPAT /IMPLIB:"E:\code2.0\\bin\Release\VR_Geometry.lib" /MACHINE:X86 /DLL Release\coalseam.obj
         Release\cylinder.obj
         Release\drillhole.obj
         Release\fault.obj
         Release\laneway.obj
         Release\line.obj
         Release\mine.obj
         Release\miningarea.obj
         Release\point.obj
         Release\polygon.obj
         Release\surface.obj
         Release\terrane.obj
         Release\workingplane.obj
            正在创建库 E:\code2.0\\bin\Release\VR_Geometry.lib 和对象 E:\code2.0\\bin\Release\VR_Geometry.exp
         正在生成代码
     1>e:\code2.0\jni\src\vr_geometry\laneway.cpp(432): warning C4715: “VirtualMine::Geometry::CLaneWayLineGeometry::getNode”: 不是所有的控件路径都返回值
         已完成代码的生成
         VR_Geometry.vcxproj -> E:\code2.0\\bin\Release\VR_Geometry.dll
       Manifest:
         C:\Program Files (x86)\Microsoft SDKs\Windows\v7.0A\bin\mt.exe /nologo /verbose /outputresource:"E:\code2.0\\bin\Release\VR_Geometry.dll;#2" /manifest Release\VR_Geometry.dll.intermediate.manifest
       FinalizeBuildStatus:
         正在删除文件“Release\VR_Geometry.unsuccessfulbuild”。
         正在对“Release\VR_Geometry.lastbuildstate”执行 Touch 任务。
     1>已完成生成项目“E:\code2.0\jni\src\VR_Geometry\VR_Geometry.vcxproj”(build 个目标)的操作。

生成成功。

已用时间 00:00:56.15
