E:\code2.0\\bin\Debug\VR_Solutions_d.dll
E:\code2.0\\bin\Debug\VR_Solutions_d.dll.manifest
E:\code2.0\\bin\Debug\VR_Solutions_d.ilk
E:\code2.0\\bin\Debug\VR_Solutions_d.pdb
E:\CODE2.0\BIN\DEBUG\VR_SOLUTIONS_D.DLL
E:\CODE2.0\BIN\DEBUG\VR_SOLUTIONS_D.DLL.MANIFEST
E:\code2.0\bin\Debug\VR_Solutions_d.exp
E:\CODE2.0\BIN\DEBUG\VR_SOLUTIONS_D.ILK
E:\code2.0\bin\Debug\VR_Solutions_d.lib
E:\CODE2.0\BIN\DEBUG\VR_SOLUTIONS_D.PDB
E:\code2.0\jni\src\VR_Solutions\Debug\cl.command.1.tlog
E:\code2.0\jni\src\VR_Solutions\Debug\CL.read.1.tlog
E:\code2.0\jni\src\VR_Solutions\Debug\CL.write.1.tlog
E:\code2.0\jni\src\VR_Solutions\Debug\link.11472.read.1.tlog
E:\code2.0\jni\src\VR_Solutions\Debug\link.11472.write.1.tlog
E:\code2.0\jni\src\VR_Solutions\Debug\link.11964.read.1.tlog
E:\code2.0\jni\src\VR_Solutions\Debug\link.11964.write.1.tlog
E:\code2.0\jni\src\VR_Solutions\Debug\link.12196.read.1.tlog
E:\code2.0\jni\src\VR_Solutions\Debug\link.12196.write.1.tlog
E:\code2.0\jni\src\VR_Solutions\Debug\link.12508.read.1.tlog
E:\code2.0\jni\src\VR_Solutions\Debug\link.12508.write.1.tlog
E:\code2.0\jni\src\VR_Solutions\Debug\link.12580.read.1.tlog
E:\code2.0\jni\src\VR_Solutions\Debug\link.12580.write.1.tlog
E:\code2.0\jni\src\VR_Solutions\Debug\link.13792.read.1.tlog
E:\code2.0\jni\src\VR_Solutions\Debug\link.13792.write.1.tlog
E:\code2.0\jni\src\VR_Solutions\Debug\link.14036.read.1.tlog
E:\code2.0\jni\src\VR_Solutions\Debug\link.14036.write.1.tlog
E:\code2.0\jni\src\VR_Solutions\Debug\link.14304.read.1.tlog
E:\code2.0\jni\src\VR_Solutions\Debug\link.14304.write.1.tlog
E:\code2.0\jni\src\VR_Solutions\Debug\link.14396.read.1.tlog
E:\code2.0\jni\src\VR_Solutions\Debug\link.14396.write.1.tlog
E:\code2.0\jni\src\VR_Solutions\Debug\link.14676.read.1.tlog
E:\code2.0\jni\src\VR_Solutions\Debug\link.14676.write.1.tlog
E:\code2.0\jni\src\VR_Solutions\Debug\link.15256.read.1.tlog
E:\code2.0\jni\src\VR_Solutions\Debug\link.15256.write.1.tlog
E:\code2.0\jni\src\VR_Solutions\Debug\link.15388.read.1.tlog
E:\code2.0\jni\src\VR_Solutions\Debug\link.15388.write.1.tlog
E:\code2.0\jni\src\VR_Solutions\Debug\link.17628.read.1.tlog
E:\code2.0\jni\src\VR_Solutions\Debug\link.17628.write.1.tlog
E:\code2.0\jni\src\VR_Solutions\Debug\link.17700.read.1.tlog
E:\code2.0\jni\src\VR_Solutions\Debug\link.17700.write.1.tlog
E:\code2.0\jni\src\VR_Solutions\Debug\link.18016.read.1.tlog
E:\code2.0\jni\src\VR_Solutions\Debug\link.18016.write.1.tlog
E:\code2.0\jni\src\VR_Solutions\Debug\link.19572.read.1.tlog
E:\code2.0\jni\src\VR_Solutions\Debug\link.19572.write.1.tlog
E:\code2.0\jni\src\VR_Solutions\Debug\link.20796.read.1.tlog
E:\code2.0\jni\src\VR_Solutions\Debug\link.20796.write.1.tlog
E:\code2.0\jni\src\VR_Solutions\Debug\link.22172.read.1.tlog
E:\code2.0\jni\src\VR_Solutions\Debug\link.22172.write.1.tlog
E:\code2.0\jni\src\VR_Solutions\Debug\link.23128.read.1.tlog
E:\code2.0\jni\src\VR_Solutions\Debug\link.23128.write.1.tlog
E:\code2.0\jni\src\VR_Solutions\Debug\link.23504.read.1.tlog
E:\code2.0\jni\src\VR_Solutions\Debug\link.23504.write.1.tlog
E:\code2.0\jni\src\VR_Solutions\Debug\link.24420.read.1.tlog
E:\code2.0\jni\src\VR_Solutions\Debug\link.24420.write.1.tlog
E:\code2.0\jni\src\VR_Solutions\Debug\link.29620.read.1.tlog
E:\code2.0\jni\src\VR_Solutions\Debug\link.29620.write.1.tlog
E:\code2.0\jni\src\VR_Solutions\Debug\link.3052.read.1.tlog
E:\code2.0\jni\src\VR_Solutions\Debug\link.3052.write.1.tlog
E:\code2.0\jni\src\VR_Solutions\Debug\link.32408.read.1.tlog
E:\code2.0\jni\src\VR_Solutions\Debug\link.32408.write.1.tlog
E:\code2.0\jni\src\VR_Solutions\Debug\link.35540.read.1.tlog
E:\code2.0\jni\src\VR_Solutions\Debug\link.35540.write.1.tlog
E:\code2.0\jni\src\VR_Solutions\Debug\link.36184.read.1.tlog
E:\code2.0\jni\src\VR_Solutions\Debug\link.36184.write.1.tlog
E:\code2.0\jni\src\VR_Solutions\Debug\link.3628.read.1.tlog
E:\code2.0\jni\src\VR_Solutions\Debug\link.3628.write.1.tlog
E:\code2.0\jni\src\VR_Solutions\Debug\link.4480.read.1.tlog
E:\code2.0\jni\src\VR_Solutions\Debug\link.4480.write.1.tlog
E:\code2.0\jni\src\VR_Solutions\Debug\link.45832.read.1.tlog
E:\code2.0\jni\src\VR_Solutions\Debug\link.45832.write.1.tlog
E:\code2.0\jni\src\VR_Solutions\Debug\link.4948.read.1.tlog
E:\code2.0\jni\src\VR_Solutions\Debug\link.4948.write.1.tlog
E:\code2.0\jni\src\VR_Solutions\Debug\link.4952.read.1.tlog
E:\code2.0\jni\src\VR_Solutions\Debug\link.4952.write.1.tlog
E:\code2.0\jni\src\VR_Solutions\Debug\link.6948.read.1.tlog
E:\code2.0\jni\src\VR_Solutions\Debug\link.6948.write.1.tlog
E:\code2.0\jni\src\VR_Solutions\Debug\link.7940.read.1.tlog
E:\code2.0\jni\src\VR_Solutions\Debug\link.7940.write.1.tlog
E:\code2.0\jni\src\VR_Solutions\Debug\link.8596.read.1.tlog
E:\code2.0\jni\src\VR_Solutions\Debug\link.8596.write.1.tlog
E:\code2.0\jni\src\VR_Solutions\Debug\link.9224.read.1.tlog
E:\code2.0\jni\src\VR_Solutions\Debug\link.9224.write.1.tlog
E:\code2.0\jni\src\VR_Solutions\Debug\link.9620.read.1.tlog
E:\code2.0\jni\src\VR_Solutions\Debug\link.9620.write.1.tlog
E:\code2.0\jni\src\VR_Solutions\Debug\link.command.1.tlog
E:\code2.0\jni\src\VR_Solutions\Debug\link.read.1.tlog
E:\code2.0\jni\src\VR_Solutions\Debug\link.write.1.tlog
E:\CODE2.0\JNI\SRC\VR_SOLUTIONS\DEBUG\MINESAFETYSOLUTION.OBJ
E:\code2.0\jni\src\VR_Solutions\Debug\mt.command.1.tlog
E:\code2.0\jni\src\VR_Solutions\Debug\mt.read.1.tlog
E:\code2.0\jni\src\VR_Solutions\Debug\mt.write.1.tlog
E:\code2.0\jni\src\VR_Solutions\Debug\vc100.idb
E:\CODE2.0\JNI\SRC\VR_SOLUTIONS\DEBUG\VC100.PDB
E:\code2.0\jni\src\VR_Solutions\Debug\VR_Solutions.write.1.tlog
E:\CODE2.0\JNI\SRC\VR_SOLUTIONS\DEBUG\VR_SOLUTIONS_D.DLL.INTERMEDIATE.MANIFEST
