E:\code2.0\\bin\Debug\VRDataSourceTreeWidget_d.dll
E:\code2.0\\bin\Debug\VRDataSourceTreeWidget_d.ilk
E:\code2.0\\bin\Debug\VRDataSourceTreeWidget_d.pdb
E:\CODE2.0\BIN\DEBUG\VRDATASOURCETREEWIDGET_D.DLL
E:\code2.0\bin\Debug\VRDataSourceTreeWidget_d.exp
E:\CODE2.0\BIN\DEBUG\VRDATASOURCETREEWIDGET_D.ILK
E:\code2.0\bin\Debug\VRDataSourceTreeWidget_d.lib
E:\CODE2.0\BIN\DEBUG\VRDATASOURCETREEWIDGET_D.PDB
E:\code2.0\jni\src\VR_Plugins\VR_DataSourceTreeWidget\Debug\cl.command.1.tlog
E:\code2.0\jni\src\VR_Plugins\VR_DataSourceTreeWidget\Debug\CL.read.1.tlog
E:\code2.0\jni\src\VR_Plugins\VR_DataSourceTreeWidget\Debug\CL.write.1.tlog
E:\code2.0\jni\src\VR_Plugins\VR_DataSourceTreeWidget\Debug\custombuild.command.1.tlog
E:\code2.0\jni\src\VR_Plugins\VR_DataSourceTreeWidget\Debug\custombuild.read.1.tlog
E:\code2.0\jni\src\VR_Plugins\VR_DataSourceTreeWidget\Debug\custombuild.write.1.tlog
E:\code2.0\jni\src\VR_Plugins\VR_DataSourceTreeWidget\Debug\link.command.1.tlog
E:\code2.0\jni\src\VR_Plugins\VR_DataSourceTreeWidget\Debug\link.read.1.tlog
E:\code2.0\jni\src\VR_Plugins\VR_DataSourceTreeWidget\Debug\link.write.1.tlog
E:\CODE2.0\JNI\SRC\VR_PLUGINS\VR_DATASOURCETREEWIDGET\DEBUG\MOC_VRDATASOURCETREEWIDGET.OBJ
E:\CODE2.0\JNI\SRC\VR_PLUGINS\VR_DATASOURCETREEWIDGET\DEBUG\MOC_VRDATASOURCETREEWIDGETPLUGIN.OBJ
E:\code2.0\jni\src\VR_Plugins\VR_DataSourceTreeWidget\Debug\mt.command.1.tlog
E:\code2.0\jni\src\VR_Plugins\VR_DataSourceTreeWidget\Debug\mt.read.1.tlog
E:\code2.0\jni\src\VR_Plugins\VR_DataSourceTreeWidget\Debug\mt.write.1.tlog
E:\CODE2.0\JNI\SRC\VR_PLUGINS\VR_DATASOURCETREEWIDGET\DEBUG\VC100.PDB
E:\CODE2.0\JNI\SRC\VR_PLUGINS\VR_DATASOURCETREEWIDGET\DEBUG\VRDATASOURCETREEWIDGET.OBJ
E:\code2.0\jni\src\VR_Plugins\VR_DataSourceTreeWidget\Debug\VRDataSourceTreeWidget.write.1.tlog
E:\CODE2.0\JNI\SRC\VR_PLUGINS\VR_DATASOURCETREEWIDGET\DEBUG\VRDATASOURCETREEWIDGET_D.DLL.INTERMEDIATE.MANIFEST
E:\CODE2.0\JNI\SRC\VR_PLUGINS\VR_DATASOURCETREEWIDGET\DEBUG\VRDATASOURCETREEWIDGETPLUGIN.OBJ
E:\CODE2.0\JNI\SRC\VR_PLUGINS\VR_DATASOURCETREEWIDGET\GENERATEDFILES\DEBUG\MOC_VRDATASOURCETREEWIDGET.CPP
E:\CODE2.0\JNI\SRC\VR_PLUGINS\VR_DATASOURCETREEWIDGET\GENERATEDFILES\DEBUG\MOC_VRDATASOURCETREEWIDGETPLUGIN.CPP
