E:\code2.0\\bin\Debug\VR_CoordinateSystem_d.dll
E:\code2.0\\bin\Debug\VR_CoordinateSystem_d.dll.manifest
E:\code2.0\\bin\Debug\VR_CoordinateSystem_d.ilk
E:\code2.0\\bin\Debug\VR_CoordinateSystem_d.pdb
E:\CODE2.0\BIN\DEBUG\VR_COORDINATESYSTEM_D.DLL
E:\CODE2.0\BIN\DEBUG\VR_COORDINATESYSTEM_D.DLL.MANIFEST
E:\code2.0\bin\Debug\VR_CoordinateSystem_d.exp
E:\CODE2.0\BIN\DEBUG\VR_COORDINATESYSTEM_D.ILK
E:\code2.0\bin\Debug\VR_CoordinateSystem_d.lib
E:\CODE2.0\BIN\DEBUG\VR_COORDINATESYSTEM_D.PDB
E:\code2.0\jni\src\VR_CoordinateSystem\Debug\cl.command.1.tlog
E:\code2.0\jni\src\VR_CoordinateSystem\Debug\CL.read.1.tlog
E:\code2.0\jni\src\VR_CoordinateSystem\Debug\CL.write.1.tlog
E:\CODE2.0\JNI\SRC\VR_COORDINATESYSTEM\DEBUG\COORDINATECALCULATOR.OBJ
E:\CODE2.0\JNI\SRC\VR_COORDINATESYSTEM\DEBUG\COORTRANS.OBJ
E:\code2.0\jni\src\VR_CoordinateSystem\Debug\link.14360.read.1.tlog
E:\code2.0\jni\src\VR_CoordinateSystem\Debug\link.14360.write.1.tlog
E:\code2.0\jni\src\VR_CoordinateSystem\Debug\link.19444.read.1.tlog
E:\code2.0\jni\src\VR_CoordinateSystem\Debug\link.19444.write.1.tlog
E:\code2.0\jni\src\VR_CoordinateSystem\Debug\link.25464.read.1.tlog
E:\code2.0\jni\src\VR_CoordinateSystem\Debug\link.25464.write.1.tlog
E:\code2.0\jni\src\VR_CoordinateSystem\Debug\link.command.1.tlog
E:\code2.0\jni\src\VR_CoordinateSystem\Debug\link.read.1.tlog
E:\code2.0\jni\src\VR_CoordinateSystem\Debug\link.write.1.tlog
E:\code2.0\jni\src\VR_CoordinateSystem\Debug\mt.command.1.tlog
E:\code2.0\jni\src\VR_CoordinateSystem\Debug\mt.read.1.tlog
E:\code2.0\jni\src\VR_CoordinateSystem\Debug\mt.write.1.tlog
E:\CODE2.0\JNI\SRC\VR_COORDINATESYSTEM\DEBUG\SPATIALREFERENCE.OBJ
E:\CODE2.0\JNI\SRC\VR_COORDINATESYSTEM\DEBUG\SPATIALREFERENCEFACTORY.OBJ
E:\code2.0\jni\src\VR_CoordinateSystem\Debug\vc100.idb
E:\CODE2.0\JNI\SRC\VR_COORDINATESYSTEM\DEBUG\VC100.PDB
E:\code2.0\jni\src\VR_CoordinateSystem\Debug\VR_CoordinateSystem.write.1.tlog
E:\CODE2.0\JNI\SRC\VR_COORDINATESYSTEM\DEBUG\VR_COORDINATESYSTEM_D.DLL.INTERMEDIATE.MANIFEST
