生成启动时间为 2015/8/1 19:53:06。
     1>项目“E:\vr_mine_2_0\20150705\code\VR_Application\VR_Application.vcxproj”在节点 2 上(build 个目标)。
     1>InitializeBuildStatus:
         正在对“Release\VR_Application.unsuccessfulbuild”执行 Touch 任务。
       CustomBuild:
         Moc'ing vr_application.h...
         Uic'ing vr_application.ui...
       ClCompile:
         C:\Program Files\Microsoft Visual Studio 10.0\VC\bin\CL.exe /c /I.\GeneratedFiles /I. /IC:\Qt\4.8.6\include /I.\GeneratedFiles\Release /IC:\Qt\4.8.6\include\QtCore /IC:\Qt\4.8.6\include\QtGui /IE:\vr_mine_2_0\20150705\code\\jni\include /IE:\vr_mine_2_0\20150705\code\\jni\include\boost /nologo /W1 /WX- /O2 /Oy- /D UNICODE /D WIN32 /D QT_DLL /D QT_NO_DEBUG /D NDEBUG /D QT_CORE_LIB /D QT_GUI_LIB /Gm- /EHsc /MD /GS /fp:precise /Zc:wchar_t- /Zc:forScope /Fo"Release\\" /Fd"Release\vc100.pdb" /Gd /TP /analyze- /errorReport:prompt GeneratedFiles\qrc_vr_application.cpp
         qrc_vr_application.cpp
         C:\Program Files\Microsoft Visual Studio 10.0\VC\bin\CL.exe /c /I.\GeneratedFiles /I. /IC:\Qt\4.8.6\include /I.\GeneratedFiles\Release /IC:\Qt\4.8.6\include\QtCore /IC:\Qt\4.8.6\include\QtGui /IE:\vr_mine_2_0\20150705\code\\jni\include /IE:\vr_mine_2_0\20150705\code\\jni\include\boost /nologo /W1 /WX- /O2 /Oy- /D UNICODE /D WIN32 /D QT_DLL /D QT_NO_DEBUG /D NDEBUG /D QT_CORE_LIB /D QT_GUI_LIB /Gm- /EHsc /MD /GS /fp:precise /Zc:wchar_t- /Zc:forScope /Fo"Release\\" /Fd"Release\vc100.pdb" /Gd /TP /analyze- /errorReport:prompt GeneratedFiles\Release\moc_vr_application.cpp main.cpp vr_application.cpp
         moc_vr_application.cpp
     1>.\GeneratedFiles\ui_vr_application.h(27): fatal error C1083: 无法打开包括文件:“vr_mapcontrolwidget.h”: No such file or directory
         main.cpp
     1>.\GeneratedFiles\ui_vr_application.h(27): fatal error C1083: 无法打开包括文件:“vr_mapcontrolwidget.h”: No such file or directory
         vr_application.cpp
     1>.\GeneratedFiles\ui_vr_application.h(27): fatal error C1083: 无法打开包括文件:“vr_mapcontrolwidget.h”: No such file or directory
         正在生成代码...
     1>已完成生成项目“E:\vr_mine_2_0\20150705\code\VR_Application\VR_Application.vcxproj”(build 个目标)的操作 - 失败。

生成失败。

已用时间 00:00:03.83
