E:\code2.0\\bin\Debug\VRMapControlWidget_ForQt.pdb
E:\CODE2.0\BIN\DEBUG\VRMAPCONTROLWIDGET.DLL
E:\CODE2.0\BIN\DEBUG\VRMAPCONTROLWIDGET.ILK
E:\code2.0\bin\Debug\VRMapControlWidget_ForQt.exp
E:\code2.0\bin\Debug\VRMapControlWidget_ForQt.lib
E:\CODE2.0\BIN\DEBUG\VRMAPCONTROLWIDGET_FORQT.PDB
E:\code2.0\jni\src\VR_PluginsForQT\VR_MapControlWidget\Debug\cl.command.1.tlog
E:\code2.0\jni\src\VR_PluginsForQT\VR_MapControlWidget\Debug\CL.read.1.tlog
E:\code2.0\jni\src\VR_PluginsForQT\VR_MapControlWidget\Debug\CL.write.1.tlog
E:\code2.0\jni\src\VR_PluginsForQT\VR_MapControlWidget\Debug\custombuild.command.1.tlog
E:\code2.0\jni\src\VR_PluginsForQT\VR_MapControlWidget\Debug\custombuild.read.1.tlog
E:\code2.0\jni\src\VR_PluginsForQT\VR_MapControlWidget\Debug\custombuild.write.1.tlog
E:\code2.0\jni\src\VR_PluginsForQT\VR_MapControlWidget\Debug\link.command.1.tlog
E:\code2.0\jni\src\VR_PluginsForQT\VR_MapControlWidget\Debug\link.read.1.tlog
E:\code2.0\jni\src\VR_PluginsForQT\VR_MapControlWidget\Debug\link.write.1.tlog
E:\CODE2.0\JNI\SRC\VR_PLUGINSFORQT\VR_MAPCONTROLWIDGET\DEBUG\MOC_VR_MAPCONTROLWIDGET.OBJ
E:\CODE2.0\JNI\SRC\VR_PLUGINSFORQT\VR_MAPCONTROLWIDGET\DEBUG\MOC_VR_MAPCONTROLWIDGETPLUGIN.OBJ
E:\code2.0\jni\src\VR_PluginsForQT\VR_MapControlWidget\Debug\mt.command.1.tlog
E:\code2.0\jni\src\VR_PluginsForQT\VR_MapControlWidget\Debug\mt.read.1.tlog
E:\code2.0\jni\src\VR_PluginsForQT\VR_MapControlWidget\Debug\mt.write.1.tlog
E:\CODE2.0\JNI\SRC\VR_PLUGINSFORQT\VR_MAPCONTROLWIDGET\DEBUG\VC100.PDB
E:\CODE2.0\JNI\SRC\VR_PLUGINSFORQT\VR_MAPCONTROLWIDGET\DEBUG\VR_MAPCONTROLWIDGET.OBJ
E:\CODE2.0\JNI\SRC\VR_PLUGINSFORQT\VR_MAPCONTROLWIDGET\DEBUG\VR_MAPCONTROLWIDGETPLUGIN.OBJ
E:\code2.0\jni\src\VR_PluginsForQT\VR_MapControlWidget\Debug\VRMapControlWidget.write.1.tlog
E:\CODE2.0\JNI\SRC\VR_PLUGINSFORQT\VR_MAPCONTROLWIDGET\DEBUG\VRMAPCONTROLWIDGET_FORQT.DLL.INTERMEDIATE.MANIFEST
E:\CODE2.0\JNI\SRC\VR_PLUGINSFORQT\VR_MAPCONTROLWIDGET\GENERATEDFILES\DEBUG\MOC_VR_MAPCONTROLWIDGET.CPP
E:\CODE2.0\JNI\SRC\VR_PLUGINSFORQT\VR_MAPCONTROLWIDGET\GENERATEDFILES\DEBUG\MOC_VR_MAPCONTROLWIDGETPLUGIN.CPP
