E:\code2.0\\bin\Debug\VR_SpatialObject_d.dll
E:\code2.0\\bin\Debug\VR_SpatialObject_d.dll.manifest
E:\code2.0\\bin\Debug\VR_SpatialObject_d.ilk
E:\code2.0\\bin\Debug\VR_SpatialObject_d.pdb
E:\CODE2.0\BIN\DEBUG\VR_SPATIALOBJECT_D.DLL
E:\CODE2.0\BIN\DEBUG\VR_SPATIALOBJECT_D.DLL.MANIFEST
E:\code2.0\bin\Debug\VR_SpatialObject_d.exp
E:\CODE2.0\BIN\DEBUG\VR_SPATIALOBJECT_D.ILK
E:\code2.0\bin\Debug\VR_SpatialObject_d.lib
E:\CODE2.0\BIN\DEBUG\VR_SPATIALOBJECT_D.PDB
E:\CODE2.0\JNI\SRC\VR_SPATIALOBJECT\DEBUG\CARDMODELPROPERTY.OBJ
E:\code2.0\jni\src\VR_SpatialObject\Debug\cl.command.1.tlog
E:\code2.0\jni\src\VR_SpatialObject\Debug\CL.read.1.tlog
E:\code2.0\jni\src\VR_SpatialObject\Debug\CL.write.1.tlog
E:\CODE2.0\JNI\SRC\VR_SPATIALOBJECT\DEBUG\COALSEAMOBJECT.OBJ
E:\CODE2.0\JNI\SRC\VR_SPATIALOBJECT\DEBUG\COALSEAMPROPERTY.OBJ
E:\CODE2.0\JNI\SRC\VR_SPATIALOBJECT\DEBUG\DEMOBJECT.OBJ
E:\CODE2.0\JNI\SRC\VR_SPATIALOBJECT\DEBUG\DRILLOBJECT.OBJ
E:\CODE2.0\JNI\SRC\VR_SPATIALOBJECT\DEBUG\DRILLPROPERTY.OBJ
E:\CODE2.0\JNI\SRC\VR_SPATIALOBJECT\DEBUG\FAULTOBJECT.OBJ
E:\CODE2.0\JNI\SRC\VR_SPATIALOBJECT\DEBUG\FAULTPROPERTY.OBJ
E:\CODE2.0\JNI\SRC\VR_SPATIALOBJECT\DEBUG\GEOFACTORYREGISTER.OBJ
E:\CODE2.0\JNI\SRC\VR_SPATIALOBJECT\DEBUG\GEOLINE.OBJ
E:\CODE2.0\JNI\SRC\VR_SPATIALOBJECT\DEBUG\GEOPOINT.OBJ
E:\CODE2.0\JNI\SRC\VR_SPATIALOBJECT\DEBUG\IMAGEOBJECT.OBJ
E:\CODE2.0\JNI\SRC\VR_SPATIALOBJECT\DEBUG\IMAGEPROPERTY.OBJ
E:\CODE2.0\JNI\SRC\VR_SPATIALOBJECT\DEBUG\JIANCEMODELPROPERTY.OBJ
E:\CODE2.0\JNI\SRC\VR_SPATIALOBJECT\DEBUG\LANEWAYPROPERTY.OBJ
E:\CODE2.0\JNI\SRC\VR_SPATIALOBJECT\DEBUG\LANWAYOBJECT.OBJ
E:\code2.0\jni\src\VR_SpatialObject\Debug\link.11480.read.1.tlog
E:\code2.0\jni\src\VR_SpatialObject\Debug\link.11480.write.1.tlog
E:\code2.0\jni\src\VR_SpatialObject\Debug\link.19796.read.1.tlog
E:\code2.0\jni\src\VR_SpatialObject\Debug\link.19796.write.1.tlog
E:\code2.0\jni\src\VR_SpatialObject\Debug\link.19860.read.1.tlog
E:\code2.0\jni\src\VR_SpatialObject\Debug\link.19860.write.1.tlog
E:\code2.0\jni\src\VR_SpatialObject\Debug\link.20920.read.1.tlog
E:\code2.0\jni\src\VR_SpatialObject\Debug\link.20920.write.1.tlog
E:\code2.0\jni\src\VR_SpatialObject\Debug\link.22208.read.1.tlog
E:\code2.0\jni\src\VR_SpatialObject\Debug\link.22208.write.1.tlog
E:\code2.0\jni\src\VR_SpatialObject\Debug\link.22952.read.1.tlog
E:\code2.0\jni\src\VR_SpatialObject\Debug\link.22952.write.1.tlog
E:\code2.0\jni\src\VR_SpatialObject\Debug\link.24424.read.1.tlog
E:\code2.0\jni\src\VR_SpatialObject\Debug\link.24424.write.1.tlog
E:\code2.0\jni\src\VR_SpatialObject\Debug\link.command.1.tlog
E:\code2.0\jni\src\VR_SpatialObject\Debug\link.read.1.tlog
E:\code2.0\jni\src\VR_SpatialObject\Debug\link.write.1.tlog
E:\CODE2.0\JNI\SRC\VR_SPATIALOBJECT\DEBUG\MINEOBJECT.OBJ
E:\CODE2.0\JNI\SRC\VR_SPATIALOBJECT\DEBUG\MINEPROPERTY.OBJ
E:\CODE2.0\JNI\SRC\VR_SPATIALOBJECT\DEBUG\MININGAREAOBJECT.OBJ
E:\CODE2.0\JNI\SRC\VR_SPATIALOBJECT\DEBUG\MININGAREAPROPERTY.OBJ
E:\CODE2.0\JNI\SRC\VR_SPATIALOBJECT\DEBUG\MODELOBJECT.OBJ
E:\CODE2.0\JNI\SRC\VR_SPATIALOBJECT\DEBUG\MODELPROPERTY.OBJ
E:\code2.0\jni\src\VR_SpatialObject\Debug\mt.command.1.tlog
E:\code2.0\jni\src\VR_SpatialObject\Debug\mt.read.1.tlog
E:\code2.0\jni\src\VR_SpatialObject\Debug\mt.write.1.tlog
E:\CODE2.0\JNI\SRC\VR_SPATIALOBJECT\DEBUG\TERRANEOBJECT.OBJ
E:\CODE2.0\JNI\SRC\VR_SPATIALOBJECT\DEBUG\TERRANEPROPERTY.OBJ
E:\code2.0\jni\src\VR_SpatialObject\Debug\vc100.idb
E:\CODE2.0\JNI\SRC\VR_SPATIALOBJECT\DEBUG\VC100.PDB
E:\code2.0\jni\src\VR_SpatialObject\Debug\VR_SpatialObject.vcxprojResolveAssemblyReference.cache
E:\code2.0\jni\src\VR_SpatialObject\Debug\VR_SpatialObject.write.1.tlog
E:\CODE2.0\JNI\SRC\VR_SPATIALOBJECT\DEBUG\VR_SPATIALOBJECT_D.DLL.INTERMEDIATE.MANIFEST
E:\CODE2.0\JNI\SRC\VR_SPATIALOBJECT\DEBUG\WORKINGPLANEOBJECT.OBJ
E:\CODE2.0\JNI\SRC\VR_SPATIALOBJECT\DEBUG\WORKINGPLANEPROPERTY.OBJ
