E:\code2.0\\bin\Debug\VR_SpatialInterface_d.dll
E:\code2.0\\bin\Debug\VR_SpatialInterface_d.dll.manifest
E:\code2.0\\bin\Debug\VR_SpatialInterface_d.ilk
E:\code2.0\\bin\Debug\VR_SpatialInterface_d.pdb
E:\CODE2.0\BIN\DEBUG\VR_SPATIALINTERFACE_D.DLL
E:\CODE2.0\BIN\DEBUG\VR_SPATIALINTERFACE_D.DLL.MANIFEST
E:\code2.0\bin\Debug\VR_SpatialInterface_d.exp
E:\CODE2.0\BIN\DEBUG\VR_SPATIALINTERFACE_D.ILK
E:\code2.0\bin\Debug\VR_SpatialInterface_d.lib
E:\CODE2.0\BIN\DEBUG\VR_SPATIALINTERFACE_D.PDB
E:\code2.0\jni\src\VR_SpatialInterface\Debug\cl.command.1.tlog
E:\code2.0\jni\src\VR_SpatialInterface\Debug\CL.read.1.tlog
E:\code2.0\jni\src\VR_SpatialInterface\Debug\CL.write.1.tlog
E:\CODE2.0\JNI\SRC\VR_SPATIALINTERFACE\DEBUG\EVENTOBJECT.OBJ
E:\CODE2.0\JNI\SRC\VR_SPATIALINTERFACE\DEBUG\IGEOFACTORY.OBJ
E:\CODE2.0\JNI\SRC\VR_SPATIALINTERFACE\DEBUG\IGEOMESHCREATOR.OBJ
E:\CODE2.0\JNI\SRC\VR_SPATIALINTERFACE\DEBUG\IGEOMETRY.OBJ
E:\CODE2.0\JNI\SRC\VR_SPATIALINTERFACE\DEBUG\IGEOOBJECT.OBJ
E:\CODE2.0\JNI\SRC\VR_SPATIALINTERFACE\DEBUG\IGEOPROPERTY.OBJ
E:\CODE2.0\JNI\SRC\VR_SPATIALINTERFACE\DEBUG\ILAYER.OBJ
E:\CODE2.0\JNI\SRC\VR_SPATIALINTERFACE\DEBUG\IRENDERABLEOBJECT.OBJ
E:\CODE2.0\JNI\SRC\VR_SPATIALINTERFACE\DEBUG\ISCENE.OBJ
E:\CODE2.0\JNI\SRC\VR_SPATIALINTERFACE\DEBUG\ISPATIALREFERENCE.OBJ
E:\CODE2.0\JNI\SRC\VR_SPATIALINTERFACE\DEBUG\ISTYLE.OBJ
E:\CODE2.0\JNI\SRC\VR_SPATIALINTERFACE\DEBUG\ITOOL.OBJ
E:\CODE2.0\JNI\SRC\VR_SPATIALINTERFACE\DEBUG\IWIDGET.OBJ
E:\code2.0\jni\src\VR_SpatialInterface\Debug\link.10020.read.1.tlog
E:\code2.0\jni\src\VR_SpatialInterface\Debug\link.10020.write.1.tlog
E:\code2.0\jni\src\VR_SpatialInterface\Debug\link.21904.read.1.tlog
E:\code2.0\jni\src\VR_SpatialInterface\Debug\link.21904.write.1.tlog
E:\code2.0\jni\src\VR_SpatialInterface\Debug\link.26528.read.1.tlog
E:\code2.0\jni\src\VR_SpatialInterface\Debug\link.26528.write.1.tlog
E:\code2.0\jni\src\VR_SpatialInterface\Debug\link.command.1.tlog
E:\code2.0\jni\src\VR_SpatialInterface\Debug\link.read.1.tlog
E:\code2.0\jni\src\VR_SpatialInterface\Debug\link.write.1.tlog
E:\code2.0\jni\src\VR_SpatialInterface\Debug\mt.command.1.tlog
E:\code2.0\jni\src\VR_SpatialInterface\Debug\mt.read.1.tlog
E:\code2.0\jni\src\VR_SpatialInterface\Debug\mt.write.1.tlog
E:\CODE2.0\JNI\SRC\VR_SPATIALINTERFACE\DEBUG\PARAMETER .OBJ
E:\code2.0\jni\src\VR_SpatialInterface\Debug\vc100.idb
E:\CODE2.0\JNI\SRC\VR_SPATIALINTERFACE\DEBUG\VC100.PDB
E:\code2.0\jni\src\VR_SpatialInterface\Debug\VR_SpatialInterface.write.1.tlog
E:\CODE2.0\JNI\SRC\VR_SPATIALINTERFACE\DEBUG\VR_SPATIALINTERFACE_D.DLL.INTERMEDIATE.MANIFEST
